{"meta": {"format": 3, "version": "7.11.0", "timestamp": "2025-10-28T13:01:56.460417", "branch_coverage": false, "show_contexts": false}, "files": {"src/asciidoc_artisan/__init__.py": {"executed_lines": [1, 72, 78, 93, 99, 101], "summary": {"covered_lines": 5, "num_statements": 5, "percent_covered": 100.0, "percent_covered_display": "100", "missing_lines": 0, "excluded_lines": 0}, "missing_lines": [], "excluded_lines": [], "functions": {"": {"executed_lines": [1, 72, 78, 93, 99, 101], "summary": {"covered_lines": 5, "num_statements": 5, "percent_covered": 100.0, "percent_covered_display": "100", "missing_lines": 0, "excluded_lines": 0}, "missing_lines": [], "excluded_lines": []}}, "classes": {"": {"executed_lines": [1, 72, 78, 93, 99, 101], "summary": {"covered_lines": 5, "num_statements": 5, "percent_covered": 100.0, "percent_covered_display": "100", "missing_lines": 0, "excluded_lines": 0}, "missing_lines": [], "excluded_lines": []}}}, "src/asciidoc_artisan/claude/__init__.py": {"executed_lines": [], "summary": {"covered_lines": 0, "num_statements": 0, "percent_covered": 100.0, "percent_covered_display": "100", "missing_lines": 0, "excluded_lines": 0}, "missing_lines": [], "excluded_lines": [], "functions": {"": {"executed_lines": [], "summary": {"covered_lines": 0, "num_statements": 0, "percent_covered": 100.0, "percent_covered_display": "100", "missing_lines": 0, "excluded_lines": 0}, "missing_lines": [], "excluded_lines": []}}, "classes": {"": {"executed_lines": [], "summary": {"covered_lines": 0, "num_statements": 0, "percent_covered": 100.0, "percent_covered_display": "100", "missing_lines": 0, "excluded_lines": 0}, "missing_lines": [], "excluded_lines": []}}}, "src/asciidoc_artisan/conversion/__init__.py": {"executed_lines": [], "summary": {"covered_lines": 0, "num_statements": 0, "percent_covered": 100.0, "percent_covered_display": "100", "missing_lines": 0, "excluded_lines": 0}, "missing_lines": [], "excluded_lines": [], "functions": {"": {"executed_lines": [], "summary": {"covered_lines": 0, "num_statements": 0, "percent_covered": 100.0, "percent_covered_display": "100", "missing_lines": 0, "excluded_lines": 0}, "missing_lines": [], "excluded_lines": []}}, "classes": {"": {"executed_lines": [], "summary": {"covered_lines": 0, "num_statements": 0, "percent_covered": 100.0, "percent_covered_display": "100", "missing_lines": 0, "excluded_lines": 0}, "missing_lines": [], "excluded_lines": []}}}, "src/asciidoc_artisan/core/__init__.py": {"executed_lines": [1, 20, 70, 73, 81, 84, 87, 88, 90], "summary": {"covered_lines": 8, "num_statements": 8, "percent_covered": 100.0, "percent_covered_display": "100", "missing_lines": 0, "excluded_lines": 0}, "missing_lines": [], "excluded_lines": [], "functions": {"": {"executed_lines": [1, 20, 70, 73, 81, 84, 87, 88, 90], "summary": {"covered_lines": 8, "num_statements": 8, "percent_covered": 100.0, "percent_covered_display": "100", "missing_lines": 0, "excluded_lines": 0}, "missing_lines": [], "excluded_lines": []}}, "classes": {"": {"executed_lines": [1, 20, 70, 73, 81, 84, 87, 88, 90], "summary": {"covered_lines": 8, "num_statements": 8, "percent_covered": 100.0, "percent_covered_display": "100", "missing_lines": 0, "excluded_lines": 0}, "missing_lines": [], "excluded_lines": []}}}, "src/asciidoc_artisan/core/adaptive_debouncer.py": {"executed_lines": [1, 26, 27, 28, 29, 31, 33, 36, 37, 38, 45, 46, 47, 50, 51, 52, 59, 60, 61, 64, 65, 66, 69, 70, 71, 74, 75, 78, 79, 82, 83, 90, 92, 93, 95, 102, 105, 106, 107, 108, 111, 112, 113, 115, 119, 120, 127, 137, 138, 140, 141, 150, 151, 174, 181, 182, 185, 186, 187, 188, 191, 192, 194, 208, 211, 212, 215, 216, 219, 220, 221, 222, 224, 225, 228, 229, 232, 233, 234, 236, 242, 244, 246, 247, 248, 249, 250, 251, 253, 255, 257, 259, 266, 268, 270, 273, 276, 282, 284, 286, 288, 290, 294, 299, 300, 302, 304, 310, 311, 312, 315, 316, 318, 325, 326, 327, 329, 336, 337, 344, 357, 359, 360, 361, 362, 363], "summary": {"covered_lines": 121, "num_statements": 130, "percent_covered": 93.07692307692308, "percent_covered_display": "93", "missing_lines": 9, "excluded_lines": 0}, "missing_lines": [122, 123, 125, 142, 143, 144, 145, 147, 291], "excluded_lines": [], "functions": {"SystemMonitor.__init__": {"executed_lines": [92, 93], "summary": {"covered_lines": 2, "num_statements": 2, "percent_covered": 100.0, "percent_covered_display": "100", "missing_lines": 0, "excluded_lines": 0}, "missing_lines": [], "excluded_lines": []}, "SystemMonitor.get_metrics": {"executed_lines": [102, 105, 106, 107, 108, 111, 112, 113, 115, 119, 120], "summary": {"covered_lines": 11, "num_statements": 14, "percent_covered": 78.57142857142857, "percent_covered_display": "79", "missing_lines": 3, "excluded_lines": 0}, "missing_lines": [122, 123, 125], "excluded_lines": []}, "SystemMonitor.get_cpu_load_category": {"executed_lines": [137, 138, 140, 141], "summary": {"covered_lines": 4, "num_statements": 9, "percent_covered": 44.44444444444444, "percent_covered_display": "44", "missing_lines": 5, "excluded_lines": 0}, "missing_lines": [142, 143, 144, 145, 147], "excluded_lines": []}, "AdaptiveDebouncer.__init__": {"executed_lines": [181, 182, 185, 186, 187, 188, 191, 192], "summary": {"covered_lines": 8, "num_statements": 8, "percent_covered": 100.0, "percent_covered_display": "100", "missing_lines": 0, "excluded_lines": 0}, "missing_lines": [], "excluded_lines": []}, "AdaptiveDebouncer.calculate_delay": {"executed_lines": [208, 211, 212, 215, 216, 219, 220, 221, 222, 224, 225, 228, 229, 232, 233, 234, 236, 242], "summary": {"covered_lines": 18, "num_statements": 18, "percent_covered": 100.0, "percent_covered_display": "100", "missing_lines": 0, "excluded_lines": 0}, "missing_lines": [], "excluded_lines": []}, "AdaptiveDebouncer._get_delay_for_size": {"executed_lines": [246, 247, 248, 249, 250, 251, 253], "summary": {"covered_lines": 7, "num_statements": 7, "percent_covered": 100.0, "percent_covered_display": "100", "missing_lines": 0, "excluded_lines": 0}, "missing_lines": [], "excluded_lines": []}, "AdaptiveDebouncer._get_cpu_multiplier": {"executed_lines": [257, 259, 266], "summary": {"covered_lines": 3, "num_statements": 3, "percent_covered": 100.0, "percent_covered_display": "100", "missing_lines": 0, "excluded_lines": 0}, "missing_lines": [], "excluded_lines": []}, "AdaptiveDebouncer._get_typing_multiplier": {"executed_lines": [270, 273, 276, 282, 284, 286], "summary": {"covered_lines": 6, "num_statements": 6, "percent_covered": 100.0, "percent_covered_display": "100", "missing_lines": 0, "excluded_lines": 0}, "missing_lines": [], "excluded_lines": []}, "AdaptiveDebouncer._get_render_time_multiplier": {"executed_lines": [290, 294, 299, 300, 302], "summary": {"covered_lines": 5, "num_statements": 6, "percent_covered": 83.33333333333333, "percent_covered_display": "83", "missing_lines": 1, "excluded_lines": 0}, "missing_lines": [291], "excluded_lines": []}, "AdaptiveDebouncer.on_text_changed": {"executed_lines": [310, 311, 312, 315, 316], "summary": {"covered_lines": 5, "num_statements": 5, "percent_covered": 100.0, "percent_covered_display": "100", "missing_lines": 0, "excluded_lines": 0}, "missing_lines": [], "excluded_lines": []}, "AdaptiveDebouncer.on_render_complete": {"executed_lines": [325, 326, 327], "summary": {"covered_lines": 3, "num_statements": 3, "percent_covered": 100.0, "percent_covered_display": "100", "missing_lines": 0, "excluded_lines": 0}, "missing_lines": [], "excluded_lines": []}, "AdaptiveDebouncer.get_statistics": {"executed_lines": [336, 337, 344], "summary": {"covered_lines": 3, "num_statements": 3, "percent_covered": 100.0, "percent_covered_display": "100", "missing_lines": 0, "excluded_lines": 0}, "missing_lines": [], "excluded_lines": []}, "AdaptiveDebouncer.reset": {"executed_lines": [359, 360, 361, 362, 363], "summary": {"covered_lines": 5, "num_statements": 5, "percent_covered": 100.0, "percent_covered_display": "100", "missing_lines": 0, "excluded_lines": 0}, "missing_lines": [], "excluded_lines": []}, "": {"executed_lines": [1, 26, 27, 28, 29, 31, 33, 36, 37, 38, 45, 46, 47, 50, 51, 52, 59, 60, 61, 64, 65, 66, 69, 70, 71, 74, 75, 78, 79, 82, 83, 90, 95, 127, 150, 151, 174, 194, 244, 255, 268, 288, 304, 318, 329, 357], "summary": {"covered_lines": 41, "num_statements": 41, "percent_covered": 100.0, "percent_covered_display": "100", "missing_lines": 0, "excluded_lines": 0}, "missing_lines": [], "excluded_lines": []}}, "classes": {"SystemMetrics": {"executed_lines": [], "summary": {"covered_lines": 0, "num_statements": 0, "percent_covered": 100.0, "percent_covered_display": "100", "missing_lines": 0, "excluded_lines": 0}, "missing_lines": [], "excluded_lines": []}, "DebounceConfig": {"executed_lines": [], "summary": {"covered_lines": 0, "num_statements": 0, "percent_covered": 100.0, "percent_covered_display": "100", "missing_lines": 0, "excluded_lines": 0}, "missing_lines": [], "excluded_lines": []}, "SystemMonitor": {"executed_lines": [92, 93, 102, 105, 106, 107, 108, 111, 112, 113, 115, 119, 120, 137, 138, 140, 141], "summary": {"covered_lines": 17, "num_statements": 25, "percent_covered": 68.0, "percent_covered_display": "68", "missing_lines": 8, "excluded_lines": 0}, "missing_lines": [122, 123, 125, 142, 143, 144, 145, 147], "excluded_lines": []}, "AdaptiveDebouncer": {"executed_lines": [181, 182, 185, 186, 187, 188, 191, 192, 208, 211, 212, 215, 216, 219, 220, 221, 222, 224, 225, 228, 229, 232, 233, 234, 236, 242, 246, 247, 248, 249, 250, 251, 253, 257, 259, 266, 270, 273, 276, 282, 284, 286, 290, 294, 299, 300, 302, 310, 311, 312, 315, 316, 325, 326, 327, 336, 337, 344, 359, 360, 361, 362, 363], "summary": {"covered_lines": 63, "num_statements": 64, "percent_covered": 98.4375, "percent_covered_display": "98", "missing_lines": 1, "excluded_lines": 0}, "missing_lines": [291], "excluded_lines": []}, "": {"executed_lines": [1, 26, 27, 28, 29, 31, 33, 36, 37, 38, 45, 46, 47, 50, 51, 52, 59, 60, 61, 64, 65, 66, 69, 70, 71, 74, 75, 78, 79, 82, 83, 90, 95, 127, 150, 151, 174, 194, 244, 255, 268, 288, 304, 318, 329, 357], "summary": {"covered_lines": 41, "num_statements": 41, "percent_covered": 100.0, "percent_covered_display": "100", "missing_lines": 0, "excluded_lines": 0}, "missing_lines": [], "excluded_lines": []}}}, "src/asciidoc_artisan/core/async_file_handler.py": {"executed_lines": [], "summary": {"covered_lines": 0, "num_statements": 211, "percent_covered": 0.0, "percent_covered_display": "0", "missing_lines": 211, "excluded_lines": 0}, "missing_lines": [28, 29, 30, 31, 33, 35, 38, 39, 46, 47, 48, 49, 50, 53, 80, 81, 82, 83, 84, 86, 88, 89, 90, 91, 93, 95, 107, 109, 111, 112, 113, 114, 115, 116, 119, 120, 121, 123, 127, 128, 130, 131, 132, 134, 136, 148, 150, 152, 153, 154, 157, 160, 161, 162, 164, 168, 169, 171, 172, 173, 175, 177, 190, 192, 194, 195, 196, 197, 198, 199, 202, 203, 204, 206, 209, 210, 211, 212, 213, 215, 216, 219, 222, 224, 231, 232, 234, 235, 236, 238, 240, 256, 258, 260, 261, 262, 263, 265, 266, 268, 271, 272, 273, 274, 275, 277, 278, 281, 283, 287, 288, 290, 291, 292, 294, 296, 298, 299, 300, 301, 304, 317, 325, 326, 327, 329, 331, 332, 334, 336, 337, 339, 346, 347, 349, 350, 351, 352, 353, 355, 362, 365, 379, 387, 388, 389, 390, 392, 395, 397, 398, 400, 402, 403, 405, 415, 416, 418, 419, 420, 421, 424, 445, 452, 454, 464, 466, 468, 470, 475, 476, 477, 478, 479, 480, 481, 482, 486, 487, 489, 501, 503, 505, 507, 513, 514, 515, 516, 517, 518, 519, 520, 524, 525, 527, 528, 530, 531, 532, 533, 536, 537, 539, 540, 542, 543, 544, 545, 546, 549, 550], "excluded_lines": [], "functions": {"AsyncFileHandler.__init__": {"executed_lines": [], "summary": {"covered_lines": 0, "num_statements": 5, "percent_covered": 0.0, "percent_covered_display": "0", "missing_lines": 5, "excluded_lines": 0}, "missing_lines": [88, 89, 90, 91, 93], "excluded_lines": []}, "AsyncFileHandler.read_file_async": {"executed_lines": [], "summary": {"covered_lines": 0, "num_statements": 4, "percent_covered": 0.0, "percent_covered_display": "0", "missing_lines": 4, "excluded_lines": 0}, "missing_lines": [107, 109, 111, 134], "excluded_lines": []}, "AsyncFileHandler.read_file_async.read_task": {"executed_lines": [], "summary": {"covered_lines": 0, "num_statements": 14, "percent_covered": 0.0, "percent_covered_display": "0", "missing_lines": 14, "excluded_lines": 0}, "missing_lines": [112, 113, 114, 115, 116, 119, 120, 121, 123, 127, 128, 130, 131, 132], "excluded_lines": []}, "AsyncFileHandler.write_file_async": {"executed_lines": [], "summary": {"covered_lines": 0, "num_statements": 4, "percent_covered": 0.0, "percent_covered_display": "0", "missing_lines": 4, "excluded_lines": 0}, "missing_lines": [148, 150, 152, 175], "excluded_lines": []}, "AsyncFileHandler.write_file_async.write_task": {"executed_lines": [], "summary": {"covered_lines": 0, "num_statements": 12, "percent_covered": 0.0, "percent_covered_display": "0", "missing_lines": 12, "excluded_lines": 0}, "missing_lines": [153, 154, 157, 160, 161, 162, 164, 168, 169, 171, 172, 173], "excluded_lines": []}, "AsyncFileHandler.read_file_streaming": {"executed_lines": [], "summary": {"covered_lines": 0, "num_statements": 4, "percent_covered": 0.0, "percent_covered_display": "0", "missing_lines": 4, "excluded_lines": 0}, "missing_lines": [190, 192, 194, 238], "excluded_lines": []}, "AsyncFileHandler.read_file_streaming.stream_task": {"executed_lines": [], "summary": {"covered_lines": 0, "num_statements": 24, "percent_covered": 0.0, "percent_covered_display": "0", "missing_lines": 24, "excluded_lines": 0}, "missing_lines": [195, 196, 197, 198, 199, 202, 203, 204, 206, 209, 210, 211, 212, 213, 215, 216, 219, 222, 224, 231, 232, 234, 235, 236], "excluded_lines": []}, "AsyncFileHandler.write_file_streaming": {"executed_lines": [], "summary": {"covered_lines": 0, "num_statements": 4, "percent_covered": 0.0, "percent_covered_display": "0", "missing_lines": 4, "excluded_lines": 0}, "missing_lines": [256, 258, 260, 294], "excluded_lines": []}, "AsyncFileHandler.write_file_streaming.stream_task": {"executed_lines": [], "summary": {"covered_lines": 0, "num_statements": 20, "percent_covered": 0.0, "percent_covered_display": "0", "missing_lines": 20, "excluded_lines": 0}, "missing_lines": [261, 262, 263, 265, 266, 268, 271, 272, 273, 274, 275, 277, 278, 281, 283, 287, 288, 290, 291, 292], "excluded_lines": []}, "AsyncFileHandler.cleanup": {"executed_lines": [], "summary": {"covered_lines": 0, "num_statements": 4, "percent_covered": 0.0, "percent_covered_display": "0", "missing_lines": 4, "excluded_lines": 0}, "missing_lines": [298, 299, 300, 301], "excluded_lines": []}, "FileStreamReader.__init__": {"executed_lines": [], "summary": {"covered_lines": 0, "num_statements": 3, "percent_covered": 0.0, "percent_covered_display": "0", "missing_lines": 3, "excluded_lines": 0}, "missing_lines": [325, 326, 327], "excluded_lines": []}, "FileStreamReader.__enter__": {"executed_lines": [], "summary": {"covered_lines": 0, "num_statements": 2, "percent_covered": 0.0, "percent_covered_display": "0", "missing_lines": 2, "excluded_lines": 0}, "missing_lines": [331, 332], "excluded_lines": []}, "FileStreamReader.__exit__": {"executed_lines": [], "summary": {"covered_lines": 0, "num_statements": 2, "percent_covered": 0.0, "percent_covered_display": "0", "missing_lines": 2, "excluded_lines": 0}, "missing_lines": [336, 337], "excluded_lines": []}, "FileStreamReader.read_chunks": {"executed_lines": [], "summary": {"covered_lines": 0, "num_statements": 7, "percent_covered": 0.0, "percent_covered_display": "0", "missing_lines": 7, "excluded_lines": 0}, "missing_lines": [346, 347, 349, 350, 351, 352, 353], "excluded_lines": []}, "FileStreamReader.get_file_size": {"executed_lines": [], "summary": {"covered_lines": 0, "num_statements": 1, "percent_covered": 0.0, "percent_covered_display": "0", "missing_lines": 1, "excluded_lines": 0}, "missing_lines": [362], "excluded_lines": []}, "FileStreamWriter.__init__": {"executed_lines": [], "summary": {"covered_lines": 0, "num_statements": 4, "percent_covered": 0.0, "percent_covered_display": "0", "missing_lines": 4, "excluded_lines": 0}, "missing_lines": [387, 388, 389, 390], "excluded_lines": []}, "FileStreamWriter.__enter__": {"executed_lines": [], "summary": {"covered_lines": 0, "num_statements": 3, "percent_covered": 0.0, "percent_covered_display": "0", "missing_lines": 3, "excluded_lines": 0}, "missing_lines": [395, 397, 398], "excluded_lines": []}, "FileStreamWriter.__exit__": {"executed_lines": [], "summary": {"covered_lines": 0, "num_statements": 2, "percent_covered": 0.0, "percent_covered_display": "0", "missing_lines": 2, "excluded_lines": 0}, "missing_lines": [402, 403], "excluded_lines": []}, "FileStreamWriter.write_chunk": {"executed_lines": [], "summary": {"covered_lines": 0, "num_statements": 6, "percent_covered": 0.0, "percent_covered_display": "0", "missing_lines": 6, "excluded_lines": 0}, "missing_lines": [415, 416, 418, 419, 420, 421], "excluded_lines": []}, "BatchFileOperations.__init__": {"executed_lines": [], "summary": {"covered_lines": 0, "num_statements": 1, "percent_covered": 0.0, "percent_covered_display": "0", "missing_lines": 1, "excluded_lines": 0}, "missing_lines": [452], "excluded_lines": []}, "BatchFileOperations.read_files": {"executed_lines": [], "summary": {"covered_lines": 0, "num_statements": 14, "percent_covered": 0.0, "percent_covered_display": "0", "missing_lines": 14, "excluded_lines": 0}, "missing_lines": [464, 466, 468, 470, 475, 476, 477, 478, 479, 480, 481, 482, 486, 487], "excluded_lines": []}, "BatchFileOperations.write_files": {"executed_lines": [], "summary": {"covered_lines": 0, "num_statements": 14, "percent_covered": 0.0, "percent_covered_display": "0", "missing_lines": 14, "excluded_lines": 0}, "missing_lines": [501, 503, 505, 507, 513, 514, 515, 516, 517, 518, 519, 520, 524, 525], "excluded_lines": []}, "BatchFileOperations._read_one": {"executed_lines": [], "summary": {"covered_lines": 0, "num_statements": 6, "percent_covered": 0.0, "percent_covered_display": "0", "missing_lines": 6, "excluded_lines": 0}, "missing_lines": [530, 531, 532, 533, 536, 537], "excluded_lines": []}, "BatchFileOperations._write_one": {"executed_lines": [], "summary": {"covered_lines": 0, "num_statements": 7, "percent_covered": 0.0, "percent_covered_display": "0", "missing_lines": 7, "excluded_lines": 0}, "missing_lines": [542, 543, 544, 545, 546, 549, 550], "excluded_lines": []}, "": {"executed_lines": [], "summary": {"covered_lines": 0, "num_statements": 44, "percent_covered": 0.0, "percent_covered_display": "0", "missing_lines": 44, "excluded_lines": 0}, "missing_lines": [28, 29, 30, 31, 33, 35, 38, 39, 46, 47, 48, 49, 50, 53, 80, 81, 82, 83, 84, 86, 95, 136, 177, 240, 296, 304, 317, 329, 334, 339, 355, 365, 379, 392, 400, 405, 424, 445, 454, 489, 527, 528, 539, 540], "excluded_lines": []}}, "classes": {"FileOperationResult": {"executed_lines": [], "summary": {"covered_lines": 0, "num_statements": 0, "percent_covered": 100.0, "percent_covered_display": "100", "missing_lines": 0, "excluded_lines": 0}, "missing_lines": [], "excluded_lines": []}, "AsyncFileHandler": {"executed_lines": [], "summary": {"covered_lines": 0, "num_statements": 95, "percent_covered": 0.0, "percent_covered_display": "0", "missing_lines": 95, "excluded_lines": 0}, "missing_lines": [88, 89, 90, 91, 93, 107, 109, 111, 112, 113, 114, 115, 116, 119, 120, 121, 123, 127, 128, 130, 131, 132, 134, 148, 150, 152, 153, 154, 157, 160, 161, 162, 164, 168, 169, 171, 172, 173, 175, 190, 192, 194, 195, 196, 197, 198, 199, 202, 203, 204, 206, 209, 210, 211, 212, 213, 215, 216, 219, 222, 224, 231, 232, 234, 235, 236, 238, 256, 258, 260, 261, 262, 263, 265, 266, 268, 271, 272, 273, 274, 275, 277, 278, 281, 283, 287, 288, 290, 291, 292, 294, 298, 299, 300, 301], "excluded_lines": []}, "FileStreamReader": {"executed_lines": [], "summary": {"covered_lines": 0, "num_statements": 15, "percent_covered": 0.0, "percent_covered_display": "0", "missing_lines": 15, "excluded_lines": 0}, "missing_lines": [325, 326, 327, 331, 332, 336, 337, 346, 347, 349, 350, 351, 352, 353, 362], "excluded_lines": []}, "FileStreamWriter": {"executed_lines": [], "summary": {"covered_lines": 0, "num_statements": 15, "percent_covered": 0.0, "percent_covered_display": "0", "missing_lines": 15, "excluded_lines": 0}, "missing_lines": [387, 388, 389, 390, 395, 397, 398, 402, 403, 415, 416, 418, 419, 420, 421], "excluded_lines": []}, "BatchFileOperations": {"executed_lines": [], "summary": {"covered_lines": 0, "num_statements": 42, "percent_covered": 0.0, "percent_covered_display": "0", "missing_lines": 42, "excluded_lines": 0}, "missing_lines": [452, 464, 466, 468, 470, 475, 476, 477, 478, 479, 480, 481, 482, 486, 487, 501, 503, 505, 507, 513, 514, 515, 516, 517, 518, 519, 520, 524, 525, 530, 531, 532, 533, 536, 537, 542, 543, 544, 545, 546, 549, 550], "excluded_lines": []}, "": {"executed_lines": [], "summary": {"covered_lines": 0, "num_statements": 44, "percent_covered": 0.0, "percent_covered_display": "0", "missing_lines": 44, "excluded_lines": 0}, "missing_lines": [28, 29, 30, 31, 33, 35, 38, 39, 46, 47, 48, 49, 50, 53, 80, 81, 82, 83, 84, 86, 95, 136, 177, 240, 296, 304, 317, 329, 334, 339, 355, 365, 379, 392, 400, 405, 424, 445, 454, 489, 527, 528, 539, 540], "excluded_lines": []}}}, "src/asciidoc_artisan/core/async_file_ops.py": {"executed_lines": [], "summary": {"covered_lines": 0, "num_statements": 156, "percent_covered": 0.0, "percent_covered_display": "0", "missing_lines": 156, "excluded_lines": 0}, "missing_lines": [24, 25, 26, 27, 28, 30, 31, 32, 34, 35, 36, 38, 41, 59, 60, 62, 63, 64, 65, 66, 67, 68, 71, 93, 94, 95, 96, 97, 98, 99, 101, 102, 103, 104, 105, 106, 107, 108, 111, 132, 133, 134, 136, 137, 138, 139, 140, 141, 142, 144, 145, 146, 149, 181, 182, 183, 184, 186, 187, 188, 190, 192, 194, 195, 198, 200, 201, 203, 204, 207, 208, 209, 210, 211, 215, 218, 241, 242, 243, 244, 246, 247, 248, 250, 252, 254, 257, 258, 261, 263, 264, 266, 267, 270, 271, 272, 273, 274, 278, 281, 297, 298, 299, 301, 302, 303, 304, 305, 306, 307, 310, 325, 334, 335, 336, 337, 339, 341, 342, 343, 345, 348, 350, 352, 353, 354, 357, 377, 378, 379, 380, 381, 382, 383, 384, 385, 387, 388, 389, 390, 391, 392, 393, 394, 396, 397, 399, 400, 401, 405, 420, 421, 422, 423, 424, 426], "excluded_lines": [], "functions": {"sanitize_path": {"executed_lines": [], "summary": {"covered_lines": 0, "num_statements": 9, "percent_covered": 0.0, "percent_covered_display": "0", "missing_lines": 9, "excluded_lines": 0}, "missing_lines": [59, 60, 62, 63, 64, 65, 66, 67, 68], "excluded_lines": []}, "async_read_text": {"executed_lines": [], "summary": {"covered_lines": 0, "num_statements": 15, "percent_covered": 0.0, "percent_covered_display": "0", "missing_lines": 15, "excluded_lines": 0}, "missing_lines": [93, 94, 95, 96, 97, 98, 99, 101, 102, 103, 104, 105, 106, 107, 108], "excluded_lines": []}, "async_read_text_chunked": {"executed_lines": [], "summary": {"covered_lines": 0, "num_statements": 13, "percent_covered": 0.0, "percent_covered_display": "0", "missing_lines": 13, "excluded_lines": 0}, "missing_lines": [132, 133, 134, 136, 137, 138, 139, 140, 141, 142, 144, 145, 146], "excluded_lines": []}, "async_atomic_save_text": {"executed_lines": [], "summary": {"covered_lines": 0, "num_statements": 22, "percent_covered": 0.0, "percent_covered_display": "0", "missing_lines": 22, "excluded_lines": 0}, "missing_lines": [181, 182, 183, 184, 186, 187, 188, 190, 192, 194, 195, 198, 200, 201, 203, 204, 207, 208, 209, 210, 211, 215], "excluded_lines": []}, "async_atomic_save_json": {"executed_lines": [], "summary": {"covered_lines": 0, "num_statements": 23, "percent_covered": 0.0, "percent_covered_display": "0", "missing_lines": 23, "excluded_lines": 0}, "missing_lines": [241, 242, 243, 244, 246, 247, 248, 250, 252, 254, 257, 258, 261, 263, 264, 266, 267, 270, 271, 272, 273, 274, 278], "excluded_lines": []}, "async_read_json": {"executed_lines": [], "summary": {"covered_lines": 0, "num_statements": 10, "percent_covered": 0.0, "percent_covered_display": "0", "missing_lines": 10, "excluded_lines": 0}, "missing_lines": [297, 298, 299, 301, 302, 303, 304, 305, 306, 307], "excluded_lines": []}, "AsyncFileContext.__init__": {"executed_lines": [], "summary": {"covered_lines": 0, "num_statements": 4, "percent_covered": 0.0, "percent_covered_display": "0", "missing_lines": 4, "excluded_lines": 0}, "missing_lines": [334, 335, 336, 337], "excluded_lines": []}, "AsyncFileContext.__aenter__": {"executed_lines": [], "summary": {"covered_lines": 0, "num_statements": 5, "percent_covered": 0.0, "percent_covered_display": "0", "missing_lines": 5, "excluded_lines": 0}, "missing_lines": [341, 342, 343, 345, 348], "excluded_lines": []}, "AsyncFileContext.__aexit__": {"executed_lines": [], "summary": {"covered_lines": 0, "num_statements": 3, "percent_covered": 0.0, "percent_covered_display": "0", "missing_lines": 3, "excluded_lines": 0}, "missing_lines": [352, 353, 354], "excluded_lines": []}, "async_copy_file": {"executed_lines": [], "summary": {"covered_lines": 0, "num_statements": 22, "percent_covered": 0.0, "percent_covered_display": "0", "missing_lines": 22, "excluded_lines": 0}, "missing_lines": [377, 378, 379, 380, 381, 382, 383, 384, 385, 387, 388, 389, 390, 391, 392, 393, 394, 396, 397, 399, 400, 401], "excluded_lines": []}, "run_async": {"executed_lines": [], "summary": {"covered_lines": 0, "num_statements": 6, "percent_covered": 0.0, "percent_covered_display": "0", "missing_lines": 6, "excluded_lines": 0}, "missing_lines": [420, 421, 422, 423, 424, 426], "excluded_lines": []}, "": {"executed_lines": [], "summary": {"covered_lines": 0, "num_statements": 24, "percent_covered": 0.0, "percent_covered_display": "0", "missing_lines": 24, "excluded_lines": 0}, "missing_lines": [24, 25, 26, 27, 28, 30, 31, 32, 34, 35, 36, 38, 41, 71, 111, 149, 218, 281, 310, 325, 339, 350, 357, 405], "excluded_lines": []}}, "classes": {"AsyncFileContext": {"executed_lines": [], "summary": {"covered_lines": 0, "num_statements": 12, "percent_covered": 0.0, "percent_covered_display": "0", "missing_lines": 12, "excluded_lines": 0}, "missing_lines": [334, 335, 336, 337, 341, 342, 343, 345, 348, 352, 353, 354], "excluded_lines": []}, "": {"executed_lines": [], "summary": {"covered_lines": 0, "num_statements": 144, "percent_covered": 0.0, "percent_covered_display": "0", "missing_lines": 144, "excluded_lines": 0}, "missing_lines": [24, 25, 26, 27, 28, 30, 31, 32, 34, 35, 36, 38, 41, 59, 60, 62, 63, 64, 65, 66, 67, 68, 71, 93, 94, 95, 96, 97, 98, 99, 101, 102, 103, 104, 105, 106, 107, 108, 111, 132, 133, 134, 136, 137, 138, 139, 140, 141, 142, 144, 145, 146, 149, 181, 182, 183, 184, 186, 187, 188, 190, 192, 194, 195, 198, 200, 201, 203, 204, 207, 208, 209, 210, 211, 215, 218, 241, 242, 243, 244, 246, 247, 248, 250, 252, 254, 257, 258, 261, 263, 264, 266, 267, 270, 271, 272, 273, 274, 278, 281, 297, 298, 299, 301, 302, 303, 304, 305, 306, 307, 310, 325, 339, 350, 357, 377, 378, 379, 380, 381, 382, 383, 384, 385, 387, 388, 389, 390, 391, 392, 393, 394, 396, 397, 399, 400, 401, 405, 420, 421, 422, 423, 424, 426], "excluded_lines": []}}}, "src/asciidoc_artisan/core/constants.py": {"executed_lines": [1, 14, 17, 18, 19, 20, 23, 24, 25, 26, 27, 30, 31, 32, 33, 34, 35, 36, 37, 38, 39, 42, 43, 46, 52, 58, 59, 62, 65, 66, 67, 70, 73, 74, 75, 76, 77, 80, 81, 82, 83, 86, 87, 88, 89, 92, 95, 98, 107, 108, 109], "summary": {"covered_lines": 50, "num_statements": 52, "percent_covered": 96.15384615384616, "percent_covered_display": "96", "missing_lines": 2, "excluded_lines": 0}, "missing_lines": [110, 111], "excluded_lines": [], "functions": {"": {"executed_lines": [1, 14, 17, 18, 19, 20, 23, 24, 25, 26, 27, 30, 31, 32, 33, 34, 35, 36, 37, 38, 39, 42, 43, 46, 52, 58, 59, 62, 65, 66, 67, 70, 73, 74, 75, 76, 77, 80, 81, 82, 83, 86, 87, 88, 89, 92, 95, 98, 107, 108, 109], "summary": {"covered_lines": 50, "num_statements": 52, "percent_covered": 96.15384615384616, "percent_covered_display": "96", "missing_lines": 2, "excluded_lines": 0}, "missing_lines": [110, 111], "excluded_lines": []}}, "classes": {"": {"executed_lines": [1, 14, 17, 18, 19, 20, 23, 24, 25, 26, 27, 30, 31, 32, 33, 34, 35, 36, 37, 38, 39, 42, 43, 46, 52, 58, 59, 62, 65, 66, 67, 70, 73, 74, 75, 76, 77, 80, 81, 82, 83, 86, 87, 88, 89, 92, 95, 98, 107, 108, 109], "summary": {"covered_lines": 50, "num_statements": 52, "percent_covered": 96.15384615384616, "percent_covered_display": "96", "missing_lines": 2, "excluded_lines": 0}, "missing_lines": [110, 111], "excluded_lines": []}}}, "src/asciidoc_artisan/core/file_operations.py": {"executed_lines": [1, 19, 20, 21, 22, 24, 27, 53, 54, 56, 59, 65, 92, 96, 98, 100, 103, 105, 106, 121, 143, 147, 149, 151, 152, 155, 157, 158], "summary": {"covered_lines": 27, "num_statements": 52, "percent_covered": 51.92307692307692, "percent_covered_display": "52", "missing_lines": 25, "excluded_lines": 0}, "missing_lines": [57, 58, 60, 61, 62, 93, 94, 108, 109, 112, 113, 114, 115, 116, 118, 144, 145, 160, 161, 164, 165, 166, 167, 168, 170], "excluded_lines": [], "functions": {"sanitize_path": {"executed_lines": [53, 54, 56, 59], "summary": {"covered_lines": 4, "num_statements": 9, "percent_covered": 44.44444444444444, "percent_covered_display": "44", "missing_lines": 5, "excluded_lines": 0}, "missing_lines": [57, 58, 60, 61, 62], "excluded_lines": []}, "atomic_save_text": {"executed_lines": [92, 96, 98, 100, 103, 105, 106], "summary": {"covered_lines": 7, "num_statements": 17, "percent_covered": 41.1764705882353, "percent_covered_display": "41", "missing_lines": 10, "excluded_lines": 0}, "missing_lines": [93, 94, 108, 109, 112, 113, 114, 115, 116, 118], "excluded_lines": []}, "atomic_save_json": {"executed_lines": [143, 147, 149, 151, 152, 155, 157, 158], "summary": {"covered_lines": 8, "num_statements": 18, "percent_covered": 44.44444444444444, "percent_covered_display": "44", "missing_lines": 10, "excluded_lines": 0}, "missing_lines": [144, 145, 160, 161, 164, 165, 166, 167, 168, 170], "excluded_lines": []}, "": {"executed_lines": [1, 19, 20, 21, 22, 24, 27, 65, 121], "summary": {"covered_lines": 8, "num_statements": 8, "percent_covered": 100.0, "percent_covered_display": "100", "missing_lines": 0, "excluded_lines": 0}, "missing_lines": [], "excluded_lines": []}}, "classes": {"": {"executed_lines": [1, 19, 20, 21, 22, 24, 27, 53, 54, 56, 59, 65, 92, 96, 98, 100, 103, 105, 106, 121, 143, 147, 149, 151, 152, 155, 157, 158], "summary": {"covered_lines": 27, "num_statements": 52, "percent_covered": 51.92307692307692, "percent_covered_display": "52", "missing_lines": 25, "excluded_lines": 0}, "missing_lines": [57, 58, 60, 61, 62, 93, 94, 108, 109, 112, 113, 114, 115, 116, 118, 144, 145, 160, 161, 164, 165, 166, 167, 168, 170], "excluded_lines": []}}}, "src/asciidoc_artisan/core/gpu_detection.py": {"executed_lines": [1, 10, 11, 12, 13, 14, 15, 16, 17, 19, 22, 23, 24, 26, 27, 28, 29, 30, 31, 32, 33, 34, 35, 36, 41, 42, 43, 45, 46, 47, 49, 50, 52, 58, 60, 62, 64, 65, 66, 67, 68, 69, 72, 73, 75, 76, 78, 79, 81, 82, 83, 84, 86, 87, 89, 90, 91, 93, 94, 96, 97, 98, 100, 101, 103, 104, 106, 107, 109, 110, 116, 117, 127, 152, 179, 209, 232, 261, 278, 308, 356, 438, 470, 473, 509, 554], "summary": {"covered_lines": 81, "num_statements": 278, "percent_covered": 29.136690647482013, "percent_covered_display": "29", "missing_lines": 197, "excluded_lines": 2}, "missing_lines": [112, 113, 114, 119, 120, 121, 122, 123, 124, 134, 136, 137, 140, 141, 142, 145, 146, 147, 149, 159, 160, 167, 168, 169, 170, 171, 173, 174, 176, 186, 187, 194, 196, 197, 198, 199, 201, 203, 204, 206, 216, 217, 219, 221, 222, 223, 224, 226, 227, 229, 239, 240, 242, 243, 244, 245, 248, 249, 250, 251, 253, 255, 256, 258, 269, 270, 273, 275, 286, 287, 289, 291, 292, 293, 294, 296, 297, 300, 301, 302, 303, 305, 315, 318, 319, 322, 323, 324, 325, 328, 329, 330, 331, 332, 333, 336, 337, 340, 341, 342, 343, 346, 347, 350, 351, 353, 363, 366, 368, 369, 376, 378, 379, 387, 388, 389, 392, 393, 394, 395, 396, 397, 398, 399, 400, 401, 402, 403, 405, 406, 407, 410, 413, 414, 417, 418, 421, 423, 445, 446, 447, 448, 449, 450, 452, 455, 456, 458, 461, 462, 464, 466, 486, 487, 490, 491, 492, 493, 494, 495, 498, 499, 502, 504, 506, 511, 513, 514, 516, 517, 518, 519, 520, 521, 522, 523, 524, 525, 526, 528, 529, 530, 531, 532, 533, 534, 535, 536, 538, 539, 543, 544, 547, 548, 549, 550, 551], "excluded_lines": [554, 555], "functions": {"GPUCacheEntry.from_gpu_info": {"executed_lines": [52], "summary": {"covered_lines": 1, "num_statements": 1, "percent_covered": 100.0, "percent_covered_display": "100", "missing_lines": 0, "excluded_lines": 0}, "missing_lines": [], "excluded_lines": []}, "GPUCacheEntry.to_gpu_info": {"executed_lines": [60], "summary": {"covered_lines": 1, "num_statements": 1, "percent_covered": 100.0, "percent_covered_display": "100", "missing_lines": 0, "excluded_lines": 0}, "missing_lines": [], "excluded_lines": []}, "GPUCacheEntry.is_valid": {"executed_lines": [64, 65, 66, 67, 68, 69], "summary": {"covered_lines": 6, "num_statements": 6, "percent_covered": 100.0, "percent_covered_display": "100", "missing_lines": 0, "excluded_lines": 0}, "missing_lines": [], "excluded_lines": []}, "GPUDetectionCache.load": {"executed_lines": [81, 82, 83, 84, 86, 87, 89, 90, 91, 93, 94, 96, 97, 98], "summary": {"covered_lines": 14, "num_statements": 14, "percent_covered": 100.0, "percent_covered_display": "100", "missing_lines": 0, "excluded_lines": 0}, "missing_lines": [], "excluded_lines": []}, "GPUDetectionCache.save": {"executed_lines": [103, 104, 106, 107, 109, 110], "summary": {"covered_lines": 6, "num_statements": 9, "percent_covered": 66.66666666666667, "percent_covered_display": "67", "missing_lines": 3, "excluded_lines": 0}, "missing_lines": [112, 113, 114], "excluded_lines": []}, "GPUDetectionCache.clear": {"executed_lines": [], "summary": {"covered_lines": 0, "num_statements": 6, "percent_covered": 0.0, "percent_covered_display": "0", "missing_lines": 6, "excluded_lines": 0}, "missing_lines": [119, 120, 121, 122, 123, 124], "excluded_lines": []}, "check_dri_devices": {"executed_lines": [], "summary": {"covered_lines": 0, "num_statements": 10, "percent_covered": 0.0, "percent_covered_display": "0", "missing_lines": 10, "excluded_lines": 0}, "missing_lines": [134, 136, 137, 140, 141, 142, 145, 146, 147, 149], "excluded_lines": []}, "check_nvidia_gpu": {"executed_lines": [], "summary": {"covered_lines": 0, "num_statements": 10, "percent_covered": 0.0, "percent_covered_display": "0", "missing_lines": 10, "excluded_lines": 0}, "missing_lines": [159, 160, 167, 168, 169, 170, 171, 173, 174, 176], "excluded_lines": []}, "check_amd_gpu": {"executed_lines": [], "summary": {"covered_lines": 0, "num_statements": 11, "percent_covered": 0.0, "percent_covered_display": "0", "missing_lines": 11, "excluded_lines": 0}, "missing_lines": [186, 187, 194, 196, 197, 198, 199, 201, 203, 204, 206], "excluded_lines": []}, "check_intel_gpu": {"executed_lines": [], "summary": {"covered_lines": 0, "num_statements": 10, "percent_covered": 0.0, "percent_covered_display": "0", "missing_lines": 10, "excluded_lines": 0}, "missing_lines": [216, 217, 219, 221, 222, 223, 224, 226, 227, 229], "excluded_lines": []}, "check_opengl_renderer": {"executed_lines": [], "summary": {"covered_lines": 0, "num_statements": 14, "percent_covered": 0.0, "percent_covered_display": "0", "missing_lines": 14, "excluded_lines": 0}, "missing_lines": [239, 240, 242, 243, 244, 245, 248, 249, 250, 251, 253, 255, 256, 258], "excluded_lines": []}, "check_wslg_environment": {"executed_lines": [], "summary": {"covered_lines": 0, "num_statements": 4, "percent_covered": 0.0, "percent_covered_display": "0", "missing_lines": 4, "excluded_lines": 0}, "missing_lines": [269, 270, 273, 275], "excluded_lines": []}, "check_intel_npu": {"executed_lines": [], "summary": {"covered_lines": 0, "num_statements": 14, "percent_covered": 0.0, "percent_covered_display": "0", "missing_lines": 14, "excluded_lines": 0}, "missing_lines": [286, 287, 289, 291, 292, 293, 294, 296, 297, 300, 301, 302, 303, 305], "excluded_lines": []}, "detect_compute_capabilities": {"executed_lines": [], "summary": {"covered_lines": 0, "num_statements": 24, "percent_covered": 0.0, "percent_covered_display": "0", "missing_lines": 24, "excluded_lines": 0}, "missing_lines": [315, 318, 319, 322, 323, 324, 325, 328, 329, 330, 331, 332, 333, 336, 337, 340, 341, 342, 343, 346, 347, 350, 351, 353], "excluded_lines": []}, "detect_gpu": {"executed_lines": [], "summary": {"covered_lines": 0, "num_statements": 32, "percent_covered": 0.0, "percent_covered_display": "0", "missing_lines": 32, "excluded_lines": 0}, "missing_lines": [363, 366, 368, 369, 376, 378, 379, 387, 388, 389, 392, 393, 394, 395, 396, 397, 398, 399, 400, 401, 402, 403, 405, 406, 407, 410, 413, 414, 417, 418, 421, 423], "excluded_lines": []}, "log_gpu_info": {"executed_lines": [], "summary": {"covered_lines": 0, "num_statements": 14, "percent_covered": 0.0, "percent_covered_display": "0", "missing_lines": 14, "excluded_lines": 0}, "missing_lines": [445, 446, 447, 448, 449, 450, 452, 455, 456, 458, 461, 462, 464, 466], "excluded_lines": []}, "get_gpu_info": {"executed_lines": [], "summary": {"covered_lines": 0, "num_statements": 13, "percent_covered": 0.0, "percent_covered_display": "0", "missing_lines": 13, "excluded_lines": 0}, "missing_lines": [486, 487, 490, 491, 492, 493, 494, 495, 498, 499, 502, 504, 506], "excluded_lines": []}, "main": {"executed_lines": [], "summary": {"covered_lines": 0, "num_statements": 32, "percent_covered": 0.0, "percent_covered_display": "0", "missing_lines": 32, "excluded_lines": 0}, "missing_lines": [511, 513, 514, 516, 517, 518, 519, 520, 521, 522, 523, 524, 525, 526, 528, 529, 530, 531, 532, 533, 534, 535, 536, 538, 539, 543, 544, 547, 548, 549, 550, 551], "excluded_lines": []}, "": {"executed_lines": [1, 10, 11, 12, 13, 14, 15, 16, 17, 19, 22, 23, 24, 26, 27, 28, 29, 30, 31, 32, 33, 34, 35, 36, 41, 42, 43, 45, 46, 47, 49, 50, 58, 62, 72, 73, 75, 76, 78, 79, 100, 101, 116, 117, 127, 152, 179, 209, 232, 261, 278, 308, 356, 438, 470, 473, 509, 554], "summary": {"covered_lines": 53, "num_statements": 53, "percent_covered": 100.0, "percent_covered_display": "100", "missing_lines": 0, "excluded_lines": 2}, "missing_lines": [], "excluded_lines": [554, 555]}}, "classes": {"GPUInfo": {"executed_lines": [], "summary": {"covered_lines": 0, "num_statements": 0, "percent_covered": 100.0, "percent_covered_display": "100", "missing_lines": 0, "excluded_lines": 0}, "missing_lines": [], "excluded_lines": []}, "GPUCacheEntry": {"executed_lines": [52, 60, 64, 65, 66, 67, 68, 69], "summary": {"covered_lines": 8, "num_statements": 8, "percent_covered": 100.0, "percent_covered_display": "100", "missing_lines": 0, "excluded_lines": 0}, "missing_lines": [], "excluded_lines": []}, "GPUDetectionCache": {"executed_lines": [81, 82, 83, 84, 86, 87, 89, 90, 91, 93, 94, 96, 97, 98, 103, 104, 106, 107, 109, 110], "summary": {"covered_lines": 20, "num_statements": 29, "percent_covered": 68.96551724137932, "percent_covered_display": "69", "missing_lines": 9, "excluded_lines": 0}, "missing_lines": [112, 113, 114, 119, 120, 121, 122, 123, 124], "excluded_lines": []}, "": {"executed_lines": [1, 10, 11, 12, 13, 14, 15, 16, 17, 19, 22, 23, 24, 26, 27, 28, 29, 30, 31, 32, 33, 34, 35, 36, 41, 42, 43, 45, 46, 47, 49, 50, 58, 62, 72, 73, 75, 76, 78, 79, 100, 101, 116, 117, 127, 152, 179, 209, 232, 261, 278, 308, 356, 438, 470, 473, 509, 554], "summary": {"covered_lines": 53, "num_statements": 241, "percent_covered": 21.991701244813278, "percent_covered_display": "22", "missing_lines": 188, "excluded_lines": 2}, "missing_lines": [134, 136, 137, 140, 141, 142, 145, 146, 147, 149, 159, 160, 167, 168, 169, 170, 171, 173, 174, 176, 186, 187, 194, 196, 197, 198, 199, 201, 203, 204, 206, 216, 217, 219, 221, 222, 223, 224, 226, 227, 229, 239, 240, 242, 243, 244, 245, 248, 249, 250, 251, 253, 255, 256, 258, 269, 270, 273, 275, 286, 287, 289, 291, 292, 293, 294, 296, 297, 300, 301, 302, 303, 305, 315, 318, 319, 322, 323, 324, 325, 328, 329, 330, 331, 332, 333, 336, 337, 340, 341, 342, 343, 346, 347, 350, 351, 353, 363, 366, 368, 369, 376, 378, 379, 387, 388, 389, 392, 393, 394, 395, 396, 397, 398, 399, 400, 401, 402, 403, 405, 406, 407, 410, 413, 414, 417, 418, 421, 423, 445, 446, 447, 448, 449, 450, 452, 455, 456, 458, 461, 462, 464, 466, 486, 487, 490, 491, 492, 493, 494, 495, 498, 499, 502, 504, 506, 511, 513, 514, 516, 517, 518, 519, 520, 521, 522, 523, 524, 525, 526, 528, 529, 530, 531, 532, 533, 534, 535, 536, 538, 539, 543, 544, 547, 548, 549, 550, 551], "excluded_lines": [554, 555]}}}, "src/asciidoc_artisan/core/hardware_detection.py": {"executed_lines": [], "summary": {"covered_lines": 0, "num_statements": 164, "percent_covered": 0.0, "percent_covered_display": "0", "missing_lines": 164, "excluded_lines": 2}, "missing_lines": [12, 13, 14, 15, 16, 18, 21, 22, 25, 26, 27, 28, 31, 32, 35, 36, 37, 40, 41, 44, 45, 46, 47, 48, 49, 52, 55, 56, 58, 59, 70, 71, 72, 74, 75, 76, 77, 78, 79, 82, 88, 90, 92, 93, 96, 97, 104, 105, 106, 107, 108, 109, 112, 113, 117, 118, 119, 120, 121, 122, 123, 124, 126, 128, 129, 131, 132, 136, 137, 138, 139, 140, 141, 142, 143, 145, 147, 148, 150, 153, 154, 155, 159, 160, 163, 164, 165, 172, 177, 178, 183, 184, 187, 188, 189, 196, 197, 198, 203, 204, 206, 208, 209, 215, 217, 218, 219, 221, 223, 224, 230, 232, 235, 236, 237, 239, 240, 241, 243, 244, 245, 248, 251, 253, 262, 265, 268, 270, 272, 273, 274, 276, 277, 278, 280, 281, 282, 283, 284, 285, 289, 291, 292, 293, 294, 295, 296, 298, 300, 301, 302, 304, 305, 306, 307, 309, 310, 312, 313, 314, 315, 317, 318, 320], "excluded_lines": [323, 325], "functions": {"HardwareDetector.detect_nvidia_gpu": {"executed_lines": [], "summary": {"covered_lines": 0, "num_statements": 14, "percent_covered": 0.0, "percent_covered_display": "0", "missing_lines": 14, "excluded_lines": 0}, "missing_lines": [58, 59, 70, 71, 72, 74, 75, 76, 77, 78, 79, 82, 88, 90], "excluded_lines": []}, "HardwareDetector.detect_amd_gpu": {"executed_lines": [], "summary": {"covered_lines": 0, "num_statements": 19, "percent_covered": 0.0, "percent_covered_display": "0", "missing_lines": 19, "excluded_lines": 0}, "missing_lines": [96, 97, 104, 105, 106, 107, 108, 109, 112, 113, 117, 118, 119, 120, 121, 122, 123, 124, 126], "excluded_lines": []}, "HardwareDetector.detect_intel_gpu": {"executed_lines": [], "summary": {"covered_lines": 0, "num_statements": 11, "percent_covered": 0.0, "percent_covered_display": "0", "missing_lines": 11, "excluded_lines": 0}, "missing_lines": [131, 132, 136, 137, 138, 139, 140, 141, 142, 143, 145], "excluded_lines": []}, "HardwareDetector.detect_npu": {"executed_lines": [], "summary": {"covered_lines": 0, "num_statements": 23, "percent_covered": 0.0, "percent_covered_display": "0", "missing_lines": 23, "excluded_lines": 0}, "missing_lines": [150, 153, 154, 155, 159, 160, 163, 164, 165, 172, 177, 178, 183, 184, 187, 188, 189, 196, 197, 198, 203, 204, 206], "excluded_lines": []}, "HardwareDetector.get_cpu_info": {"executed_lines": [], "summary": {"covered_lines": 0, "num_statements": 5, "percent_covered": 0.0, "percent_covered_display": "0", "missing_lines": 5, "excluded_lines": 0}, "missing_lines": [215, 217, 218, 219, 221], "excluded_lines": []}, "HardwareDetector.detect_all": {"executed_lines": [], "summary": {"covered_lines": 0, "num_statements": 16, "percent_covered": 0.0, "percent_covered_display": "0", "missing_lines": 16, "excluded_lines": 0}, "missing_lines": [230, 232, 235, 236, 237, 239, 240, 241, 243, 244, 245, 248, 251, 253, 262, 265], "excluded_lines": []}, "print_hardware_report": {"executed_lines": [], "summary": {"covered_lines": 0, "num_statements": 37, "percent_covered": 0.0, "percent_covered_display": "0", "missing_lines": 37, "excluded_lines": 0}, "missing_lines": [270, 272, 273, 274, 276, 277, 278, 280, 281, 282, 283, 284, 285, 289, 291, 292, 293, 294, 295, 296, 298, 300, 301, 302, 304, 305, 306, 307, 309, 310, 312, 313, 314, 315, 317, 318, 320], "excluded_lines": []}, "": {"executed_lines": [], "summary": {"covered_lines": 0, "num_statements": 39, "percent_covered": 0.0, "percent_covered_display": "0", "missing_lines": 39, "excluded_lines": 2}, "missing_lines": [12, 13, 14, 15, 16, 18, 21, 22, 25, 26, 27, 28, 31, 32, 35, 36, 37, 40, 41, 44, 45, 46, 47, 48, 49, 52, 55, 56, 92, 93, 128, 129, 147, 148, 208, 209, 223, 224, 268], "excluded_lines": [323, 325]}}, "classes": {"GPUInfo": {"executed_lines": [], "summary": {"covered_lines": 0, "num_statements": 0, "percent_covered": 100.0, "percent_covered_display": "100", "missing_lines": 0, "excluded_lines": 0}, "missing_lines": [], "excluded_lines": []}, "NPUInfo": {"executed_lines": [], "summary": {"covered_lines": 0, "num_statements": 0, "percent_covered": 100.0, "percent_covered_display": "100", "missing_lines": 0, "excluded_lines": 0}, "missing_lines": [], "excluded_lines": []}, "HardwareCapabilities": {"executed_lines": [], "summary": {"covered_lines": 0, "num_statements": 0, "percent_covered": 100.0, "percent_covered_display": "100", "missing_lines": 0, "excluded_lines": 0}, "missing_lines": [], "excluded_lines": []}, "HardwareDetector": {"executed_lines": [], "summary": {"covered_lines": 0, "num_statements": 88, "percent_covered": 0.0, "percent_covered_display": "0", "missing_lines": 88, "excluded_lines": 0}, "missing_lines": [58, 59, 70, 71, 72, 74, 75, 76, 77, 78, 79, 82, 88, 90, 96, 97, 104, 105, 106, 107, 108, 109, 112, 113, 117, 118, 119, 120, 121, 122, 123, 124, 126, 131, 132, 136, 137, 138, 139, 140, 141, 142, 143, 145, 150, 153, 154, 155, 159, 160, 163, 164, 165, 172, 177, 178, 183, 184, 187, 188, 189, 196, 197, 198, 203, 204, 206, 215, 217, 218, 219, 221, 230, 232, 235, 236, 237, 239, 240, 241, 243, 244, 245, 248, 251, 253, 262, 265], "excluded_lines": []}, "": {"executed_lines": [], "summary": {"covered_lines": 0, "num_statements": 76, "percent_covered": 0.0, "percent_covered_display": "0", "missing_lines": 76, "excluded_lines": 2}, "missing_lines": [12, 13, 14, 15, 16, 18, 21, 22, 25, 26, 27, 28, 31, 32, 35, 36, 37, 40, 41, 44, 45, 46, 47, 48, 49, 52, 55, 56, 92, 93, 128, 129, 147, 148, 208, 209, 223, 224, 268, 270, 272, 273, 274, 276, 277, 278, 280, 281, 282, 283, 284, 285, 289, 291, 292, 293, 294, 295, 296, 298, 300, 301, 302, 304, 305, 306, 307, 309, 310, 312, 313, 314, 315, 317, 318, 320], "excluded_lines": [323, 325]}}}, "src/asciidoc_artisan/core/large_file_handler.py": {"executed_lines": [1, 8, 9, 10, 12, 14, 17, 18, 19, 22, 23, 26, 27, 36, 37, 39, 40, 41, 43, 44, 54, 55, 56, 57, 58, 59, 61, 62, 63, 65, 66, 76, 78, 79, 89, 91, 104, 105, 106, 107, 109, 113, 114, 115, 116, 118, 120, 121, 122, 124, 126, 127, 128, 129, 130, 131, 133, 137, 138, 141, 142, 143, 145, 146, 147, 148, 149, 151, 152, 155, 156, 158, 159, 161, 167, 171, 172, 175, 176, 177, 179, 180, 181, 182, 185, 186, 187, 188, 190, 191, 193, 197, 203, 204, 217, 218, 221, 222, 223, 224, 227, 228, 230, 232, 233, 244, 246, 247, 248, 249, 251], "summary": {"covered_lines": 109, "num_statements": 115, "percent_covered": 94.78260869565217, "percent_covered_display": "95", "missing_lines": 6, "excluded_lines": 0}, "missing_lines": [163, 164, 165, 199, 200, 201], "excluded_lines": [], "functions": {"LargeFileHandler.__init__": {"executed_lines": [40, 41], "summary": {"covered_lines": 2, "num_statements": 2, "percent_covered": 100.0, "percent_covered_display": "100", "missing_lines": 0, "excluded_lines": 0}, "missing_lines": [], "excluded_lines": []}, "LargeFileHandler.get_file_size_category": {"executed_lines": [54, 55, 56, 57, 58, 59, 61, 62, 63], "summary": {"covered_lines": 9, "num_statements": 9, "percent_covered": 100.0, "percent_covered_display": "100", "missing_lines": 0, "excluded_lines": 0}, "missing_lines": [], "excluded_lines": []}, "LargeFileHandler.should_optimize_preview": {"executed_lines": [76], "summary": {"covered_lines": 1, "num_statements": 1, "percent_covered": 100.0, "percent_covered_display": "100", "missing_lines": 0, "excluded_lines": 0}, "missing_lines": [], "excluded_lines": []}, "LargeFileHandler.should_disable_preview": {"executed_lines": [89], "summary": {"covered_lines": 1, "num_statements": 1, "percent_covered": 100.0, "percent_covered_display": "100", "missing_lines": 0, "excluded_lines": 0}, "missing_lines": [], "excluded_lines": []}, "LargeFileHandler.load_file_optimized": {"executed_lines": [104, 105, 106, 107, 109, 113, 114, 115, 116, 118, 120, 121, 122], "summary": {"covered_lines": 13, "num_statements": 13, "percent_covered": 100.0, "percent_covered_display": "100", "missing_lines": 0, "excluded_lines": 0}, "missing_lines": [], "excluded_lines": []}, "LargeFileHandler._load_small_file": {"executed_lines": [126, 127, 128, 129, 130, 131], "summary": {"covered_lines": 6, "num_statements": 6, "percent_covered": 100.0, "percent_covered_display": "100", "missing_lines": 0, "excluded_lines": 0}, "missing_lines": [], "excluded_lines": []}, "LargeFileHandler._load_medium_file": {"executed_lines": [137, 138, 141, 142, 143, 145, 146, 147, 148, 149, 151, 152, 155, 156, 158, 159, 161], "summary": {"covered_lines": 17, "num_statements": 20, "percent_covered": 85.0, "percent_covered_display": "85", "missing_lines": 3, "excluded_lines": 0}, "missing_lines": [163, 164, 165], "excluded_lines": []}, "LargeFileHandler._load_large_file": {"executed_lines": [171, 172, 175, 176, 177, 179, 180, 181, 182, 185, 186, 187, 188, 190, 191, 193, 197], "summary": {"covered_lines": 17, "num_statements": 20, "percent_covered": 85.0, "percent_covered_display": "85", "missing_lines": 3, "excluded_lines": 0}, "missing_lines": [199, 200, 201], "excluded_lines": []}, "LargeFileHandler.get_preview_content": {"executed_lines": [217, 218, 221, 222, 223, 224, 227, 228, 230], "summary": {"covered_lines": 9, "num_statements": 9, "percent_covered": 100.0, "percent_covered_display": "100", "missing_lines": 0, "excluded_lines": 0}, "missing_lines": [], "excluded_lines": []}, "LargeFileHandler.estimate_load_time": {"executed_lines": [244, 246, 247, 248, 249, 251], "summary": {"covered_lines": 6, "num_statements": 6, "percent_covered": 100.0, "percent_covered_display": "100", "missing_lines": 0, "excluded_lines": 0}, "missing_lines": [], "excluded_lines": []}, "": {"executed_lines": [1, 8, 9, 10, 12, 14, 17, 18, 19, 22, 23, 26, 27, 36, 37, 39, 43, 44, 65, 66, 78, 79, 91, 124, 133, 167, 203, 204, 232, 233], "summary": {"covered_lines": 28, "num_statements": 28, "percent_covered": 100.0, "percent_covered_display": "100", "missing_lines": 0, "excluded_lines": 0}, "missing_lines": [], "excluded_lines": []}}, "classes": {"LargeFileHandler": {"executed_lines": [40, 41, 54, 55, 56, 57, 58, 59, 61, 62, 63, 76, 89, 104, 105, 106, 107, 109, 113, 114, 115, 116, 118, 120, 121, 122, 126, 127, 128, 129, 130, 131, 137, 138, 141, 142, 143, 145, 146, 147, 148, 149, 151, 152, 155, 156, 158, 159, 161, 171, 172, 175, 176, 177, 179, 180, 181, 182, 185, 186, 187, 188, 190, 191, 193, 197, 217, 218, 221, 222, 223, 224, 227, 228, 230, 244, 246, 247, 248, 249, 251], "summary": {"covered_lines": 81, "num_statements": 87, "percent_covered": 93.10344827586206, "percent_covered_display": "93", "missing_lines": 6, "excluded_lines": 0}, "missing_lines": [163, 164, 165, 199, 200, 201], "excluded_lines": []}, "": {"executed_lines": [1, 8, 9, 10, 12, 14, 17, 18, 19, 22, 23, 26, 27, 36, 37, 39, 43, 44, 65, 66, 78, 79, 91, 124, 133, 167, 203, 204, 232, 233], "summary": {"covered_lines": 28, "num_statements": 28, "percent_covered": 100.0, "percent_covered_display": "100", "missing_lines": 0, "excluded_lines": 0}, "missing_lines": [], "excluded_lines": []}}}, "src/asciidoc_artisan/core/lazy_importer.py": {"executed_lines": [], "summary": {"covered_lines": 0, "num_statements": 162, "percent_covered": 0.0, "percent_covered_display": "0", "missing_lines": 162, "excluded_lines": 6}, "missing_lines": [25, 26, 27, 28, 29, 30, 32, 35, 36, 43, 44, 45, 46, 47, 50, 69, 77, 78, 79, 80, 81, 84, 86, 88, 89, 90, 91, 94, 95, 98, 102, 105, 106, 107, 109, 111, 113, 114, 116, 118, 119, 129, 148, 150, 151, 152, 154, 156, 158, 160, 161, 162, 163, 166, 167, 168, 170, 171, 173, 175, 176, 178, 180, 181, 183, 185, 192, 193, 196, 200, 201, 203, 218, 225, 227, 228, 229, 230, 231, 232, 234, 235, 236, 237, 238, 241, 248, 249, 251, 253, 254, 255, 256, 258, 260, 261, 263, 264, 265, 267, 274, 276, 287, 288, 293, 294, 296, 303, 304, 306, 307, 309, 322, 324, 326, 327, 328, 329, 330, 331, 332, 333, 334, 335, 336, 337, 338, 342, 345, 365, 368, 389, 390, 392, 393, 395, 396, 398, 401, 408, 411, 413, 416, 430, 432, 447, 457, 459, 460, 461, 462, 465, 466, 467, 468, 469, 472, 477, 478, 480, 482, 489], "excluded_lines": [121, 122, 123, 124, 125, 126], "functions": {"LazyModule.__init__": {"executed_lines": [], "summary": {"covered_lines": 0, "num_statements": 6, "percent_covered": 0.0, "percent_covered_display": "0", "missing_lines": 6, "excluded_lines": 0}, "missing_lines": [77, 78, 79, 80, 81, 84], "excluded_lines": []}, "LazyModule._load_module": {"executed_lines": [], "summary": {"covered_lines": 0, "num_statements": 12, "percent_covered": 0.0, "percent_covered_display": "0", "missing_lines": 12, "excluded_lines": 0}, "missing_lines": [88, 89, 90, 91, 94, 95, 98, 102, 105, 106, 107, 109], "excluded_lines": []}, "LazyModule.__getattr__": {"executed_lines": [], "summary": {"covered_lines": 0, "num_statements": 2, "percent_covered": 0.0, "percent_covered_display": "0", "missing_lines": 2, "excluded_lines": 0}, "missing_lines": [113, 114], "excluded_lines": []}, "LazyModule.__dir__": {"executed_lines": [], "summary": {"covered_lines": 0, "num_statements": 2, "percent_covered": 0.0, "percent_covered_display": "0", "missing_lines": 2, "excluded_lines": 0}, "missing_lines": [118, 119], "excluded_lines": []}, "LazyModule.__repr__": {"executed_lines": [], "summary": {"covered_lines": 0, "num_statements": 0, "percent_covered": 100.0, "percent_covered_display": "100", "missing_lines": 0, "excluded_lines": 5}, "missing_lines": [], "excluded_lines": [122, 123, 124, 125, 126]}, "ImportProfiler.__init__": {"executed_lines": [], "summary": {"covered_lines": 0, "num_statements": 3, "percent_covered": 0.0, "percent_covered_display": "0", "missing_lines": 3, "excluded_lines": 0}, "missing_lines": [150, 151, 152], "excluded_lines": []}, "ImportProfiler.__enter__": {"executed_lines": [], "summary": {"covered_lines": 0, "num_statements": 5, "percent_covered": 0.0, "percent_covered_display": "0", "missing_lines": 5, "excluded_lines": 0}, "missing_lines": [156, 158, 160, 175, 176], "excluded_lines": []}, "ImportProfiler.__enter__.profiled_import": {"executed_lines": [], "summary": {"covered_lines": 0, "num_statements": 9, "percent_covered": 0.0, "percent_covered_display": "0", "missing_lines": 9, "excluded_lines": 0}, "missing_lines": [161, 162, 163, 166, 167, 168, 170, 171, 173], "excluded_lines": []}, "ImportProfiler.__exit__": {"executed_lines": [], "summary": {"covered_lines": 0, "num_statements": 3, "percent_covered": 0.0, "percent_covered_display": "0", "missing_lines": 3, "excluded_lines": 0}, "missing_lines": [180, 181, 183], "excluded_lines": []}, "ImportProfiler.get_statistics": {"executed_lines": [], "summary": {"covered_lines": 0, "num_statements": 6, "percent_covered": 0.0, "percent_covered_display": "0", "missing_lines": 6, "excluded_lines": 0}, "missing_lines": [192, 193, 196, 200, 201, 203], "excluded_lines": []}, "ImportProfiler.print_report": {"executed_lines": [], "summary": {"covered_lines": 0, "num_statements": 12, "percent_covered": 0.0, "percent_covered_display": "0", "missing_lines": 12, "excluded_lines": 0}, "missing_lines": [225, 227, 228, 229, 230, 231, 232, 234, 235, 236, 237, 238], "excluded_lines": []}, "ImportTracker.__new__": {"executed_lines": [], "summary": {"covered_lines": 0, "num_statements": 4, "percent_covered": 0.0, "percent_covered_display": "0", "missing_lines": 4, "excluded_lines": 0}, "missing_lines": [253, 254, 255, 256], "excluded_lines": []}, "ImportTracker.__init__": {"executed_lines": [], "summary": {"covered_lines": 0, "num_statements": 5, "percent_covered": 0.0, "percent_covered_display": "0", "missing_lines": 5, "excluded_lines": 0}, "missing_lines": [260, 261, 263, 264, 265], "excluded_lines": []}, "ImportTracker.register_lazy_import": {"executed_lines": [], "summary": {"covered_lines": 0, "num_statements": 1, "percent_covered": 0.0, "percent_covered_display": "0", "missing_lines": 1, "excluded_lines": 0}, "missing_lines": [274], "excluded_lines": []}, "ImportTracker.record_import": {"executed_lines": [], "summary": {"covered_lines": 0, "num_statements": 4, "percent_covered": 0.0, "percent_covered_display": "0", "missing_lines": 4, "excluded_lines": 0}, "missing_lines": [287, 288, 293, 294], "excluded_lines": []}, "ImportTracker.get_statistics": {"executed_lines": [], "summary": {"covered_lines": 0, "num_statements": 5, "percent_covered": 0.0, "percent_covered_display": "0", "missing_lines": 5, "excluded_lines": 0}, "missing_lines": [303, 304, 306, 307, 309], "excluded_lines": []}, "ImportTracker.print_report": {"executed_lines": [], "summary": {"covered_lines": 0, "num_statements": 14, "percent_covered": 0.0, "percent_covered_display": "0", "missing_lines": 14, "excluded_lines": 0}, "missing_lines": [324, 326, 327, 328, 329, 330, 331, 332, 333, 334, 335, 336, 337, 338], "excluded_lines": []}, "lazy_import": {"executed_lines": [], "summary": {"covered_lines": 0, "num_statements": 1, "percent_covered": 0.0, "percent_covered_display": "0", "missing_lines": 1, "excluded_lines": 0}, "missing_lines": [365], "excluded_lines": []}, "profile_imports": {"executed_lines": [], "summary": {"covered_lines": 0, "num_statements": 2, "percent_covered": 0.0, "percent_covered_display": "0", "missing_lines": 2, "excluded_lines": 0}, "missing_lines": [389, 398], "excluded_lines": []}, "profile_imports.wrapper": {"executed_lines": [], "summary": {"covered_lines": 0, "num_statements": 5, "percent_covered": 0.0, "percent_covered_display": "0", "missing_lines": 5, "excluded_lines": 0}, "missing_lines": [390, 392, 393, 395, 396], "excluded_lines": []}, "get_import_statistics": {"executed_lines": [], "summary": {"covered_lines": 0, "num_statements": 1, "percent_covered": 0.0, "percent_covered_display": "0", "missing_lines": 1, "excluded_lines": 0}, "missing_lines": [408], "excluded_lines": []}, "print_import_report": {"executed_lines": [], "summary": {"covered_lines": 0, "num_statements": 1, "percent_covered": 0.0, "percent_covered_display": "0", "missing_lines": 1, "excluded_lines": 0}, "missing_lines": [413], "excluded_lines": []}, "ImportOptimizer.__init__": {"executed_lines": [], "summary": {"covered_lines": 0, "num_statements": 1, "percent_covered": 0.0, "percent_covered_display": "0", "missing_lines": 1, "excluded_lines": 0}, "missing_lines": [432], "excluded_lines": []}, "ImportOptimizer.analyze_module": {"executed_lines": [], "summary": {"covered_lines": 0, "num_statements": 14, "percent_covered": 0.0, "percent_covered_display": "0", "missing_lines": 14, "excluded_lines": 0}, "missing_lines": [457, 459, 460, 461, 462, 465, 466, 467, 468, 469, 472, 477, 478, 480], "excluded_lines": []}, "ImportOptimizer.get_heavy_modules": {"executed_lines": [], "summary": {"covered_lines": 0, "num_statements": 1, "percent_covered": 0.0, "percent_covered_display": "0", "missing_lines": 1, "excluded_lines": 0}, "missing_lines": [489], "excluded_lines": []}, "": {"executed_lines": [], "summary": {"covered_lines": 0, "num_statements": 43, "percent_covered": 0.0, "percent_covered_display": "0", "missing_lines": 43, "excluded_lines": 1}, "missing_lines": [25, 26, 27, 28, 29, 30, 32, 35, 36, 43, 44, 45, 46, 47, 50, 69, 86, 111, 116, 129, 148, 154, 178, 185, 218, 241, 248, 249, 251, 258, 267, 276, 296, 322, 342, 345, 368, 401, 411, 416, 430, 447, 482], "excluded_lines": [121]}}, "classes": {"ImportStats": {"executed_lines": [], "summary": {"covered_lines": 0, "num_statements": 0, "percent_covered": 100.0, "percent_covered_display": "100", "missing_lines": 0, "excluded_lines": 0}, "missing_lines": [], "excluded_lines": []}, "LazyModule": {"executed_lines": [], "summary": {"covered_lines": 0, "num_statements": 22, "percent_covered": 0.0, "percent_covered_display": "0", "missing_lines": 22, "excluded_lines": 5}, "missing_lines": [77, 78, 79, 80, 81, 84, 88, 89, 90, 91, 94, 95, 98, 102, 105, 106, 107, 109, 113, 114, 118, 119], "excluded_lines": [122, 123, 124, 125, 126]}, "ImportProfiler": {"executed_lines": [], "summary": {"covered_lines": 0, "num_statements": 38, "percent_covered": 0.0, "percent_covered_display": "0", "missing_lines": 38, "excluded_lines": 0}, "missing_lines": [150, 151, 152, 156, 158, 160, 161, 162, 163, 166, 167, 168, 170, 171, 173, 175, 176, 180, 181, 183, 192, 193, 196, 200, 201, 203, 225, 227, 228, 229, 230, 231, 232, 234, 235, 236, 237, 238], "excluded_lines": []}, "ImportTracker": {"executed_lines": [], "summary": {"covered_lines": 0, "num_statements": 33, "percent_covered": 0.0, "percent_covered_display": "0", "missing_lines": 33, "excluded_lines": 0}, "missing_lines": [253, 254, 255, 256, 260, 261, 263, 264, 265, 274, 287, 288, 293, 294, 303, 304, 306, 307, 309, 324, 326, 327, 328, 329, 330, 331, 332, 333, 334, 335, 336, 337, 338], "excluded_lines": []}, "ImportOptimizer": {"executed_lines": [], "summary": {"covered_lines": 0, "num_statements": 16, "percent_covered": 0.0, "percent_covered_display": "0", "missing_lines": 16, "excluded_lines": 0}, "missing_lines": [432, 457, 459, 460, 461, 462, 465, 466, 467, 468, 469, 472, 477, 478, 480, 489], "excluded_lines": []}, "": {"executed_lines": [], "summary": {"covered_lines": 0, "num_statements": 53, "percent_covered": 0.0, "percent_covered_display": "0", "missing_lines": 53, "excluded_lines": 1}, "missing_lines": [25, 26, 27, 28, 29, 30, 32, 35, 36, 43, 44, 45, 46, 47, 50, 69, 86, 111, 116, 129, 148, 154, 178, 185, 218, 241, 248, 249, 251, 258, 267, 276, 296, 322, 342, 345, 365, 368, 389, 390, 392, 393, 395, 396, 398, 401, 408, 411, 413, 416, 430, 447, 482], "excluded_lines": [121]}}}, "src/asciidoc_artisan/core/lazy_utils.py": {"executed_lines": [], "summary": {"covered_lines": 0, "num_statements": 94, "percent_covered": 0.0, "percent_covered_display": "0", "missing_lines": 94, "excluded_lines": 0}, "missing_lines": [22, 23, 24, 25, 27, 30, 33, 60, 67, 68, 69, 71, 82, 83, 86, 87, 90, 93, 95, 97, 99, 107, 109, 116, 117, 120, 140, 147, 148, 150, 160, 161, 162, 164, 166, 168, 169, 171, 174, 202, 203, 204, 205, 207, 208, 210, 211, 213, 216, 250, 252, 253, 255, 263, 264, 266, 273, 274, 276, 277, 279, 280, 281, 283, 285, 287, 288, 290, 291, 293, 303, 305, 312, 313, 314, 316, 326, 343, 350, 351, 352, 354, 362, 364, 366, 367, 369, 370, 375, 376, 377, 380, 381, 383], "excluded_lines": [], "functions": {"lazy_property.__init__": {"executed_lines": [], "summary": {"covered_lines": 0, "num_statements": 3, "percent_covered": 0.0, "percent_covered_display": "0", "missing_lines": 3, "excluded_lines": 0}, "missing_lines": [67, 68, 69], "excluded_lines": []}, "lazy_property.__get__": {"executed_lines": [], "summary": {"covered_lines": 0, "num_statements": 8, "percent_covered": 0.0, "percent_covered_display": "0", "missing_lines": 8, "excluded_lines": 0}, "missing_lines": [82, 83, 86, 87, 90, 93, 95, 97], "excluded_lines": []}, "lazy_property.__set__": {"executed_lines": [], "summary": {"covered_lines": 0, "num_statements": 1, "percent_covered": 0.0, "percent_covered_display": "0", "missing_lines": 1, "excluded_lines": 0}, "missing_lines": [107], "excluded_lines": []}, "lazy_property.__delete__": {"executed_lines": [], "summary": {"covered_lines": 0, "num_statements": 2, "percent_covered": 0.0, "percent_covered_display": "0", "missing_lines": 2, "excluded_lines": 0}, "missing_lines": [116, 117], "excluded_lines": []}, "LazyImport.__init__": {"executed_lines": [], "summary": {"covered_lines": 0, "num_statements": 2, "percent_covered": 0.0, "percent_covered_display": "0", "missing_lines": 2, "excluded_lines": 0}, "missing_lines": [147, 148], "excluded_lines": []}, "LazyImport.__getattr__": {"executed_lines": [], "summary": {"covered_lines": 0, "num_statements": 4, "percent_covered": 0.0, "percent_covered_display": "0", "missing_lines": 4, "excluded_lines": 0}, "missing_lines": [160, 161, 162, 164], "excluded_lines": []}, "LazyImport.__dir__": {"executed_lines": [], "summary": {"covered_lines": 0, "num_statements": 3, "percent_covered": 0.0, "percent_covered_display": "0", "missing_lines": 3, "excluded_lines": 0}, "missing_lines": [168, 169, 171], "excluded_lines": []}, "defer_method": {"executed_lines": [], "summary": {"covered_lines": 0, "num_statements": 3, "percent_covered": 0.0, "percent_covered_display": "0", "missing_lines": 3, "excluded_lines": 0}, "missing_lines": [202, 203, 213], "excluded_lines": []}, "defer_method.wrapper": {"executed_lines": [], "summary": {"covered_lines": 0, "num_statements": 5, "percent_covered": 0.0, "percent_covered_display": "0", "missing_lines": 5, "excluded_lines": 0}, "missing_lines": [204, 205, 207, 210, 211], "excluded_lines": []}, "defer_method.wrapper.deferred_call": {"executed_lines": [], "summary": {"covered_lines": 0, "num_statements": 1, "percent_covered": 0.0, "percent_covered_display": "0", "missing_lines": 1, "excluded_lines": 0}, "missing_lines": [208], "excluded_lines": []}, "LazyInitializer.__init__": {"executed_lines": [], "summary": {"covered_lines": 0, "num_statements": 2, "percent_covered": 0.0, "percent_covered_display": "0", "missing_lines": 2, "excluded_lines": 0}, "missing_lines": [252, 253], "excluded_lines": []}, "LazyInitializer.register": {"executed_lines": [], "summary": {"covered_lines": 0, "num_statements": 2, "percent_covered": 0.0, "percent_covered_display": "0", "missing_lines": 2, "excluded_lines": 0}, "missing_lines": [263, 264], "excluded_lines": []}, "LazyInitializer.initialize": {"executed_lines": [], "summary": {"covered_lines": 0, "num_statements": 7, "percent_covered": 0.0, "percent_covered_display": "0", "missing_lines": 7, "excluded_lines": 0}, "missing_lines": [273, 274, 276, 277, 279, 280, 281], "excluded_lines": []}, "LazyInitializer.initialize_remaining": {"executed_lines": [], "summary": {"covered_lines": 0, "num_statements": 5, "percent_covered": 0.0, "percent_covered_display": "0", "missing_lines": 5, "excluded_lines": 0}, "missing_lines": [285, 287, 288, 290, 291], "excluded_lines": []}, "LazyInitializer.is_initialized": {"executed_lines": [], "summary": {"covered_lines": 0, "num_statements": 1, "percent_covered": 0.0, "percent_covered_display": "0", "missing_lines": 1, "excluded_lines": 0}, "missing_lines": [303], "excluded_lines": []}, "LazyInitializer.get_statistics": {"executed_lines": [], "summary": {"covered_lines": 0, "num_statements": 4, "percent_covered": 0.0, "percent_covered_display": "0", "missing_lines": 4, "excluded_lines": 0}, "missing_lines": [312, 313, 314, 316], "excluded_lines": []}, "cached_property.__init__": {"executed_lines": [], "summary": {"covered_lines": 0, "num_statements": 3, "percent_covered": 0.0, "percent_covered_display": "0", "missing_lines": 3, "excluded_lines": 0}, "missing_lines": [350, 351, 352], "excluded_lines": []}, "cached_property.__set_name__": {"executed_lines": [], "summary": {"covered_lines": 0, "num_statements": 1, "percent_covered": 0.0, "percent_covered_display": "0", "missing_lines": 1, "excluded_lines": 0}, "missing_lines": [362], "excluded_lines": []}, "cached_property.__get__": {"executed_lines": [], "summary": {"covered_lines": 0, "num_statements": 10, "percent_covered": 0.0, "percent_covered_display": "0", "missing_lines": 10, "excluded_lines": 0}, "missing_lines": [366, 367, 369, 370, 375, 376, 377, 380, 381, 383], "excluded_lines": []}, "": {"executed_lines": [], "summary": {"covered_lines": 0, "num_statements": 27, "percent_covered": 0.0, "percent_covered_display": "0", "missing_lines": 27, "excluded_lines": 0}, "missing_lines": [22, 23, 24, 25, 27, 30, 33, 60, 71, 99, 109, 120, 140, 150, 166, 174, 216, 250, 255, 266, 283, 293, 305, 326, 343, 354, 364], "excluded_lines": []}}, "classes": {"lazy_property": {"executed_lines": [], "summary": {"covered_lines": 0, "num_statements": 14, "percent_covered": 0.0, "percent_covered_display": "0", "missing_lines": 14, "excluded_lines": 0}, "missing_lines": [67, 68, 69, 82, 83, 86, 87, 90, 93, 95, 97, 107, 116, 117], "excluded_lines": []}, "LazyImport": {"executed_lines": [], "summary": {"covered_lines": 0, "num_statements": 9, "percent_covered": 0.0, "percent_covered_display": "0", "missing_lines": 9, "excluded_lines": 0}, "missing_lines": [147, 148, 160, 161, 162, 164, 168, 169, 171], "excluded_lines": []}, "LazyInitializer": {"executed_lines": [], "summary": {"covered_lines": 0, "num_statements": 21, "percent_covered": 0.0, "percent_covered_display": "0", "missing_lines": 21, "excluded_lines": 0}, "missing_lines": [252, 253, 263, 264, 273, 274, 276, 277, 279, 280, 281, 285, 287, 288, 290, 291, 303, 312, 313, 314, 316], "excluded_lines": []}, "cached_property": {"executed_lines": [], "summary": {"covered_lines": 0, "num_statements": 14, "percent_covered": 0.0, "percent_covered_display": "0", "missing_lines": 14, "excluded_lines": 0}, "missing_lines": [350, 351, 352, 362, 366, 367, 369, 370, 375, 376, 377, 380, 381, 383], "excluded_lines": []}, "": {"executed_lines": [], "summary": {"covered_lines": 0, "num_statements": 36, "percent_covered": 0.0, "percent_covered_display": "0", "missing_lines": 36, "excluded_lines": 0}, "missing_lines": [22, 23, 24, 25, 27, 30, 33, 60, 71, 99, 109, 120, 140, 150, 166, 174, 202, 203, 204, 205, 207, 208, 210, 211, 213, 216, 250, 255, 266, 283, 293, 305, 326, 343, 354, 364], "excluded_lines": []}}}, "src/asciidoc_artisan/core/lru_cache.py": {"executed_lines": [1, 21, 22, 23, 25, 28, 29, 32, 33, 62, 70, 71, 73, 74, 75, 76, 77, 78, 80, 82, 93, 95, 96, 97, 99, 100, 102, 113, 114, 117, 120, 121, 122, 123, 127, 137, 138, 139, 140, 142, 144, 145, 146, 147, 148, 149, 151, 153, 155, 157, 159, 161, 162, 163, 164, 166, 168, 170, 172, 173, 175, 177, 179, 181, 183, 185, 187, 194, 195, 197, 208, 217, 218, 220, 221, 224, 225, 226, 228, 234, 235, 257, 271, 272, 273, 274, 276, 288, 289, 291, 292, 303, 311, 315, 318, 319, 320, 321, 324, 325, 326, 328, 330, 331, 332, 333, 334, 337, 339, 340, 341, 343, 345, 346, 347, 349, 350, 354, 356], "summary": {"covered_lines": 116, "num_statements": 129, "percent_covered": 89.92248062015504, "percent_covered_display": "90", "missing_lines": 13, "excluded_lines": 0}, "missing_lines": [293, 294, 295, 296, 298, 299, 300, 304, 305, 306, 307, 316, 335], "excluded_lines": [], "functions": {"LRUCache.__init__": {"executed_lines": [70, 71, 73, 74, 75, 76, 77, 78, 80], "summary": {"covered_lines": 9, "num_statements": 9, "percent_covered": 100.0, "percent_covered_display": "100", "missing_lines": 0, "excluded_lines": 0}, "missing_lines": [], "excluded_lines": []}, "LRUCache.get": {"executed_lines": [93, 95, 96, 97, 99, 100], "summary": {"covered_lines": 6, "num_statements": 6, "percent_covered": 100.0, "percent_covered_display": "100", "missing_lines": 0, "excluded_lines": 0}, "missing_lines": [], "excluded_lines": []}, "LRUCache.put": {"executed_lines": [113, 114, 117, 120, 121, 122, 123], "summary": {"covered_lines": 7, "num_statements": 7, "percent_covered": 100.0, "percent_covered_display": "100", "missing_lines": 0, "excluded_lines": 0}, "missing_lines": [], "excluded_lines": []}, "LRUCache.delete": {"executed_lines": [137, 138, 139, 140], "summary": {"covered_lines": 4, "num_statements": 4, "percent_covered": 100.0, "percent_covered_display": "100", "missing_lines": 0, "excluded_lines": 0}, "missing_lines": [], "excluded_lines": []}, "LRUCache.clear": {"executed_lines": [144, 145, 146, 147, 148, 149], "summary": {"covered_lines": 6, "num_statements": 6, "percent_covered": 100.0, "percent_covered_display": "100", "missing_lines": 0, "excluded_lines": 0}, "missing_lines": [], "excluded_lines": []}, "LRUCache.__contains__": {"executed_lines": [153], "summary": {"covered_lines": 1, "num_statements": 1, "percent_covered": 100.0, "percent_covered_display": "100", "missing_lines": 0, "excluded_lines": 0}, "missing_lines": [], "excluded_lines": []}, "LRUCache.__len__": {"executed_lines": [157], "summary": {"covered_lines": 1, "num_statements": 1, "percent_covered": 100.0, "percent_covered_display": "100", "missing_lines": 0, "excluded_lines": 0}, "missing_lines": [], "excluded_lines": []}, "LRUCache.__getitem__": {"executed_lines": [161, 162, 163, 164], "summary": {"covered_lines": 4, "num_statements": 4, "percent_covered": 100.0, "percent_covered_display": "100", "missing_lines": 0, "excluded_lines": 0}, "missing_lines": [], "excluded_lines": []}, "LRUCache.__setitem__": {"executed_lines": [168], "summary": {"covered_lines": 1, "num_statements": 1, "percent_covered": 100.0, "percent_covered_display": "100", "missing_lines": 0, "excluded_lines": 0}, "missing_lines": [], "excluded_lines": []}, "LRUCache.__delitem__": {"executed_lines": [172, 173], "summary": {"covered_lines": 2, "num_statements": 2, "percent_covered": 100.0, "percent_covered_display": "100", "missing_lines": 0, "excluded_lines": 0}, "missing_lines": [], "excluded_lines": []}, "LRUCache.keys": {"executed_lines": [177], "summary": {"covered_lines": 1, "num_statements": 1, "percent_covered": 100.0, "percent_covered_display": "100", "missing_lines": 0, "excluded_lines": 0}, "missing_lines": [], "excluded_lines": []}, "LRUCache.values": {"executed_lines": [181], "summary": {"covered_lines": 1, "num_statements": 1, "percent_covered": 100.0, "percent_covered_display": "100", "missing_lines": 0, "excluded_lines": 0}, "missing_lines": [], "excluded_lines": []}, "LRUCache.items": {"executed_lines": [185], "summary": {"covered_lines": 1, "num_statements": 1, "percent_covered": 100.0, "percent_covered_display": "100", "missing_lines": 0, "excluded_lines": 0}, "missing_lines": [], "excluded_lines": []}, "LRUCache.get_stats": {"executed_lines": [194, 195, 197], "summary": {"covered_lines": 3, "num_statements": 3, "percent_covered": 100.0, "percent_covered_display": "100", "missing_lines": 0, "excluded_lines": 0}, "missing_lines": [], "excluded_lines": []}, "LRUCache.resize": {"executed_lines": [217, 218, 220, 221, 224, 225, 226, 228], "summary": {"covered_lines": 8, "num_statements": 8, "percent_covered": 100.0, "percent_covered_display": "100", "missing_lines": 0, "excluded_lines": 0}, "missing_lines": [], "excluded_lines": []}, "SizeAwareLRUCache.__init__": {"executed_lines": [271, 272, 273, 274], "summary": {"covered_lines": 4, "num_statements": 4, "percent_covered": 100.0, "percent_covered_display": "100", "missing_lines": 0, "excluded_lines": 0}, "missing_lines": [], "excluded_lines": []}, "SizeAwareLRUCache.put": {"executed_lines": [288, 289, 291, 292, 303, 311, 315, 318, 319, 320, 321, 324, 325, 326], "summary": {"covered_lines": 14, "num_statements": 26, "percent_covered": 53.84615384615385, "percent_covered_display": "54", "missing_lines": 12, "excluded_lines": 0}, "missing_lines": [293, 294, 295, 296, 298, 299, 300, 304, 305, 306, 307, 316], "excluded_lines": []}, "SizeAwareLRUCache.delete": {"executed_lines": [330, 331, 332, 333, 334], "summary": {"covered_lines": 5, "num_statements": 6, "percent_covered": 83.33333333333333, "percent_covered_display": "83", "missing_lines": 1, "excluded_lines": 0}, "missing_lines": [335], "excluded_lines": []}, "SizeAwareLRUCache.clear": {"executed_lines": [339, 340, 341], "summary": {"covered_lines": 3, "num_statements": 3, "percent_covered": 100.0, "percent_covered_display": "100", "missing_lines": 0, "excluded_lines": 0}, "missing_lines": [], "excluded_lines": []}, "SizeAwareLRUCache.get_stats": {"executed_lines": [345, 346, 347, 349, 350, 354, 356], "summary": {"covered_lines": 7, "num_statements": 7, "percent_covered": 100.0, "percent_covered_display": "100", "missing_lines": 0, "excluded_lines": 0}, "missing_lines": [], "excluded_lines": []}, "": {"executed_lines": [1, 21, 22, 23, 25, 28, 29, 32, 33, 62, 82, 102, 127, 142, 151, 155, 159, 166, 170, 175, 179, 183, 187, 208, 234, 235, 257, 276, 328, 337, 343], "summary": {"covered_lines": 28, "num_statements": 28, "percent_covered": 100.0, "percent_covered_display": "100", "missing_lines": 0, "excluded_lines": 0}, "missing_lines": [], "excluded_lines": []}}, "classes": {"LRUCache": {"executed_lines": [70, 71, 73, 74, 75, 76, 77, 78, 80, 93, 95, 96, 97, 99, 100, 113, 114, 117, 120, 121, 122, 123, 137, 138, 139, 140, 144, 145, 146, 147, 148, 149, 153, 157, 161, 162, 163, 164, 168, 172, 173, 177, 181, 185, 194, 195, 197, 217, 218, 220, 221, 224, 225, 226, 228], "summary": {"covered_lines": 55, "num_statements": 55, "percent_covered": 100.0, "percent_covered_display": "100", "missing_lines": 0, "excluded_lines": 0}, "missing_lines": [], "excluded_lines": []}, "SizeAwareLRUCache": {"executed_lines": [271, 272, 273, 274, 288, 289, 291, 292, 303, 311, 315, 318, 319, 320, 321, 324, 325, 326, 330, 331, 332, 333, 334, 339, 340, 341, 345, 346, 347, 349, 350, 354, 356], "summary": {"covered_lines": 33, "num_statements": 46, "percent_covered": 71.73913043478261, "percent_covered_display": "72", "missing_lines": 13, "excluded_lines": 0}, "missing_lines": [293, 294, 295, 296, 298, 299, 300, 304, 305, 306, 307, 316, 335], "excluded_lines": []}, "": {"executed_lines": [1, 21, 22, 23, 25, 28, 29, 32, 33, 62, 82, 102, 127, 142, 151, 155, 159, 166, 170, 175, 179, 183, 187, 208, 234, 235, 257, 276, 328, 337, 343], "summary": {"covered_lines": 28, "num_statements": 28, "percent_covered": 100.0, "percent_covered_display": "100", "missing_lines": 0, "excluded_lines": 0}, "missing_lines": [], "excluded_lines": []}}}, "src/asciidoc_artisan/core/memory_profiler.py": {"executed_lines": [1, 25, 26, 27, 28, 29, 31, 34, 35, 37, 43, 44, 45, 47, 48, 49, 50, 51, 53, 61, 62, 90, 108, 118, 127, 179, 199, 223, 251, 284, 289, 293, 301, 304, 317, 357, 398], "summary": {"covered_lines": 33, "num_statements": 170, "percent_covered": 19.41176470588235, "percent_covered_display": "19", "missing_lines": 137, "excluded_lines": 2}, "missing_lines": [38, 39, 40, 54, 55, 97, 98, 99, 100, 102, 103, 104, 105, 106, 110, 111, 112, 114, 115, 116, 120, 121, 123, 124, 125, 137, 138, 139, 142, 143, 146, 147, 148, 151, 152, 154, 155, 156, 158, 159, 160, 162, 170, 172, 173, 175, 177, 187, 188, 190, 191, 192, 193, 194, 195, 196, 197, 206, 207, 208, 210, 211, 213, 214, 215, 216, 217, 218, 220, 221, 231, 232, 233, 235, 236, 238, 239, 241, 247, 248, 249, 258, 259, 261, 262, 264, 277, 278, 279, 280, 282, 286, 287, 291, 295, 296, 297, 312, 313, 314, 333, 334, 335, 338, 339, 342, 345, 348, 350, 352, 354, 359, 361, 362, 364, 365, 367, 368, 370, 371, 372, 374, 375, 376, 378, 379, 380, 382, 383, 384, 385, 386, 388, 390, 391, 393, 395], "excluded_lines": [398, 399], "functions": {"MemorySnapshot.__str__": {"executed_lines": [], "summary": {"covered_lines": 0, "num_statements": 2, "percent_covered": 0.0, "percent_covered_display": "0", "missing_lines": 2, "excluded_lines": 0}, "missing_lines": [54, 55], "excluded_lines": []}, "MemoryProfiler.__init__": {"executed_lines": [], "summary": {"covered_lines": 0, "num_statements": 9, "percent_covered": 0.0, "percent_covered_display": "0", "missing_lines": 9, "excluded_lines": 0}, "missing_lines": [97, 98, 99, 100, 102, 103, 104, 105, 106], "excluded_lines": []}, "MemoryProfiler.start": {"executed_lines": [], "summary": {"covered_lines": 0, "num_statements": 6, "percent_covered": 0.0, "percent_covered_display": "0", "missing_lines": 6, "excluded_lines": 0}, "missing_lines": [110, 111, 112, 114, 115, 116], "excluded_lines": []}, "MemoryProfiler.stop": {"executed_lines": [], "summary": {"covered_lines": 0, "num_s
[...]
display": "34", "missing_lines": 95, "excluded_lines": 0}, "missing_lines": [105, 106, 147, 148, 149, 150, 152, 155, 156, 160, 162, 163, 166, 169, 173, 174, 178, 179, 180, 181, 183, 184, 187, 191, 192, 197, 198, 199, 200, 215, 223, 232, 243, 244, 245, 246, 249, 250, 251, 252, 253, 258, 260, 262, 265, 273, 283, 303, 304, 312, 314, 317, 318, 319, 320, 327, 329, 384, 385, 386, 387, 424, 425, 426, 428, 429, 431, 434, 437, 440, 442, 443, 444, 446, 449, 450, 451, 453, 456, 458, 459, 460, 461, 462, 463, 480, 492, 493, 496, 497, 510, 511, 524, 526, 545], "excluded_lines": []}, "": {"executed_lines": [1, 25, 26, 27, 28, 29, 30, 32, 35, 36, 38, 46, 47, 49, 54, 57, 58, 87, 88, 89, 91, 97, 108, 109, 360, 407, 465], "summary": {"covered_lines": 25, "num_statements": 31, "percent_covered": 80.64516129032258, "percent_covered_display": "81", "missing_lines": 6, "excluded_lines": 0}, "missing_lines": [39, 40, 41, 50, 51, 52], "excluded_lines": []}}}, "src/asciidoc_artisan/workers/predictive_renderer.py": {"executed_lines": [1, 13, 14, 15, 16, 17, 19, 22, 23, 24, 33, 34, 35, 38, 39, 57, 64, 67, 68, 71, 72, 75, 76, 79, 80, 82, 92, 113, 192, 201, 220, 225, 268, 269, 275, 283, 284, 287, 290, 292, 305, 309, 314, 342, 356], "summary": {"covered_lines": 41, "num_statements": 136, "percent_covered": 30.147058823529413, "percent_covered_display": "30", "missing_lines": 95, "excluded_lines": 0}, "missing_lines": [89, 90, 99, 101, 102, 105, 106, 107, 109, 111, 132, 134, 135, 138, 139, 140, 143, 144, 145, 147, 148, 149, 152, 153, 154, 155, 156, 159, 160, 161, 162, 163, 167, 168, 169, 171, 172, 174, 175, 176, 177, 178, 181, 184, 186, 199, 208, 209, 210, 212, 222, 223, 238, 241, 242, 243, 244, 245, 246, 247, 249, 252, 254, 255, 256, 257, 258, 261, 262, 263, 265, 299, 300, 301, 303, 307, 311, 312, 322, 323, 326, 329, 330, 331, 332, 335, 337, 349, 350, 351, 352, 354, 358, 359, 360], "excluded_lines": [], "functions": {"PredictiveRenderer.__init__": {"executed_lines": [64, 67, 68, 71, 72, 75, 76, 79, 80], "summary": {"covered_lines": 9, "num_statements": 9, "percent_covered": 100.0, "percent_covered_display": "100", "missing_lines": 0, "excluded_lines": 0}, "missing_lines": [], "excluded_lines": []}, "PredictiveRenderer.update_cursor_position": {"executed_lines": [], "summary": {"covered_lines": 0, "num_statements": 2, "percent_covered": 0.0, "percent_covered_display": "0", "missing_lines": 2, "excluded_lines": 0}, "missing_lines": [89, 90], "excluded_lines": []}, "PredictiveRenderer.record_edit": {"executed_lines": [], "summary": {"covered_lines": 0, "num_statements": 8, "percent_covered": 0.0, "percent_covered_display": "0", "missing_lines": 8, "excluded_lines": 0}, "missing_lines": [99, 101, 102, 105, 106, 107, 109, 111], "excluded_lines": []}, "PredictiveRenderer.predict_next_blocks": {"executed_lines": [], "summary": {"covered_lines": 0, "num_statements": 35, "percent_covered": 0.0, "percent_covered_display": "0", "missing_lines": 35, "excluded_lines": 0}, "missing_lines": [132, 134, 135, 138, 139, 140, 143, 144, 145, 147, 148, 149, 152, 153, 154, 155, 156, 159, 160, 161, 162, 163, 167, 168, 169, 171, 172, 174, 175, 176, 177, 178, 181, 184, 186], "excluded_lines": []}, "PredictiveRenderer.record_prediction_used": {"executed_lines": [], "summary": {"covered_lines": 0, "num_statements": 1, "percent_covered": 0.0, "percent_covered_display": "0", "missing_lines": 1, "excluded_lines": 0}, "missing_lines": [199], "excluded_lines": []}, "PredictiveRenderer.get_statistics": {"executed_lines": [], "summary": {"covered_lines": 0, "num_statements": 4, "percent_covered": 0.0, "percent_covered_display": "0", "missing_lines": 4, "excluded_lines": 0}, "missing_lines": [208, 209, 210, 212], "excluded_lines": []}, "PredictiveRenderer.reset_statistics": {"executed_lines": [], "summary": {"covered_lines": 0, "num_statements": 2, "percent_covered": 0.0, "percent_covered_display": "0", "missing_lines": 2, "excluded_lines": 0}, "missing_lines": [222, 223], "excluded_lines": []}, "PredictiveRenderer.get_priority_score": {"executed_lines": [], "summary": {"covered_lines": 0, "num_statements": 19, "percent_covered": 0.0, "percent_covered_display": "0", "missing_lines": 19, "excluded_lines": 0}, "missing_lines": [238, 241, 242, 243, 244, 245, 246, 247, 249, 252, 254, 255, 256, 257, 258, 261, 262, 263, 265], "excluded_lines": []}, "PredictivePreviewRenderer.__init__": {"executed_lines": [283, 284, 287, 290], "summary": {"covered_lines": 4, "num_statements": 4, "percent_covered": 100.0, "percent_covered_display": "100", "missing_lines": 0, "excluded_lines": 0}, "missing_lines": [], "excluded_lines": []}, "PredictivePreviewRenderer.enable": {"executed_lines": [], "summary": {"covered_lines": 0, "num_statements": 4, "percent_covered": 0.0, "percent_covered_display": "0", "missing_lines": 4, "excluded_lines": 0}, "missing_lines": [299, 300, 301, 303], "excluded_lines": []}, "PredictivePreviewRenderer.is_enabled": {"executed_lines": [], "summary": {"covered_lines": 0, "num_statements": 1, "percent_covered": 0.0, "percent_covered_display": "0", "missing_lines": 1, "excluded_lines": 0}, "missing_lines": [307], "excluded_lines": []}, "PredictivePreviewRenderer.update_cursor_position": {"executed_lines": [], "summary": {"covered_lines": 0, "num_statements": 2, "percent_covered": 0.0, "percent_covered_display": "0", "missing_lines": 2, "excluded_lines": 0}, "missing_lines": [311, 312], "excluded_lines": []}, "PredictivePreviewRenderer.request_prediction": {"executed_lines": [], "summary": {"covered_lines": 0, "num_statements": 9, "percent_covered": 0.0, "percent_covered_display": "0", "missing_lines": 9, "excluded_lines": 0}, "missing_lines": [322, 323, 326, 329, 330, 331, 332, 335, 337], "excluded_lines": []}, "PredictivePreviewRenderer.get_next_prerender_block": {"executed_lines": [], "summary": {"covered_lines": 0, "num_statements": 5, "percent_covered": 0.0, "percent_covered_display": "0", "missing_lines": 5, "excluded_lines": 0}, "missing_lines": [349, 350, 351, 352, 354], "excluded_lines": []}, "PredictivePreviewRenderer.get_statistics": {"executed_lines": [], "summary": {"covered_lines": 0, "num_statements": 3, "percent_covered": 0.0, "percent_covered_display": "0", "missing_lines": 3, "excluded_lines": 0}, "missing_lines": [358, 359, 360], "excluded_lines": []}, "": {"executed_lines": [1, 13, 14, 15, 16, 17, 19, 22, 23, 24, 33, 34, 35, 38, 39, 57, 82, 92, 113, 192, 201, 220, 225, 268, 269, 275, 292, 305, 309, 314, 342, 356], "summary": {"covered_lines": 28, "num_statements": 28, "percent_covered": 100.0, "percent_covered_display": "100", "missing_lines": 0, "excluded_lines": 0}, "missing_lines": [], "excluded_lines": []}}, "classes": {"RenderPrediction": {"executed_lines": [], "summary": {"covered_lines": 0, "num_statements": 0, "percent_covered": 100.0, "percent_covered_display": "100", "missing_lines": 0, "excluded_lines": 0}, "missing_lines": [], "excluded_lines": []}, "PredictiveRenderer": {"executed_lines": [64, 67, 68, 71, 72, 75, 76, 79, 80], "summary": {"covered_lines": 9, "num_statements": 80, "percent_covered": 11.25, "percent_covered_display": "11", "missing_lines": 71, "excluded_lines": 0}, "missing_lines": [89, 90, 99, 101, 102, 105, 106, 107, 109, 111, 132, 134, 135, 138, 139, 140, 143, 144, 145, 147, 148, 149, 152, 153, 154, 155, 156, 159, 160, 161, 162, 163, 167, 168, 169, 171, 172, 174, 175, 176, 177, 178, 181, 184, 186, 199, 208, 209, 210, 212, 222, 223, 238, 241, 242, 243, 244, 245, 246, 247, 249, 252, 254, 255, 256, 257, 258, 261, 262, 263, 265], "excluded_lines": []}, "PredictivePreviewRenderer": {"executed_lines": [283, 284, 287, 290], "summary": {"covered_lines": 4, "num_statements": 28, "percent_covered": 14.285714285714286, "percent_covered_display": "14", "missing_lines": 24, "excluded_lines": 0}, "missing_lines": [299, 300, 301, 303, 307, 311, 312, 322, 323, 326, 329, 330, 331, 332, 335, 337, 349, 350, 351, 352, 354, 358, 359, 360], "excluded_lines": []}, "": {"executed_lines": [1, 13, 14, 15, 16, 17, 19, 22, 23, 24, 33, 34, 35, 38, 39, 57, 82, 92, 113, 192, 201, 220, 225, 268, 269, 275, 292, 305, 309, 314, 342, 356], "summary": {"covered_lines": 28, "num_statements": 28, "percent_covered": 100.0, "percent_covered_display": "100", "missing_lines": 0, "excluded_lines": 0}, "missing_lines": [], "excluded_lines": []}}}, "src/asciidoc_artisan/workers/preview_worker.py": {"executed_lines": [1, 19, 20, 21, 22, 23, 25, 28, 29, 30, 32, 39, 40, 42, 48, 49, 54, 61, 62, 64, 69, 72, 73, 99, 100, 102, 104, 105, 106, 107, 108, 109, 111, 133, 134, 135, 138, 141, 142, 143, 144, 145, 146, 149, 150, 153, 156, 157, 160, 162, 168, 169, 197, 198, 200, 201, 203, 204, 205, 208, 218, 219, 220, 221, 222, 225, 226, 227, 228, 230, 232, 234, 237, 238, 240, 252, 264, 274, 321, 375, 386, 397], "summary": {"covered_lines": 80, "num_statements": 156, "percent_covered": 51.282051282051285, "percent_covered_display": "51", "missing_lines": 76, "excluded_lines": 0}, "missing_lines": [33, 34, 35, 36, 43, 44, 45, 55, 56, 57, 58, 65, 66, 67, 163, 164, 213, 214, 215, 247, 248, 249, 250, 259, 260, 261, 262, 271, 272, 285, 286, 288, 290, 295, 296, 297, 300, 301, 302, 303, 304, 307, 311, 316, 318, 319, 332, 333, 335, 337, 339, 341, 343, 344, 346, 349, 350, 351, 354, 357, 360, 362, 364, 369, 370, 372, 373, 382, 383, 384, 393, 394, 395, 399, 400, 401], "excluded_lines": [], "functions": {"PreviewWorker.__init__": {"executed_lines": [104, 105, 106, 107, 108, 109], "summary": {"covered_lines": 6, "num_statements": 6, "percent_covered": 100.0, "percent_covered_display": "100", "missing_lines": 0, "excluded_lines": 0}, "missing_lines": [], "excluded_lines": []}, "PreviewWorker.initialize_asciidoc": {"executed_lines": [133, 134, 135, 138, 141, 142, 143, 144, 145, 146, 149, 150, 153, 156, 157, 160, 162], "summary": {"covered_lines": 17, "num_statements": 19, "percent_covered": 89.47368421052632, "percent_covered_display": "89", "missing_lines": 2, "excluded_lines": 0}, "missing_lines": [163, 164], "excluded_lines": []}, "PreviewWorker.render_preview": {"executed_lines": [197, 198, 200, 201, 203, 204, 205, 208, 218, 219, 220, 221, 222, 225, 226, 227, 228, 230, 232, 234, 237, 238], "summary": {"covered_lines": 22, "num_statements": 25, "percent_covered": 88.0, "percent_covered_display": "88", "missing_lines": 3, "excluded_lines": 0}, "missing_lines": [213, 214, 215], "excluded_lines": []}, "PreviewWorker.set_incremental_rendering": {"executed_lines": [], "summary": {"covered_lines": 0, "num_statements": 4, "percent_covered": 0.0, "percent_covered_display": "0", "missing_lines": 4, "excluded_lines": 0}, "missing_lines": [247, 248, 249, 250], "excluded_lines": []}, "PreviewWorker.set_predictive_rendering": {"executed_lines": [], "summary": {"covered_lines": 0, "num_statements": 4, "percent_covered": 0.0, "percent_covered_display": "0", "missing_lines": 4, "excluded_lines": 0}, "missing_lines": [259, 260, 261, 262], "excluded_lines": []}, "PreviewWorker.update_cursor_position": {"executed_lines": [], "summary": {"covered_lines": 0, "num_statements": 2, "percent_covered": 0.0, "percent_covered_display": "0", "missing_lines": 2, "excluded_lines": 0}, "missing_lines": [271, 272], "excluded_lines": []}, "PreviewWorker.request_prediction": {"executed_lines": [], "summary": {"covered_lines": 0, "num_statements": 17, "percent_covered": 0.0, "percent_covered_display": "0", "missing_lines": 17, "excluded_lines": 0}, "missing_lines": [285, 286, 288, 290, 295, 296, 297, 300, 301, 302, 303, 304, 307, 311, 316, 318, 319], "excluded_lines": []}, "PreviewWorker._schedule_prerender": {"executed_lines": [], "summary": {"covered_lines": 0, "num_statements": 21, "percent_covered": 0.0, "percent_covered_display": "0", "missing_lines": 21, "excluded_lines": 0}, "missing_lines": [332, 333, 335, 337, 339, 341, 343, 344, 346, 349, 350, 351, 354, 357, 360, 362, 364, 369, 370, 372, 373], "excluded_lines": []}, "PreviewWorker.get_predictive_stats": {"executed_lines": [], "summary": {"covered_lines": 0, "num_statements": 3, "percent_covered": 0.0, "percent_covered_display": "0", "missing_lines": 3, "excluded_lines": 0}, "missing_lines": [382, 383, 384], "excluded_lines": []}, "PreviewWorker.get_cache_stats": {"executed_lines": [], "summary": {"covered_lines": 0, "num_statements": 3, "percent_covered": 0.0, "percent_covered_display": "0", "missing_lines": 3, "excluded_lines": 0}, "missing_lines": [393, 394, 395], "excluded_lines": []}, "PreviewWorker.clear_cache": {"executed_lines": [], "summary": {"covered_lines": 0, "num_statements": 3, "percent_covered": 0.0, "percent_covered_display": "0", "missing_lines": 3, "excluded_lines": 0}, "missing_lines": [399, 400, 401], "excluded_lines": []}, "": {"executed_lines": [1, 19, 20, 21, 22, 23, 25, 28, 29, 30, 32, 39, 40, 42, 48, 49, 54, 61, 62, 64, 69, 72, 73, 99, 100, 102, 111, 168, 169, 240, 252, 264, 274, 321, 375, 386, 397], "summary": {"covered_lines": 35, "num_statements": 49, "percent_covered": 71.42857142857143, "percent_covered_display": "71", "missing_lines": 14, "excluded_lines": 0}, "missing_lines": [33, 34, 35, 36, 43, 44, 45, 55, 56, 57, 58, 65, 66, 67], "excluded_lines": []}}, "classes": {"PreviewWorker": {"executed_lines": [104, 105, 106, 107, 108, 109, 133, 134, 135, 138, 141, 142, 143, 144, 145, 146, 149, 150, 153, 156, 157, 160, 162, 197, 198, 200, 201, 203, 204, 205, 208, 218, 219, 220, 221, 222, 225, 226, 227, 228, 230, 232, 234, 237, 238], "summary": {"covered_lines": 45, "num_statements": 107, "percent_covered": 42.05607476635514, "percent_covered_display": "42", "missing_lines": 62, "excluded_lines": 0}, "missing_lines": [163, 164, 213, 214, 215, 247, 248, 249, 250, 259, 260, 261, 262, 271, 272, 285, 286, 288, 290, 295, 296, 297, 300, 301, 302, 303, 304, 307, 311, 316, 318, 319, 332, 333, 335, 337, 339, 341, 343, 344, 346, 349, 350, 351, 354, 357, 360, 362, 364, 369, 370, 372, 373, 382, 383, 384, 393, 394, 395, 399, 400, 401], "excluded_lines": []}, "": {"executed_lines": [1, 19, 20, 21, 22, 23, 25, 28, 29, 30, 32, 39, 40, 42, 48, 49, 54, 61, 62, 64, 69, 72, 73, 99, 100, 102, 111, 168, 169, 240, 252, 264, 274, 321, 375, 386, 397], "summary": {"covered_lines": 35, "num_statements": 49, "percent_covered": 71.42857142857143, "percent_covered_display": "71", "missing_lines": 14, "excluded_lines": 0}, "missing_lines": [33, 34, 35, 36, 43, 44, 45, 55, 56, 57, 58, 65, 66, 67], "excluded_lines": []}}}, "src/asciidoc_artisan/workers/worker_tasks.py": {"executed_lines": [1, 13, 14, 15, 16, 17, 19, 21, 22, 24, 27, 28, 39, 40, 41, 42, 43, 46, 47, 59, 98, 109, 110, 121, 171, 181, 182, 191, 263], "summary": {"covered_lines": 24, "num_statements": 105, "percent_covered": 22.857142857142858, "percent_covered_display": "23", "missing_lines": 81, "excluded_lines": 0}, "missing_lines": [63, 64, 66, 69, 71, 72, 74, 75, 76, 79, 80, 83, 85, 86, 88, 90, 91, 92, 94, 95, 96, 100, 101, 102, 104, 105, 106, 130, 131, 133, 136, 138, 139, 141, 143, 145, 146, 149, 150, 154, 158, 159, 161, 163, 164, 165, 167, 168, 169, 173, 174, 175, 176, 177, 178, 195, 196, 198, 201, 203, 204, 212, 214, 223, 224, 232, 240, 241, 242, 249, 250, 251, 259, 260, 261, 265, 266, 267, 268, 269, 270], "excluded_lines": [], "functions": {"RenderTask.__init__": {"executed_lines": [], "summary": {"covered_lines": 0, "num_statements": 7, "percent_covered": 0.0, "percent_covered_display": "0", "missing_lines": 7, "excluded_lines": 0}, "missing_lines": [63, 64, 66, 69, 94, 95, 96], "excluded_lines": []}, "RenderTask.__init__.render_func": {"executed_lines": [], "summary": {"covered_lines": 0, "num_statements": 14, "percent_covered": 0.0, "percent_covered_display": "0", "missing_lines": 14, "excluded_lines": 0}, "missing_lines": [71, 72, 74, 75, 76, 79, 80, 83, 85, 86, 88, 90, 91, 92], "excluded_lines": []}, "RenderTask.run": {"executed_lines": [], "summary": {"covered_lines": 0, "num_statements": 6, "percent_covered": 0.0, "percent_covered_display": "0", "missing_lines": 6, "excluded_lines": 0}, "missing_lines": [100, 101, 102, 104, 105, 106], "excluded_lines": []}, "ConversionTask.__init__": {"executed_lines": [], "summary": {"covered_lines": 0, "num_statements": 7, "percent_covered": 0.0, "percent_covered_display": "0", "missing_lines": 7, "excluded_lines": 0}, "missing_lines": [130, 131, 133, 136, 167, 168, 169], "excluded_lines": []}, "ConversionTask.__init__.convert_func": {"executed_lines": [], "summary": {"covered_lines": 0, "num_statements": 15, "percent_covered": 0.0, "percent_covered_display": "0", "missing_lines": 15, "excluded_lines": 0}, "missing_lines": [138, 139, 141, 143, 145, 146, 149, 150, 154, 158, 159, 161, 163, 164, 165], "excluded_lines": []}, "ConversionTask.run": {"executed_lines": [], "summary": {"covered_lines": 0, "num_statements": 6, "percent_covered": 0.0, "percent_covered_display": "0", "missing_lines": 6, "excluded_lines": 0}, "missing_lines": [173, 174, 175, 176, 177, 178], "excluded_lines": []}, "GitTask.__init__": {"executed_lines": [], "summary": {"covered_lines": 0, "num_statements": 7, "percent_covered": 0.0, "percent_covered_display": "0", "missing_lines": 7, "excluded_lines": 0}, "missing_lines": [195, 196, 198, 201, 259, 260, 261], "excluded_lines": []}, "GitTask.__init__.git_func": {"executed_lines": [], "summary": {"covered_lines": 0, "num_statements": 13, "percent_covered": 0.0, "percent_covered_display": "0", "missing_lines": 13, "excluded_lines": 0}, "missing_lines": [203, 204, 212, 214, 223, 224, 232, 240, 241, 242, 249, 250, 251], "excluded_lines": []}, "GitTask.run": {"executed_lines": [], "summary": {"covered_lines": 0, "num_statements": 6, "percent_covered": 0.0, "percent_covered_display": "0", "missing_lines": 6, "excluded_lines": 0}, "missing_lines": [265, 266, 267, 268, 269, 270], "excluded_lines": []}, "": {"executed_lines": [1, 13, 14, 15, 16, 17, 19, 21, 22, 24, 27, 28, 39, 40, 41, 42, 43, 46, 47, 59, 98, 109, 110, 121, 171, 181, 182, 191, 263], "summary": {"covered_lines": 24, "num_statements": 24, "percent_covered": 100.0, "percent_covered_display": "100", "missing_lines": 0, "excluded_lines": 0}, "missing_lines": [], "excluded_lines": []}}, "classes": {"TaskSignals": {"executed_lines": [], "summary": {"covered_lines": 0, "num_statements": 0, "percent_covered": 100.0, "percent_covered_display": "100", "missing_lines": 0, "excluded_lines": 0}, "missing_lines": [], "excluded_lines": []}, "RenderTask": {"executed_lines": [], "summary": {"covered_lines": 0, "num_statements": 27, "percent_covered": 0.0, "percent_covered_display": "0", "missing_lines": 27, "excluded_lines": 0}, "missing_lines": [63, 64, 66, 69, 71, 72, 74, 75, 76, 79, 80, 83, 85, 86, 88, 90, 91, 92, 94, 95, 96, 100, 101, 102, 104, 105, 106], "excluded_lines": []}, "ConversionTask": {"executed_lines": [], "summary": {"covered_lines": 0, "num_statements": 28, "percent_covered": 0.0, "percent_covered_display": "0", "missing_lines": 28, "excluded_lines": 0}, "missing_lines": [130, 131, 133, 136, 138, 139, 141, 143, 145, 146, 149, 150, 154, 158, 159, 161, 163, 164, 165, 167, 168, 169, 173, 174, 175, 176, 177, 178], "excluded_lines": []}, "GitTask": {"executed_lines": [], "summary": {"covered_lines": 0, "num_statements": 26, "percent_covered": 0.0, "percent_covered_display": "0", "missing_lines": 26, "excluded_lines": 0}, "missing_lines": [195, 196, 198, 201, 203, 204, 212, 214, 223, 224, 232, 240, 241, 242, 249, 250, 251, 259, 260, 261, 265, 266, 267, 268, 269, 270], "excluded_lines": []}, "": {"executed_lines": [1, 13, 14, 15, 16, 17, 19, 21, 22, 24, 27, 28, 39, 40, 41, 42, 43, 46, 47, 59, 98, 109, 110, 121, 171, 181, 182, 191, 263], "summary": {"covered_lines": 24, "num_statements": 24, "percent_covered": 100.0, "percent_covered_display": "100", "missing_lines": 0, "excluded_lines": 0}, "missing_lines": [], "excluded_lines": []}}}}, "totals": {"covered_lines": 1790, "num_statements": 6073, "percent_covered": 29.474724189033427, "percent_covered_display": "29", "missing_lines": 4283, "excluded_lines": 45}}