============================= test session starts ==============================
platform linux -- Python 3.12.3, pytest-8.4.2, pluggy-1.6.0 -- /home/webbp/github/AsciiDoctorArtisan/venv/bin/python3
cachedir: .pytest_cache
benchmark: 5.2.0 (defaults: timer=time.perf_counter disable_gc=False min_rounds=5 min_time=0.000005 max_time=1.0 calibration_precision=10 warmup=False warmup_iterations=100000)
PySide6 6.10.0 -- Qt runtime 6.10.0 -- Qt compiled 6.10.0
hypothesis profile 'default'
rootdir: /home/webbp/github/AsciiDoctorArtisan
configfile: pytest.ini
plugins: asyncio-1.2.0, cov-7.0.0, benchmark-5.2.0, datadir-1.8.0, mock-3.15.1, timeout-2.4.0, qt-4.5.0, anyio-4.11.0, regressions-2.8.3, hypothesis-6.143.1
asyncio: mode=Mode.STRICT, debug=False, asyncio_default_fixture_loop_scope=None, asyncio_default_test_loop_scope=function
collecting ... collected 1785 items

tests/unit/claude/test_claude_client.py::TestClaudeClient::test_claude_client_initialization PASSED [  0%]
tests/unit/claude/test_claude_client.py::TestClaudeClient::test_claude_client_custom_params PASSED [  0%]
tests/unit/claude/test_claude_client.py::TestClaudeClient::test_is_configured_returns_true_when_key_exists PASSED [  0%]
tests/unit/claude/test_claude_client.py::TestClaudeClient::test_is_configured_returns_false_when_no_key PASSED [  0%]
tests/unit/claude/test_claude_client.py::TestClaudeClient::test_send_message_with_empty_message PASSED [  0%]
tests/unit/claude/test_claude_client.py::TestClaudeClient::test_send_message_with_whitespace_only PASSED [  0%]
tests/unit/claude/test_claude_client.py::TestClaudeClient::test_send_message_without_api_key PASSED [  0%]
tests/unit/claude/test_claude_client.py::TestClaudeClient::test_send_message_successful PASSED [  0%]
tests/unit/claude/test_claude_client.py::TestClaudeClient::test_send_message_with_system_prompt PASSED [  0%]
tests/unit/claude/test_claude_client.py::TestClaudeClient::test_send_message_with_conversation_history PASSED [  0%]
tests/unit/claude/test_claude_client.py::TestClaudeClient::test_get_available_models PASSED [  0%]
tests/unit/claude/test_claude_client.py::TestClaudeClient::test_test_connection_successful PASSED [  0%]
tests/unit/claude/test_claude_client.py::TestClaudeResult::test_claude_result_success PASSED [  0%]
tests/unit/claude/test_claude_client.py::TestClaudeResult::test_claude_result_failure PASSED [  0%]
tests/unit/claude/test_claude_worker.py::TestClaudeWorker::test_claude_worker_initialization PASSED [  0%]
tests/unit/claude/test_claude_worker.py::TestClaudeWorker::test_claude_worker_custom_params PASSED [  0%]
tests/unit/claude/test_claude_worker.py::TestClaudeWorker::test_is_configured_delegates_to_client PASSED [  0%]
tests/unit/claude/test_claude_worker.py::TestClaudeWorker::test_get_available_models_delegates_to_client PASSED [  1%]
tests/unit/claude/test_claude_worker.py::TestClaudeWorker::test_set_model PASSED [  1%]
tests/unit/claude/test_claude_worker.py::TestClaudeWorker::test_set_max_tokens PASSED [  1%]
tests/unit/claude/test_claude_worker.py::TestClaudeWorker::test_set_temperature PASSED [  1%]
tests/unit/claude/test_claude_worker.py::TestClaudeWorker::test_send_message_starts_worker_thread PASSED [  1%]
tests/unit/claude/test_claude_worker.py::TestClaudeWorker::test_send_message_while_running_emits_error PASSED [  1%]
tests/unit/claude/test_claude_worker.py::TestClaudeWorker::test_send_message_sets_operation_state PASSED [  1%]
tests/unit/claude/test_claude_worker.py::TestClaudeWorker::test_test_connection_starts_worker_thread PASSED [  1%]
tests/unit/claude/test_claude_worker.py::TestClaudeWorker::test_test_connection_while_running_emits_error PASSED [  1%]
tests/unit/claude/test_claude_worker.py::TestClaudeWorker::test_test_connection_sets_operation_state PASSED [  1%]
tests/unit/claude/test_claude_worker.py::TestClaudeWorker::test_send_message_emits_response_ready PASSED [  1%]
tests/unit/claude/test_claude_worker.py::TestClaudeWorker::test_test_connection_emits_connection_tested PASSED [  1%]
tests/unit/claude/test_claude_worker.py::TestClaudeWorker::test_send_message_without_api_key_emits_response PASSED [  1%]
tests/unit/claude/test_claude_worker.py::TestClaudeWorker::test_unknown_operation_emits_error PASSED [  1%]
tests/unit/claude/test_claude_worker.py::TestClaudeWorker::test_exception_in_run_emits_error PASSED [  1%]
tests/unit/claude/test_claude_worker.py::TestClaudeWorker::test_send_message_with_conversation_history PASSED [  1%]
tests/unit/core/test_adaptive_debouncer.py::TestSystemMonitor::test_monitor_initialization PASSED [  1%]
tests/unit/core/test_adaptive_debouncer.py::TestSystemMonitor::test_get_metrics PASSED [  1%]
tests/unit/core/test_adaptive_debouncer.py::TestSystemMonitor::test_metrics_caching PASSED [  2%]
tests/unit/core/test_adaptive_debouncer.py::TestSystemMonitor::test_get_cpu_load_category PASSED [  2%]
tests/unit/core/test_adaptive_debouncer.py::TestSystemMonitor::test_get_metrics_exception_handling PASSED [  2%]
tests/unit/core/test_adaptive_debouncer.py::TestSystemMonitor::test_cpu_load_category_very_high PASSED [  2%]
tests/unit/core/test_adaptive_debouncer.py::TestSystemMonitor::test_cpu_load_category_high PASSED [  2%]
tests/unit/core/test_adaptive_debouncer.py::TestSystemMonitor::test_cpu_load_category_medium PASSED [  2%]
tests/unit/core/test_adaptive_debouncer.py::TestSystemMonitor::test_cpu_load_category_low PASSED [  2%]
tests/unit/core/test_adaptive_debouncer.py::TestDebounceConfig::test_default_config PASSED [  2%]
tests/unit/core/test_adaptive_debouncer.py::TestDebounceConfig::test_custom_config PASSED [  2%]
tests/unit/core/test_adaptive_debouncer.py::TestAdaptiveDebouncer::test_initialization PASSED [  2%]
tests/unit/core/test_adaptive_debouncer.py::TestAdaptiveDebouncer::test_custom_config PASSED [  2%]
tests/unit/core/test_adaptive_debouncer.py::TestAdaptiveDebouncer::test_calculate_delay_small_document PASSED [  2%]
tests/unit/core/test_adaptive_debouncer.py::TestAdaptiveDebouncer::test_calculate_delay_medium_document PASSED [  2%]
tests/unit/core/test_adaptive_debouncer.py::TestAdaptiveDebouncer::test_calculate_delay_large_document PASSED [  2%]
tests/unit/core/test_adaptive_debouncer.py::TestAdaptiveDebouncer::test_calculate_delay_very_large_document PASSED [  2%]
tests/unit/core/test_adaptive_debouncer.py::TestAdaptiveDebouncer::test_delay_clamping PASSED [  2%]
tests/unit/core/test_adaptive_debouncer.py::TestAdaptiveDebouncer::test_cpu_load_affects_delay PASSED [  2%]
tests/unit/core/test_adaptive_debouncer.py::TestAdaptiveDebouncer::test_typing_speed_affects_delay PASSED [  2%]
tests/unit/core/test_adaptive_debouncer.py::TestAdaptiveDebouncer::test_on_text_changed_tracks_keystrokes PASSED [  3%]
tests/unit/core/test_adaptive_debouncer.py::TestAdaptiveDebouncer::test_keystroke_history_limited PASSED [  3%]
tests/unit/core/test_adaptive_debouncer.py::TestAdaptiveDebouncer::test_render_time_affects_delay PASSED [  3%]
tests/unit/core/test_adaptive_debouncer.py::TestAdaptiveDebouncer::test_render_time_multiplier_with_no_history PASSED [  3%]
tests/unit/core/test_adaptive_debouncer.py::TestAdaptiveDebouncer::test_render_time_multiplier_below_threshold PASSED [  3%]
tests/unit/core/test_adaptive_debouncer.py::TestAdaptiveDebouncer::test_render_time_multiplier_above_threshold PASSED [  3%]
tests/unit/core/test_adaptive_debouncer.py::TestAdaptiveDebouncer::test_on_render_complete_tracks_time PASSED [  3%]
tests/unit/core/test_adaptive_debouncer.py::TestAdaptiveDebouncer::test_render_time_history_limited PASSED [  3%]
tests/unit/core/test_adaptive_debouncer.py::TestAdaptiveDebouncer::test_get_statistics PASSED [  3%]
tests/unit/core/test_adaptive_debouncer.py::TestAdaptiveDebouncer::test_statistics_with_no_history PASSED [  3%]
tests/unit/core/test_adaptive_debouncer.py::TestAdaptiveDebouncer::test_reset PASSED [  3%]
tests/unit/core/test_adaptive_debouncer.py::TestAdaptiveDebouncerPerformance::test_delay_calculation_performance PASSED [  3%]
tests/unit/core/test_adaptive_debouncer.py::TestAdaptiveDebouncerPerformance::test_typing_detection_performance PASSED [  3%]
tests/unit/core/test_adaptive_debouncer.py::TestAdaptiveDebouncerPerformance::test_adaptive_behavior_scenario PASSED [  3%]
tests/unit/core/test_async_file_handler.py::TestAsyncFileHandler::test_create_handler PASSED [  3%]
tests/unit/core/test_async_file_handler.py::TestAsyncFileHandler::test_read_file_async PASSED [  3%]
tests/unit/core/test_async_file_handler.py::TestAsyncFileHandler::test_write_file_async PASSED [  3%]
tests/unit/core/test_async_file_handler.py::TestAsyncFileHandler::test_read_error PASSED [  3%]
tests/unit/core/test_async_file_handler.py::TestAsyncFileHandler::test_streaming_read PASSED [  4%]
tests/unit/core/test_async_file_handler.py::TestAsyncFileHandler::test_streaming_write PASSED [  4%]
tests/unit/core/test_async_file_handler.py::TestFileStreamReader::test_stream_reader PASSED [  4%]
tests/unit/core/test_async_file_handler.py::TestFileStreamReader::test_get_file_size PASSED [  4%]
tests/unit/core/test_async_file_handler.py::TestFileStreamReader::test_reader_context_manager PASSED [  4%]
tests/unit/core/test_async_file_handler.py::TestFileStreamWriter::test_stream_writer PASSED [  4%]
tests/unit/core/test_async_file_handler.py::TestFileStreamWriter::test_bytes_written_tracking PASSED [  4%]
tests/unit/core/test_async_file_handler.py::TestFileStreamWriter::test_writer_creates_directories PASSED [  4%]
tests/unit/core/test_async_file_handler.py::TestBatchFileOperations::test_batch_read PASSED [  4%]
tests/unit/core/test_async_file_handler.py::TestBatchFileOperations::test_batch_write PASSED [  4%]
tests/unit/core/test_async_file_handler.py::TestBatchFileOperations::test_batch_read_with_errors PASSED [  4%]
tests/unit/core/test_async_file_handler.py::TestBatchFileOperations::test_batch_operations_max_workers PASSED [  4%]
tests/unit/core/test_async_file_handler.py::TestAsyncPerformance::test_batch_read_performance PASSED [  4%]
tests/unit/core/test_async_file_handler.py::TestAsyncPerformance::test_streaming_large_file PASSED [  4%]
tests/unit/core/test_async_file_handler.py::TestAsyncPerformance::test_batch_write_performance PASSED [  4%]
tests/unit/core/test_async_file_handler.py::test_read_file_async_exception SKIPPED [  4%]
tests/unit/core/test_async_file_handler.py::test_write_file_async_exception SKIPPED [  4%]
tests/unit/core/test_async_file_handler.py::test_read_file_streaming_not_found SKIPPED [  4%]
tests/unit/core/test_async_file_handler.py::test_read_file_streaming_exception SKIPPED [  5%]
tests/unit/core/test_async_file_handler.py::test_write_file_streaming_exception SKIPPED [  5%]
tests/unit/core/test_async_file_handler.py::test_file_stream_reader_not_opened PASSED [  5%]
tests/unit/core/test_async_file_handler.py::test_file_stream_writer_not_opened PASSED [  5%]
tests/unit/core/test_async_file_handler.py::test_batch_read_files_exception PASSED [  5%]
tests/unit/core/test_async_file_handler.py::test_batch_write_files_exception PASSED [  5%]
tests/unit/core/test_async_file_handler.py::test_batch_write_one_exception PASSED [  5%]
tests/unit/core/test_async_file_ops.py::test_async_read_text PASSED      [  5%]
tests/unit/core/test_async_file_ops.py::test_async_read_text_missing_file PASSED [  5%]
tests/unit/core/test_async_file_ops.py::test_async_read_text_chunked PASSED [  5%]
tests/unit/core/test_async_file_ops.py::test_async_atomic_save_text PASSED [  5%]
tests/unit/core/test_async_file_ops.py::test_async_atomic_save_text_creates_parent_dir PASSED [  5%]
tests/unit/core/test_async_file_ops.py::test_async_atomic_save_overwrites_existing PASSED [  5%]
tests/unit/core/test_async_file_ops.py::test_async_atomic_save_json PASSED [  5%]
tests/unit/core/test_async_file_ops.py::test_async_atomic_save_json_with_indent PASSED [  5%]
tests/unit/core/test_async_file_ops.py::test_async_read_json PASSED      [  5%]
tests/unit/core/test_async_file_ops.py::test_async_read_json_invalid PASSED [  5%]
tests/unit/core/test_async_file_ops.py::test_async_read_json_missing_file PASSED [  5%]
tests/unit/core/test_async_file_ops.py::test_async_file_context_read PASSED [  6%]
tests/unit/core/test_async_file_ops.py::test_async_file_context_write PASSED [  6%]
tests/unit/core/test_async_file_ops.py::test_async_copy_file PASSED      [  6%]
tests/unit/core/test_async_file_ops.py::test_async_copy_file_large PASSED [  6%]
tests/unit/core/test_async_file_ops.py::test_async_copy_file_missing_source PASSED [  6%]
tests/unit/core/test_async_file_ops.py::test_sanitize_path_valid PASSED  [  6%]
tests/unit/core/test_async_file_ops.py::test_sanitize_path_with_dots PASSED [  6%]
tests/unit/core/test_async_file_ops.py::test_sanitize_path_relative PASSED [  6%]
tests/unit/core/test_async_file_ops.py::test_run_async_helper PASSED     [  6%]
tests/unit/core/test_async_file_ops.py::test_run_async_read PASSED       [  6%]
tests/unit/core/test_async_file_ops.py::test_concurrent_writes PASSED    [  6%]
tests/unit/core/test_async_file_ops.py::test_concurrent_reads PASSED     [  6%]
tests/unit/core/test_async_file_ops.py::test_atomic_write_safety PASSED  [  6%]
tests/unit/core/test_async_file_ops.py::test_large_file_streaming PASSED [  6%]
tests/unit/core/test_async_file_ops.py::test_sanitize_path_exception PASSED [  6%]
tests/unit/core/test_async_file_ops.py::test_sanitize_path_blocks_dotdot_in_parts PASSED [  6%]
tests/unit/core/test_async_file_ops.py::test_async_read_text_without_aiofiles PASSED [  6%]
tests/unit/core/test_async_file_ops.py::test_async_read_text_sync_fallback_error PASSED [  7%]
tests/unit/core/test_async_file_ops.py::test_async_read_text_chunked_without_aiofiles PASSED [  7%]
tests/unit/core/test_async_file_ops.py::test_async_read_text_chunked_error PASSED [  7%]
tests/unit/core/test_async_file_ops.py::test_async_atomic_save_text_without_aiofiles PASSED [  7%]
tests/unit/core/test_async_file_ops.py::test_async_atomic_save_text_none_path PASSED [  7%]
tests/unit/core/test_async_file_ops.py::test_async_atomic_save_text_cleanup_on_exception PASSED [  7%]
tests/unit/core/test_async_file_ops.py::test_async_atomic_save_json_without_aiofiles PASSED [  7%]
tests/unit/core/test_async_file_ops.py::test_async_atomic_save_json_none_path PASSED [  7%]
tests/unit/core/test_async_file_ops.py::test_async_atomic_save_json_cleanup_on_exception PASSED [  7%]
tests/unit/core/test_async_file_ops.py::test_aiofiles_import_error PASSED [  7%]
tests/unit/core/test_async_file_ops.py::test_async_atomic_save_text_cleanup_exception PASSED [  7%]
tests/unit/core/test_async_file_ops.py::test_async_atomic_save_json_cleanup_exception PASSED [  7%]
tests/unit/core/test_async_file_ops.py::test_async_file_context_without_aiofiles PASSED [  7%]
tests/unit/core/test_async_file_ops.py::test_async_copy_file_without_aiofiles PASSED [  7%]
tests/unit/core/test_async_file_ops.py::test_async_copy_file_sync_fallback_error PASSED [  7%]
tests/unit/core/test_async_file_ops.py::test_run_async_no_event_loop PASSED [  7%]
tests/unit/core/test_async_file_watcher.py::TestAsyncFileWatcher::test_watcher_initialization PASSED [  7%]
tests/unit/core/test_async_file_watcher.py::TestAsyncFileWatcher::test_set_file PASSED [  7%]
tests/unit/core/test_async_file_watcher.py::TestAsyncFileWatcher::test_set_nonexistent_file PASSED [  8%]
tests/unit/core/test_async_file_watcher.py::TestAsyncFileWatcher::test_start_stop PASSED [  8%]
tests/unit/core/test_async_file_watcher.py::TestAsyncFileWatcher::test_detect_file_modification PASSED [  8%]
tests/unit/core/test_async_file_watcher.py::TestAsyncFileWatcher::test_detect_file_deletion PASSED [  8%]
tests/unit/core/test_async_file_watcher.py::TestAsyncFileWatcher::test_detect_file_creation PASSED [  8%]
tests/unit/core/test_async_file_watcher.py::TestAsyncFileWatcher::test_debouncing PASSED [  8%]
tests/unit/core/test_async_file_watcher.py::TestAsyncFileWatcher::test_multiple_start_warning PASSED [  8%]
tests/unit/core/test_async_file_watcher.py::TestAsyncFileWatcher::test_start_without_file PASSED [  8%]
tests/unit/core/test_async_file_watcher.py::TestAsyncFileWatcher::test_graceful_shutdown PASSED [  8%]
tests/unit/core/test_async_file_watcher.py::TestAsyncFileWatcher::test_set_file_stat_exception PASSED [  8%]
tests/unit/core/test_async_file_watcher.py::TestAsyncFileWatcher::test_stop_when_not_running PASSED [  8%]
tests/unit/core/test_async_file_watcher.py::TestAsyncFileWatcher::test_watch_loop_exception PASSED [  8%]
tests/unit/core/test_async_file_watcher.py::TestAsyncFileWatcher::test_check_file_no_path PASSED [  8%]
tests/unit/core/test_async_file_watcher.py::TestAsyncFileWatcher::test_file_creation_stat_exception PASSED [  8%]
tests/unit/core/test_async_file_watcher.py::TestAsyncFileWatcher::test_file_modification_stat_exception PASSED [  8%]
tests/unit/core/test_async_file_watcher.py::TestAsyncFileWatcher::test_adaptive_polling_enabled PASSED [  8%]
tests/unit/core/test_async_file_watcher.py::TestAsyncFileWatcher::test_adaptive_polling_disabled PASSED [  8%]
tests/unit/core/test_async_file_watcher.py::TestAsyncFileWatcher::test_adaptive_polling_fast_for_active_files PASSED [  8%]
tests/unit/core/test_async_file_watcher.py::TestAsyncFileWatcher::test_adaptive_polling_slow_for_idle_files PASSED [  9%]
tests/unit/core/test_async_file_watcher.py::TestAsyncFileWatcher::test_adaptive_polling_exponential_backoff PASSED [  9%]
tests/unit/core/test_async_file_watcher.py::TestAsyncFileWatcher::test_adaptive_polling_activity_resumption PASSED [  9%]
tests/unit/core/test_async_file_watcher.py::TestFileChangeEvent::test_event_creation PASSED [  9%]
tests/unit/core/test_async_file_watcher.py::TestFileChangeEvent::test_event_types PASSED [  9%]
tests/unit/core/test_constants.py::TestConstants::test_app_name PASSED   [  9%]
tests/unit/core/test_constants.py::TestConstants::test_app_version PASSED [  9%]
tests/unit/core/test_constants.py::TestConstants::test_supported_formats PASSED [  9%]
tests/unit/core/test_constants.py::TestConstants::test_default_filename PASSED [  9%]
tests/unit/core/test_constants.py::TestConstants::test_cache_settings PASSED [  9%]
tests/unit/core/test_constants.py::TestConstants::test_timeout_settings PASSED [  9%]
tests/unit/core/test_constants.py::TestConstants::test_file_extensions PASSED [  9%]
tests/unit/core/test_constants.py::TestConstants::test_no_private_constants_exposed PASSED [  9%]
tests/unit/core/test_constants.py::TestConstants::test_constants_are_immutable_types PASSED [  9%]
tests/unit/core/test_constants.py::TestConstants::test_all_constants_have_docstrings PASSED [  9%]
tests/unit/core/test_constants.py::TestConstants::test_constants_module_attributes_exist PASSED [  9%]
tests/unit/core/test_constants.py::TestConstants::test_pypandoc_import_error_handling PASSED [  9%]
tests/unit/core/test_cpu_profiler.py::TestCPUProfiler::test_profiler_initialization PASSED [  9%]
tests/unit/core/test_cpu_profiler.py::TestCPUProfiler::test_profiler_disabled_no_op PASSED [ 10%]
tests/unit/core/test_cpu_profiler.py::TestCPUProfiler::test_profile_context_manager PASSED [ 10%]
tests/unit/core/test_cpu_profiler.py::TestCPUProfiler::test_multiple_profiles PASSED [ 10%]
tests/unit/core/test_cpu_profiler.py::TestCPUProfiler::test_get_results PASSED [ 10%]
tests/unit/core/test_cpu_profiler.py::TestCPUProfiler::test_get_hotspots PASSED [ 10%]
tests/unit/core/test_cpu_profiler.py::TestCPUProfiler::test_get_statistics PASSED [ 10%]
tests/unit/core/test_cpu_profiler.py::TestCPUProfiler::test_get_report PASSED [ 10%]
tests/unit/core/test_cpu_profiler.py::TestCPUProfiler::test_reset PASSED [ 10%]
tests/unit/core/test_cpu_profiler.py::TestCPUProfiler::test_is_profiling PASSED [ 10%]
tests/unit/core/test_cpu_profiler.py::TestCPUProfiler::test_max_results_limit PASSED [ 10%]
tests/unit/core/test_cpu_profiler.py::TestCPUProfiler::test_hotspot_parsing PASSED [ 10%]
tests/unit/core/test_cpu_profiler.py::TestCPUProfilerGlobalInstance::test_get_cpu_profiler_singleton PASSED [ 10%]
tests/unit/core/test_cpu_profiler.py::TestCPUProfilerGlobalInstance::test_enable_disable_cpu_profiling PASSED [ 10%]
tests/unit/core/test_cpu_profiler.py::TestProfileResult::test_profile_result_creation PASSED [ 10%]
tests/unit/core/test_cpu_profiler.py::TestProfileResult::test_profile_result_with_hotspots PASSED [ 10%]
tests/unit/core/test_cpu_profiler.py::TestCPUProfilerIntegration::test_profile_realistic_operation PASSED [ 10%]
tests/unit/core/test_cpu_profiler.py::TestCPUProfilerIntegration::test_exception_handling PASSED [ 10%]
tests/unit/core/test_cpu_profiler.py::TestCPUProfilerIntegration::test_zero_overhead_when_disabled PASSED [ 10%]
tests/unit/core/test_file_operations.py::TestFileOperations::test_atomic_save_text_success PASSED [ 11%]
tests/unit/core/test_file_operations.py::TestFileOperations::test_atomic_save_text_overwrites_existing PASSED [ 11%]
tests/unit/core/test_file_operations.py::TestFileOperations::test_atomic_save_json_success PASSED [ 11%]
tests/unit/core/test_file_operations.py::TestFileOperations::test_atomic_save_json_with_indent PASSED [ 11%]
tests/unit/core/test_file_operations.py::TestFileOperations::test_atomic_save_text_none_path PASSED [ 11%]
tests/unit/core/test_file_operations.py::TestFileOperations::test_atomic_save_json_none_path PASSED [ 11%]
tests/unit/core/test_file_operations.py::TestFileOperations::test_atomic_save_text_write_error PASSED [ 11%]
tests/unit/core/test_file_operations.py::TestFileOperations::test_atomic_save_json_write_error PASSED [ 11%]
tests/unit/core/test_file_operations.py::TestPathSanitization::test_sanitize_path_valid_absolute PASSED [ 11%]
tests/unit/core/test_file_operations.py::TestPathSanitization::test_sanitize_path_resolves_relative PASSED [ 11%]
tests/unit/core/test_file_operations.py::TestPathSanitization::test_sanitize_path_blocks_traversal PASSED [ 11%]
tests/unit/core/test_file_operations.py::TestPathSanitization::test_sanitize_path_handles_path_objects PASSED [ 11%]
tests/unit/core/test_file_operations.py::TestPathSanitization::test_sanitize_path_rejects_parent_traversal PASSED [ 11%]
tests/unit/core/test_file_operations.py::TestPathSanitization::test_sanitize_path_invalid_input PASSED [ 11%]
tests/unit/core/test_file_operations.py::TestPathSanitization::test_sanitize_path_blocks_dotdot_in_parts PASSED [ 11%]
tests/unit/core/test_file_operations.py::TestPathSanitization::test_sanitize_path_with_allowed_base PASSED [ 11%]
tests/unit/core/test_file_operations.py::TestPathSanitization::test_sanitize_path_traversal_with_allowed_base PASSED [ 11%]
tests/unit/core/test_file_operations.py::TestPathSanitization::test_atomic_save_text_cleanup_on_exception PASSED [ 11%]
tests/unit/core/test_file_operations.py::TestPathSanitization::test_atomic_save_json_cleanup_on_exception PASSED [ 12%]
tests/unit/core/test_gpu_detection.py::TestGPUInfo::test_gpu_info_creation_minimal PASSED [ 12%]
tests/unit/core/test_gpu_detection.py::TestGPUInfo::test_gpu_info_creation_full_nvidia PASSED [ 12%]
tests/unit/core/test_gpu_detection.py::TestGPUInfo::test_gpu_info_with_npu PASSED [ 12%]
tests/unit/core/test_gpu_detection.py::TestGPUInfo::test_gpu_info_no_gpu PASSED [ 12%]
tests/unit/core/test_gpu_detection.py::TestGPUCacheEntry::test_cache_entry_creation PASSED [ 12%]
tests/unit/core/test_gpu_detection.py::TestGPUCacheEntry::test_cache_entry_to_gpu_info PASSED [ 12%]
tests/unit/core/test_gpu_detection.py::TestGPUCacheEntry::test_cache_entry_is_valid_fresh PASSED [ 12%]
tests/unit/core/test_gpu_detection.py::TestGPUCacheEntry::test_cache_entry_is_valid_expired PASSED [ 12%]
tests/unit/core/test_gpu_detection.py::TestGPUCacheEntry::test_cache_entry_is_valid_invalid_timestamp PASSED [ 12%]
tests/unit/core/test_gpu_detection.py::TestGPUCacheEntry::test_cache_entry_custom_ttl PASSED [ 12%]
tests/unit/core/test_gpu_detection.py::TestGPUCacheEntry::test_cache_entry_validation[2025-11-04T01:37:16.994414-7-True-fresh] PASSED [ 12%]
tests/unit/core/test_gpu_detection.py::TestGPUCacheEntry::test_cache_entry_validation[2025-10-25T01:37:16.994425-7-False-expired] PASSED [ 12%]
tests/unit/core/test_gpu_detection.py::TestGPUCacheEntry::test_cache_entry_validation[invalid-timestamp-7-False-invalid_timestamp] PASSED [ 12%]
tests/unit/core/test_gpu_detection.py::TestGPUDetectionCache::test_cache_file_path PASSED [ 12%]
tests/unit/core/test_gpu_detection.py::TestGPUDetectionCache::test_cache_ttl_defined PASSED [ 12%]
tests/unit/core/test_gpu_detection.py::TestGPUDetectionCache::test_load_no_cache_file PASSED [ 12%]
tests/unit/core/test_gpu_detection.py::TestGPUDetectionCache::test_load_valid_cache PASSED [ 12%]
tests/unit/core/test_gpu_detection.py::TestGPUDetectionCache::test_load_expired_cache PASSED [ 13%]
tests/unit/core/test_gpu_detection.py::TestGPUDetectionCache::test_load_corrupted_cache PASSED [ 13%]
tests/unit/core/test_gpu_detection.py::TestGPUDetectionCache::test_save_cache PASSED [ 13%]
tests/unit/core/test_gpu_detection.py::TestGPUDetectionCache::test_save_cache_creates_directory PASSED [ 13%]
tests/unit/core/test_gpu_detection.py::TestGPUDetectionCache::test_save_cache_overwrites_existing PASSED [ 13%]
tests/unit/core/test_gpu_detection.py::TestGPUDetectionCache::test_round_trip_cache PASSED [ 13%]
tests/unit/core/test_gpu_detection.py::TestGPUDetectionCache::test_save_cache_generic_exception PASSED [ 13%]
tests/unit/core/test_gpu_detection.py::TestGPUDetectionCache::test_cache_format PASSED [ 13%]
tests/unit/core/test_gpu_detection.py::TestGPUDetectionCache::test_cache_with_npu PASSED [ 13%]
tests/unit/core/test_gpu_detection.py::TestGPUDetectionCache::test_cache_without_gpu PASSED [ 13%]
tests/unit/core/test_gpu_detection.py::TestGPUDetectionCache::test_cache_ttl_boundary PASSED [ 13%]
tests/unit/core/test_gpu_detection.py::TestCacheClear::test_clear_existing_cache PASSED [ 13%]
tests/unit/core/test_gpu_detection.py::TestCacheClear::test_clear_nonexistent_cache PASSED [ 13%]
tests/unit/core/test_gpu_detection.py::TestCacheClear::test_clear_permission_error PASSED [ 13%]
tests/unit/core/test_gpu_detection.py::TestCheckDRIDevices::test_dri_with_render_device PASSED [ 13%]
tests/unit/core/test_gpu_detection.py::TestCheckDRIDevices::test_dri_with_card_device PASSED [ 13%]
tests/unit/core/test_gpu_detection.py::TestCheckDRIDevices::test_dri_not_exists PASSED [ 13%]
tests/unit/core/test_gpu_detection.py::TestCheckDRIDevices::test_dri_no_devices PASSED [ 14%]
tests/unit/core/test_gpu_detection.py::TestCheckNvidiaGPU::test_nvidia_gpu_detected PASSED [ 14%]
tests/unit/core/test_gpu_detection.py::TestCheckNvidiaGPU::test_nvidia_smi_not_found PASSED [ 14%]
tests/unit/core/test_gpu_detection.py::TestCheckNvidiaGPU::test_nvidia_smi_timeout PASSED [ 14%]
tests/unit/core/test_gpu_detection.py::TestCheckNvidiaGPU::test_nvidia_smi_empty_output PASSED [ 14%]
tests/unit/core/test_gpu_detection.py::TestCheckAMDGPU::test_amd_gpu_detected_card_series PASSED [ 14%]
tests/unit/core/test_gpu_detection.py::TestCheckAMDGPU::test_amd_gpu_detected_card_model PASSED [ 14%]
tests/unit/core/test_gpu_detection.py::TestCheckAMDGPU::test_amd_gpu_unknown_model PASSED [ 14%]
tests/unit/core/test_gpu_detection.py::TestCheckAMDGPU::test_rocm_smi_not_found PASSED [ 14%]
tests/unit/core/test_gpu_detection.py::TestCheckIntelGPU::test_intel_gpu_detected PASSED [ 14%]
tests/unit/core/test_gpu_detection.py::TestCheckIntelGPU::test_clinfo_not_found PASSED [ 14%]
tests/unit/core/test_gpu_detection.py::TestCheckIntelGPU::test_clinfo_no_intel_device PASSED [ 14%]
tests/unit/core/test_gpu_detection.py::TestCheckOpenGLRenderer::test_hardware_renderer PASSED [ 14%]
tests/unit/core/test_gpu_detection.py::TestCheckOpenGLRenderer::test_software_renderer_llvmpipe PASSED [ 14%]
tests/unit/core/test_gpu_detection.py::TestCheckOpenGLRenderer::test_software_renderer_generic PASSED [ 14%]
tests/unit/core/test_gpu_detection.py::TestCheckOpenGLRenderer::test_glxinfo_not_found PASSED [ 14%]
tests/unit/core/test_gpu_detection.py::TestCheckWSLgEnvironment::test_wslg_detected_wsl_distro PASSED [ 14%]
tests/unit/core/test_gpu_detection.py::TestCheckWSLgEnvironment::test_wslg_detected_wsl_interop PASSED [ 14%]
tests/unit/core/test_gpu_detection.py::TestCheckWSLgEnvironment::test_wslg_detected_wayland PASSED [ 15%]
tests/unit/core/test_gpu_detection.py::TestCheckWSLgEnvironment::test_wslg_not_detected PASSED [ 15%]
tests/unit/core/test_gpu_detection.py::TestCheckIntelNPU::test_intel_npu_via_clinfo PASSED [ 15%]
tests/unit/core/test_gpu_detection.py::TestCheckIntelNPU::test_intel_npu_via_accel_device PASSED [ 15%]
tests/unit/core/test_gpu_detection.py::TestCheckIntelNPU::test_no_npu_detected PASSED [ 15%]
tests/unit/core/test_gpu_detection.py::TestDetectComputeCapabilities::test_cuda_detected PASSED [ 15%]
tests/unit/core/test_gpu_detection.py::TestDetectComputeCapabilities::test_opencl_detected PASSED [ 15%]
tests/unit/core/test_gpu_detection.py::TestDetectComputeCapabilities::test_vulkan_detected PASSED [ 15%]
tests/unit/core/test_gpu_detection.py::TestDetectComputeCapabilities::test_openvino_detected PASSED [ 15%]
tests/unit/core/test_gpu_detection.py::TestDetectComputeCapabilities::test_rocm_detected PASSED [ 15%]
tests/unit/core/test_gpu_detection.py::TestDetectGPU::test_detect_gpu_no_dri PASSED [ 15%]
tests/unit/core/test_gpu_detection.py::TestDetectGPU::test_detect_gpu_software_renderer PASSED [ 15%]
tests/unit/core/test_gpu_detection.py::TestDetectGPU::test_detect_gpu_by_type[nvidia-/dev/dri/renderD128-NVIDIA RTX 4060-nvidia_return0-amd_return0-intel_return0-True-npu_return0-capabilities0-nvidia-RTX 4060-False-nvidia] PASSED [ 15%]
tests/unit/core/test_gpu_detection.py::TestDetectGPU::test_detect_gpu_by_type[amd-/dev/dri/renderD128-AMD Radeon-nvidia_return1-amd_return1-intel_return1-False-npu_return1-capabilities1-amd-RX 6800-False-amd] PASSED [ 15%]
tests/unit/core/test_gpu_detection.py::TestDetectGPU::test_detect_gpu_by_type[intel-/dev/dri/card0-Intel UHD-nvidia_return2-amd_return2-intel_return2-False-npu_return2-capabilities2-intel-620-True-intel] PASSED [ 15%]
tests/unit/core/test_gpu_detection.py::TestDetectGPU::test_detect_gpu_by_type[unknown-/dev/dri/card0-Unknown Renderer-nvidia_return3-amd_return3-intel_return3-False-npu_return3-capabilities3-unknown-None-False-unknown] PASSED [ 15%]
tests/unit/core/test_gpu_detection.py::TestLogGPUInfo::test_log_gpu_with_all_info PASSED [ 15%]
tests/unit/core/test_gpu_detection.py::TestLogGPUInfo::test_log_no_gpu PASSED [ 15%]
tests/unit/core/test_gpu_detection.py::TestLogGPUInfo::test_log_gpu_no_npu PASSED [ 16%]
tests/unit/core/test_gpu_detection.py::TestGetGPUInfo::test_get_gpu_info_memory_cache PASSED [ 16%]
tests/unit/core/test_gpu_detection.py::TestGetGPUInfo::test_get_gpu_info_disk_cache PASSED [ 16%]
tests/unit/core/test_gpu_detection.py::TestGetGPUInfo::test_get_gpu_info_force_redetect PASSED [ 16%]
tests/unit/core/test_gpu_detection.py::TestMainCLI::test_main_clear_command PASSED [ 16%]
tests/unit/core/test_gpu_detection.py::TestMainCLI::test_main_show_command_with_cache PASSED [ 16%]
tests/unit/core/test_gpu_detection.py::TestMainCLI::test_main_show_command_no_cache PASSED [ 16%]
tests/unit/core/test_gpu_detection.py::TestMainCLI::test_main_detect_command PASSED [ 16%]
tests/unit/core/test_gpu_detection.py::TestMainCLI::test_main_detect_command_with_npu PASSED [ 16%]
tests/unit/core/test_gpu_detection.py::TestMainCLI::test_main_unknown_command PASSED [ 16%]
tests/unit/core/test_gpu_detection.py::TestMainCLI::test_main_no_command PASSED [ 16%]
tests/unit/core/test_hardware_detection.py::TestGPUDetection::test_nvidia_gpu_detection_success PASSED [ 16%]
tests/unit/core/test_hardware_detection.py::TestGPUDetection::test_nvidia_gpu_detection_not_found PASSED [ 16%]
tests/unit/core/test_hardware_detection.py::TestGPUDetection::test_nvidia_gpu_detection_error PASSED [ 16%]
tests/unit/core/test_hardware_detection.py::TestGPUDetection::test_amd_gpu_detection_success PASSED [ 16%]
tests/unit/core/test_hardware_detection.py::TestGPUDetection::test_amd_gpu_detection_not_found PASSED [ 16%]
tests/unit/core/test_hardware_detection.py::TestGPUDetection::test_gpu_memory_parsing_mb PASSED [ 16%]
tests/unit/core/test_hardware_detection.py::TestGPUDetection::test_gpu_memory_parsing_large PASSED [ 16%]
tests/unit/core/test_hardware_detection.py::TestHardwareCapabilities::test_hardware_capabilities_with_gpu PASSED [ 17%]
tests/unit/core/test_hardware_detection.py::TestHardwareCapabilities::test_hardware_capabilities_no_gpu PASSED [ 17%]
tests/unit/core/test_hardware_detection.py::TestHardwareCapabilities::test_hardware_capabilities_post_init PASSED [ 17%]
tests/unit/core/test_hardware_detection.py::TestEdgeCases::test_gpu_detection_with_malformed_output PASSED [ 17%]
tests/unit/core/test_hardware_detection.py::TestEdgeCases::test_gpu_detection_with_empty_output PASSED [ 17%]
tests/unit/core/test_hardware_detection.py::TestEdgeCases::test_subprocess_timeout PASSED [ 17%]
tests/unit/core/test_hardware_detection.py::TestEdgeCases::test_permission_error PASSED [ 17%]
tests/unit/core/test_hardware_detection.py::TestEdgeCases::test_value_error_in_parsing PASSED [ 17%]
tests/unit/core/test_hardware_detection.py::TestIntelGPUDetection::test_intel_gpu_detection_success PASSED [ 17%]
tests/unit/core/test_hardware_detection.py::TestIntelGPUDetection::test_intel_gpu_detection_not_found PASSED [ 17%]
tests/unit/core/test_hardware_detection.py::TestIntelGPUDetection::test_intel_gpu_detection_lspci_error PASSED [ 17%]
tests/unit/core/test_hardware_detection.py::TestIntelGPUDetection::test_intel_gpu_detection_permission_error PASSED [ 17%]
tests/unit/core/test_hardware_detection.py::TestIntelGPUDetection::test_intel_gpu_detection_timeout PASSED [ 17%]
tests/unit/core/test_hardware_detection.py::TestAMDGPULspciPath::test_amd_gpu_lspci_success PASSED [ 17%]
tests/unit/core/test_hardware_detection.py::TestNPUDetection::test_intel_npu_detection_core_ultra PASSED [ 17%]
tests/unit/core/test_hardware_detection.py::TestNPUDetection::test_intel_npu_detection_meteor_lake PASSED [ 17%]
tests/unit/core/test_hardware_detection.py::TestNPUDetection::test_amd_npu_detection_ryzen_ai PASSED [ 17%]
tests/unit/core/test_hardware_detection.py::TestNPUDetection::test_amd_npu_detection_8040_series PASSED [ 17%]
tests/unit/core/test_hardware_detection.py::TestNPUDetection::test_apple_neural_engine_detection PASSED [ 18%]
tests/unit/core/test_hardware_detection.py::TestNPUDetection::test_npu_detection_no_npu PASSED [ 18%]
tests/unit/core/test_hardware_detection.py::TestNPUDetection::test_npu_detection_lscpu_not_found PASSED [ 18%]
tests/unit/core/test_hardware_detection.py::TestNPUDetection::test_npu_detection_timeout PASSED [ 18%]
tests/unit/core/test_hardware_detection.py::TestNPUDetection::test_apple_npu_sysctl_error PASSED [ 18%]
tests/unit/core/test_hardware_detection.py::TestCPUInfo::test_get_cpu_info_success PASSED [ 18%]
tests/unit/core/test_hardware_detection.py::TestCPUInfo::test_get_cpu_info_no_psutil PASSED [ 18%]
tests/unit/core/test_hardware_detection.py::TestDetectAll::test_detect_all_with_gpu PASSED [ 18%]
tests/unit/core/test_hardware_detection.py::TestDetectAll::test_detect_all_multiple_gpus PASSED [ 18%]
tests/unit/core/test_hardware_detection.py::TestDetectAll::test_detect_all_with_amd_gpu PASSED [ 18%]
tests/unit/core/test_hardware_detection.py::TestDetectAll::test_detect_all_with_npu PASSED [ 18%]
tests/unit/core/test_hardware_detection.py::TestDetectAll::test_detect_all_no_accelerators PASSED [ 18%]
tests/unit/core/test_hardware_detection.py::TestPrintHardwareReport::test_print_hardware_report_with_gpu PASSED [ 18%]
tests/unit/core/test_hardware_detection.py::TestPrintHardwareReport::test_print_hardware_report_with_npu PASSED [ 18%]
tests/unit/core/test_hardware_detection.py::TestPrintHardwareReport::test_print_hardware_report_no_accelerators PASSED [ 18%]
tests/unit/core/test_large_file_handler.py::TestFileSizeCategorization::test_small_file_category PASSED [ 18%]
tests/unit/core/test_large_file_handler.py::TestFileSizeCategorization::test_medium_file_category PASSED [ 18%]
tests/unit/core/test_large_file_handler.py::TestFileSizeCategorization::test_large_file_category PASSED [ 18%]
tests/unit/core/test_large_file_handler.py::TestFileSizeCategorization::test_nonexistent_file_defaults_to_small PASSED [ 19%]
tests/unit/core/test_large_file_handler.py::TestFileSizeCategorization::test_empty_file_is_small PASSED [ 19%]
tests/unit/core/test_large_file_handler.py::TestPreviewOptimization::test_should_optimize_preview_small_file PASSED [ 19%]
tests/unit/core/test_large_file_handler.py::TestPreviewOptimization::test_should_optimize_preview_medium_file PASSED [ 19%]
tests/unit/core/test_large_file_handler.py::TestPreviewOptimization::test_should_optimize_preview_large_file PASSED [ 19%]
tests/unit/core/test_large_file_handler.py::TestPreviewOptimization::test_should_disable_preview_small_file PASSED [ 19%]
tests/unit/core/test_large_file_handler.py::TestPreviewOptimization::test_should_disable_preview_large_file PASSED [ 19%]
tests/unit/core/test_large_file_handler.py::TestPreviewOptimization::test_should_disable_preview_very_large_file PASSED [ 19%]
tests/unit/core/test_large_file_handler.py::TestSmallFileLoading::test_load_small_file_success PASSED [ 19%]
tests/unit/core/test_large_file_handler.py::TestSmallFileLoading::test_load_small_file_utf8 PASSED [ 19%]
tests/unit/core/test_large_file_handler.py::TestSmallFileLoading::test_load_empty_file PASSED [ 19%]
tests/unit/core/test_large_file_handler.py::TestMediumFileLoading::test_load_medium_file_success PASSED [ 19%]
tests/unit/core/test_large_file_handler.py::TestMediumFileLoading::test_medium_file_progress_messages PASSED [ 19%]
tests/unit/core/test_large_file_handler.py::TestLargeFileLoading::test_load_large_file_success PASSED [ 19%]
tests/unit/core/test_large_file_handler.py::TestLargeFileLoading::test_large_file_progress_updates_every_5_percent PASSED [ 19%]
tests/unit/core/test_large_file_handler.py::TestErrorHandling::test_load_nonexistent_file PASSED [ 19%]
tests/unit/core/test_large_file_handler.py::TestErrorHandling::test_load_file_permission_error PASSED [ 19%]
tests/unit/core/test_large_file_handler.py::TestErrorHandling::test_load_file_unicode_decode_error PASSED [ 20%]
tests/unit/core/test_large_file_handler.py::TestPreviewContent::test_preview_content_small_document PASSED [ 20%]
tests/unit/core/test_large_file_handler.py::TestPreviewContent::test_preview_content_large_document_truncated PASSED [ 20%]
tests/unit/core/test_large_file_handler.py::TestPreviewContent::test_preview_content_truncates_at_line_boundary PASSED [ 20%]
tests/unit/core/test_large_file_handler.py::TestPreviewContent::test_preview_content_includes_remaining_count PASSED [ 20%]
tests/unit/core/test_large_file_handler.py::TestPreviewContent::test_preview_content_custom_max_chars PASSED [ 20%]
tests/unit/core/test_large_file_handler.py::TestLoadTimeEstimation::test_estimate_very_small_file PASSED [ 20%]
tests/unit/core/test_large_file_handler.py::TestLoadTimeEstimation::test_estimate_small_file PASSED [ 20%]
tests/unit/core/test_large_file_handler.py::TestLoadTimeEstimation::test_estimate_medium_file PASSED [ 20%]
tests/unit/core/test_large_file_handler.py::TestLoadTimeEstimation::test_estimate_large_file PASSED [ 20%]
tests/unit/core/test_large_file_handler.py::TestEdgeCases::test_file_exactly_at_small_threshold PASSED [ 20%]
tests/unit/core/test_large_file_handler.py::TestEdgeCases::test_file_exactly_at_large_threshold PASSED [ 20%]
tests/unit/core/test_large_file_handler.py::TestEdgeCases::test_last_file_size_tracking PASSED [ 20%]
tests/unit/core/test_large_file_handler.py::TestEdgeCases::test_multiple_loads_update_last_size PASSED [ 20%]
tests/unit/core/test_lazy_importer.py::TestLazyModule::test_create_lazy_module PASSED [ 20%]
tests/unit/core/test_lazy_importer.py::TestLazyModule::test_lazy_loading PASSED [ 20%]
tests/unit/core/test_lazy_importer.py::TestLazyModule::test_multiple_access PASSED [ 20%]
tests/unit/core/test_lazy_importer.py::TestLazyModule::test_lazy_import_time_tracked PASSED [ 20%]
tests/unit/core/test_lazy_importer.py::TestLazyModule::test_lazy_module_repr PASSED [ 21%]
tests/unit/core/test_lazy_importer.py::TestLazyModule::test_lazy_module_dir PASSED [ 21%]
tests/unit/core/test_lazy_importer.py::TestLazyModule::test_nonexistent_module_error PASSED [ 21%]
tests/unit/core/test_lazy_importer.py::TestImportProfiler::test_profile_imports PASSED [ 21%]
tests/unit/core/test_lazy_importer.py::TestImportProfiler::test_profiler_slowest_imports PASSED [ 21%]
tests/unit/core/test_lazy_importer.py::TestImportProfiler::test_profiler_context_manager PASSED [ 21%]
tests/unit/core/test_lazy_importer.py::TestImportProfiler::test_profiler_print_report PASSED [ 21%]
tests/unit/core/test_lazy_importer.py::TestImportProfiler::test_profiler_empty_statistics PASSED [ 21%]
tests/unit/core/test_lazy_importer.py::TestImportTracker::test_tracker_singleton PASSED [ 21%]
tests/unit/core/test_lazy_importer.py::TestImportTracker::test_register_lazy_import PASSED [ 21%]
tests/unit/core/test_lazy_importer.py::TestImportTracker::test_record_import PASSED [ 21%]
tests/unit/core/test_lazy_importer.py::TestImportTracker::test_track_eager_vs_lazy PASSED [ 21%]
tests/unit/core/test_lazy_importer.py::TestImportTracker::test_tracker_print_report PASSED [ 21%]
tests/unit/core/test_lazy_importer.py::TestLazyImportFunction::test_lazy_import_function PASSED [ 21%]
tests/unit/core/test_lazy_importer.py::TestLazyImportFunction::test_lazy_import_with_package PASSED [ 21%]
tests/unit/core/test_lazy_importer.py::TestProfileImportsDecorator::test_decorator_basic PASSED [ 21%]
tests/unit/core/test_lazy_importer.py::TestProfileImportsDecorator::test_decorator_with_args PASSED [ 21%]
tests/unit/core/test_lazy_importer.py::TestGetImportStatistics::test_get_statistics PASSED [ 21%]
tests/unit/core/test_lazy_importer.py::TestPrintImportReport::test_print_import_report PASSED [ 22%]
tests/unit/core/test_lazy_importer.py::TestImportOptimizer::test_create_optimizer PASSED [ 22%]
tests/unit/core/test_lazy_importer.py::TestImportOptimizer::test_get_heavy_modules PASSED [ 22%]
tests/unit/core/test_lazy_importer.py::TestImportOptimizer::test_analyze_module PASSED [ 22%]
tests/unit/core/test_lazy_importer.py::TestImportOptimizer::test_analyze_module_not_loaded PASSED [ 22%]
tests/unit/core/test_lazy_importer.py::TestImportOptimizer::test_analyze_nonexistent_module PASSED [ 22%]
tests/unit/core/test_lazy_importer.py::TestImportOptimizer::test_analyze_module_with_heavy_imports PASSED [ 22%]
tests/unit/core/test_lazy_importer.py::TestLazyImportPerformance::test_startup_time_savings PASSED [ 22%]
tests/unit/core/test_lazy_importer.py::TestLazyImportPerformance::test_deferred_cost PASSED [ 22%]
tests/unit/core/test_lazy_importer.py::TestLazyImportPerformance::test_import_profiler_overhead PASSED [ 22%]
tests/unit/core/test_lazy_importer.py::TestLazyImportIntegration::test_mixed_eager_and_lazy PASSED [ 22%]
tests/unit/core/test_lazy_importer.py::TestLazyImportIntegration::test_lazy_import_in_function PASSED [ 22%]
tests/unit/core/test_lazy_importer.py::TestLazyImportIntegration::test_conditional_lazy_import PASSED [ 22%]
tests/unit/core/test_lazy_utils.py::TestLazyProperty::test_lazy_computation PASSED [ 22%]
tests/unit/core/test_lazy_utils.py::TestLazyProperty::test_lazy_property_per_instance PASSED [ 22%]
tests/unit/core/test_lazy_utils.py::TestLazyProperty::test_lazy_property_delete PASSED [ 22%]
tests/unit/core/test_lazy_utils.py::TestLazyProperty::test_lazy_property_set PASSED [ 22%]
tests/unit/core/test_lazy_utils.py::TestLazyImport::test_deferred_import PASSED [ 22%]
tests/unit/core/test_lazy_utils.py::TestLazyImport::test_multiple_access PASSED [ 23%]
tests/unit/core/test_lazy_utils.py::TestLazyImport::test_nonexistent_module PASSED [ 23%]
tests/unit/core/test_lazy_utils.py::TestLazyInitializer::test_register_and_initialize PASSED [ 23%]
tests/unit/core/test_lazy_utils.py::TestLazyInitializer::test_initialize_only_once PASSED [ 23%]
tests/unit/core/test_lazy_utils.py::TestLazyInitializer::test_initialize_remaining PASSED [ 23%]
tests/unit/core/test_lazy_utils.py::TestLazyInitializer::test_is_initialized PASSED [ 23%]
tests/unit/core/test_lazy_utils.py::TestLazyInitializer::test_get_statistics PASSED [ 23%]
tests/unit/core/test_lazy_utils.py::TestLazyInitializer::test_initialize_nonexistent PASSED [ 23%]
tests/unit/core/test_lazy_utils.py::TestCachedProperty::test_cached_computation PASSED [ 23%]
tests/unit/core/test_lazy_utils.py::TestCachedProperty::test_cached_property_per_instance PASSED [ 23%]
tests/unit/core/test_lazy_utils.py::TestMemoryEfficiency::test_lazy_property_memory PASSED [ 23%]
tests/unit/core/test_lazy_utils.py::TestMemoryEfficiency::test_deferred_initialization_order PASSED [ 23%]
tests/unit/core/test_lazy_utils.py::TestLazyLoadingPerformance::test_startup_time_reduction PASSED [ 23%]
tests/unit/core/test_lazy_utils.py::TestLazyLoadingPerformance::test_lazy_import_performance PASSED [ 23%]
tests/unit/core/test_lru_cache.py::TestLRUCache::test_initialization PASSED [ 23%]
tests/unit/core/test_lru_cache.py::TestLRUCache::test_invalid_size PASSED [ 23%]
tests/unit/core/test_lru_cache.py::TestLRUCache::test_put_and_get PASSED [ 23%]
tests/unit/core/test_lru_cache.py::TestLRUCache::test_get_with_default PASSED [ 23%]
tests/unit/core/test_lru_cache.py::TestLRUCache::test_lru_eviction PASSED [ 24%]
tests/unit/core/test_lru_cache.py::TestLRUCache::test_lru_access_updates_order PASSED [ 24%]
tests/unit/core/test_lru_cache.py::TestLRUCache::test_put_updates_existing_key PASSED [ 24%]
tests/unit/core/test_lru_cache.py::TestLRUCache::test_delete PASSED      [ 24%]
tests/unit/core/test_lru_cache.py::TestLRUCache::test_clear PASSED       [ 24%]
tests/unit/core/test_lru_cache.py::TestLRUCache::test_contains PASSED    [ 24%]
tests/unit/core/test_lru_cache.py::TestLRUCache::test_bracket_notation PASSED [ 24%]
tests/unit/core/test_lru_cache.py::TestLRUCache::test_keys_values_items PASSED [ 24%]
tests/unit/core/test_lru_cache.py::TestLRUCache::test_get_stats PASSED   [ 24%]
tests/unit/core/test_lru_cache.py::TestLRUCache::test_eviction_count PASSED [ 24%]
tests/unit/core/test_lru_cache.py::TestLRUCache::test_resize PASSED      [ 24%]
tests/unit/core/test_lru_cache.py::TestLRUCache::test_resize_larger PASSED [ 24%]
tests/unit/core/test_lru_cache.py::TestLRUCache::test_resize_invalid PASSED [ 24%]
tests/unit/core/test_lru_cache.py::TestSizeAwareLRUCache::test_initialization PASSED [ 24%]
tests/unit/core/test_lru_cache.py::TestSizeAwareLRUCache::test_put_with_explicit_size PASSED [ 24%]
tests/unit/core/test_lru_cache.py::TestSizeAwareLRUCache::test_put_with_auto_size_string PASSED [ 24%]
tests/unit/core/test_lru_cache.py::TestSizeAwareLRUCache::test_eviction_by_total_size PASSED [ 24%]
tests/unit/core/test_lru_cache.py::TestSizeAwareLRUCache::test_eviction_by_count_and_size PASSED [ 24%]
tests/unit/core/test_lru_cache.py::TestSizeAwareLRUCache::test_delete_updates_size PASSED [ 25%]
tests/unit/core/test_lru_cache.py::TestSizeAwareLRUCache::test_clear_resets_size PASSED [ 25%]
tests/unit/core/test_lru_cache.py::TestSizeAwareLRUCache::test_get_stats_with_size PASSED [ 25%]
tests/unit/core/test_lru_cache.py::TestSizeAwareLRUCache::test_no_max_total_size PASSED [ 25%]
tests/unit/core/test_lru_cache.py::TestSizeAwareLRUCache::test_auto_size_bytes PASSED [ 25%]
tests/unit/core/test_lru_cache.py::TestSizeAwareLRUCache::test_auto_size_numeric_types PASSED [ 25%]
tests/unit/core/test_lru_cache.py::TestSizeAwareLRUCache::test_auto_size_fallback PASSED [ 25%]
tests/unit/core/test_lru_cache.py::TestSizeAwareLRUCache::test_auto_size_exception_fallback PASSED [ 25%]
tests/unit/core/test_lru_cache.py::TestSizeAwareLRUCache::test_put_updates_existing_key PASSED [ 25%]
tests/unit/core/test_lru_cache.py::TestSizeAwareLRUCache::test_put_single_item_larger_than_max PASSED [ 25%]
tests/unit/core/test_lru_cache.py::TestSizeAwareLRUCache::test_delete_nonexistent_key PASSED [ 25%]
tests/unit/core/test_memory_profiler.py::test_profiler_initialization PASSED [ 25%]
tests/unit/core/test_memory_profiler.py::test_profiler_start_stop PASSED [ 25%]
tests/unit/core/test_memory_profiler.py::test_profiler_start_twice_warning PASSED [ 25%]
tests/unit/core/test_memory_profiler.py::test_take_snapshot PASSED       [ 25%]
tests/unit/core/test_memory_profiler.py::test_take_snapshot_without_start PASSED [ 25%]
tests/unit/core/test_memory_profiler.py::test_multiple_snapshots PASSED  [ 25%]
tests/unit/core/test_memory_profiler.py::test_get_memory_usage PASSED    [ 25%]
tests/unit/core/test_memory_profiler.py::test_compare_snapshots PASSED   [ 26%]
tests/unit/core/test_memory_profiler.py::test_compare_snapshots_invalid_indices PASSED [ 26%]
tests/unit/core/test_memory_profiler.py::test_get_statistics_empty PASSED [ 26%]
tests/unit/core/test_memory_profiler.py::test_get_statistics_with_snapshots PASSED [ 26%]
tests/unit/core/test_memory_profiler.py::test_clear_snapshots PASSED     [ 26%]
tests/unit/core/test_memory_profiler.py::test_get_snapshot_count PASSED  [ 26%]
tests/unit/core/test_memory_profiler.py::test_get_latest_snapshot PASSED [ 26%]
tests/unit/core/test_memory_profiler.py::test_global_profiler PASSED     [ 26%]
tests/unit/core/test_memory_profiler.py::test_profile_memory_decorator PASSED [ 26%]
tests/unit/core/test_memory_profiler.py::test_profile_memory_decorator_auto_start PASSED [ 26%]
tests/unit/core/test_memory_profiler.py::test_memory_snapshot_str PASSED [ 26%]
tests/unit/core/test_memory_profiler.py::test_log_top_allocations PASSED [ 26%]
tests/unit/core/test_memory_profiler.py::test_log_top_allocations_without_start PASSED [ 26%]
tests/unit/core/test_memory_profiler.py::test_profiler_memory_growth_detection PASSED [ 26%]
tests/unit/core/test_memory_profiler.py::test_snapshot_top_allocations PASSED [ 26%]
tests/unit/core/test_memory_profiler.py::test_profiler_custom_top_n PASSED [ 26%]
tests/unit/core/test_memory_profiler.py::test_psutil_import_error_handling PASSED [ 26%]
tests/unit/core/test_memory_profiler.py::test_psutil_process_init_error PASSED [ 27%]
tests/unit/core/test_memory_profiler.py::test_main_cli_function PASSED   [ 27%]
tests/unit/core/test_memory_profiler.py::test_memory_snapshot_dataclass PASSED [ 27%]
tests/unit/core/test_memory_profiler.py::test_compare_snapshots_edge_cases PASSED [ 27%]
tests/unit/core/test_memory_profiler.py::test_get_memory_usage_without_psutil PASSED [ 27%]
tests/unit/core/test_memory_profiler.py::test_stop_when_not_running PASSED [ 27%]
tests/unit/core/test_memory_profiler.py::test_snapshot_without_description PASSED [ 27%]
tests/unit/core/test_memory_profiler.py::test_snapshot_with_no_traceback PASSED [ 27%]
tests/unit/core/test_memory_profiler.py::test_log_top_allocations_with_no_traceback PASSED [ 27%]
tests/unit/core/test_memory_profiler.py::test_get_memory_usage_exception PASSED [ 27%]
tests/unit/core/test_metrics.py::test_operation_metrics_record PASSED    [ 27%]
tests/unit/core/test_metrics.py::test_operation_metrics_percentiles PASSED [ 27%]
tests/unit/core/test_metrics.py::test_operation_metrics_stats PASSED     [ 27%]
tests/unit/core/test_metrics.py::test_cache_metrics PASSED               [ 27%]
tests/unit/core/test_metrics.py::test_cache_metrics_stats PASSED         [ 27%]
tests/unit/core/test_metrics.py::test_metrics_collector_record_operation PASSED [ 27%]
tests/unit/core/test_metrics.py::test_metrics_collector_record_cache PASSED [ 27%]
tests/unit/core/test_metrics.py::test_metrics_collector_statistics PASSED [ 27%]
tests/unit/core/test_metrics.py::test_metrics_collector_generate_report PASSED [ 28%]
tests/unit/core/test_metrics.py::test_metrics_collector_reset PASSED     [ 28%]
tests/unit/core/test_metrics.py::test_metrics_collector_enable_disable PASSED [ 28%]
tests/unit/core/test_metrics.py::test_get_metrics_collector_singleton PASSED [ 28%]
tests/unit/core/test_metrics.py::test_measure_time_decorator PASSED      [ 28%]
tests/unit/core/test_metrics.py::test_measure_time_decorator_multiple_calls PASSED [ 28%]
tests/unit/core/test_metrics.py::test_operation_metrics_empty PASSED     [ 28%]
tests/unit/core/test_metrics.py::test_cache_metrics_empty PASSED         [ 28%]
tests/unit/core/test_metrics.py::test_metrics_collector_nonexistent_operation PASSED [ 28%]
tests/unit/core/test_metrics.py::test_metrics_collector_nonexistent_cache PASSED [ 28%]
tests/unit/core/test_metrics.py::test_operation_metrics_max_buffer PASSED [ 28%]
tests/unit/core/test_models.py::TestGitResult::test_git_result_creation_success PASSED [ 28%]
tests/unit/core/test_models.py::TestGitResult::test_git_result_creation_failure PASSED [ 28%]
tests/unit/core/test_models.py::TestGitResult::test_git_result_none_exit_code PASSED [ 28%]
tests/unit/core/test_models.py::TestGitResult::test_git_result_is_pydantic_model PASSED [ 28%]
tests/unit/core/test_models.py::TestGitResult::test_git_result_attribute_access PASSED [ 28%]
tests/unit/core/test_models.py::TestGitResult::test_git_result_validation_empty_message PASSED [ 28%]
tests/unit/core/test_models.py::TestGitResult::test_git_result_validation_whitespace_stripped PASSED [ 28%]
tests/unit/core/test_models.py::TestGitResult::test_git_result_equality PASSED [ 29%]
tests/unit/core/test_models.py::TestGitResult::test_git_result_repr PASSED [ 29%]
tests/unit/core/test_models.py::TestGitResult::test_git_result_as_dict PASSED [ 29%]
tests/unit/core/test_models.py::TestGitResult::test_git_result_model_fields PASSED [ 29%]
tests/unit/core/test_models.py::TestGitResult::test_git_result_with_multiline_output PASSED [ 29%]
tests/unit/core/test_models.py::TestGitResult::test_git_result_with_empty_strings PASSED [ 29%]
tests/unit/core/test_models.py::TestGitResult::test_git_result_with_unicode PASSED [ 29%]
tests/unit/core/test_models.py::TestGitResult::test_git_result_type_annotations PASSED [ 29%]
tests/unit/core/test_models.py::TestGitResult::test_git_result_default_values PASSED [ 29%]
tests/unit/core/test_models.py::TestGitResult::test_git_result_json_serialization PASSED [ 29%]
tests/unit/core/test_models.py::TestGitHubResult::test_github_result_creation_success PASSED [ 29%]
tests/unit/core/test_models.py::TestGitHubResult::test_github_result_creation_failure PASSED [ 29%]
tests/unit/core/test_models.py::TestGitHubResult::test_github_result_validation_empty_message PASSED [ 29%]
tests/unit/core/test_models.py::TestGitHubResult::test_github_result_validation_invalid_operation PASSED [ 29%]
tests/unit/core/test_models.py::TestGitHubResult::test_github_result_valid_operations PASSED [ 29%]
tests/unit/core/test_models.py::TestGitHubResult::test_github_result_as_dict PASSED [ 29%]
tests/unit/core/test_property_based.py::TestFileOperationsProperties::test_atomic_save_text_never_corrupts PASSED [ 29%]
tests/unit/core/test_property_based.py::TestFileOperationsProperties::test_atomic_save_json_always_valid PASSED [ 29%]
tests/unit/core/test_property_based.py::TestFileOperationsProperties::test_sanitize_path_never_crashes PASSED [ 30%]
tests/unit/core/test_property_based.py::TestFileOperationsProperties::test_save_and_load_preserves_content PASSED [ 30%]
tests/unit/core/test_property_based.py::TestCacheProperties::test_cache_never_exceeds_max_size PASSED [ 30%]
tests/unit/core/test_property_based.py::TestCacheProperties::test_cache_get_after_put_returns_value PASSED [ 30%]
tests/unit/core/test_property_based.py::TestCacheProperties::test_cache_evicts_lru_when_full PASSED [ 30%]
tests/unit/core/test_property_based.py::TestDebouncerProperties::test_debouncer_delay_always_positive PASSED [ 30%]
tests/unit/core/test_property_based.py::TestDebouncerProperties::test_debouncer_larger_docs_longer_delay PASSED [ 30%]
tests/unit/core/test_property_based.py::TestTextProcessingProperties::test_text_never_causes_crash PASSED [ 30%]
tests/unit/core/test_property_based.py::TestTextProcessingProperties::test_split_and_join_identity PASSED [ 30%]
tests/unit/core/test_property_based.py::TestTextProcessingProperties::test_empty_vs_whitespace_detection PASSED [ 30%]
tests/unit/core/test_property_based.py::TestPathSecurityProperties::test_sanitize_blocks_directory_traversal PASSED [ 30%]
tests/unit/core/test_property_based.py::TestPathSecurityProperties::test_path_joining_preserves_safety PASSED [ 30%]
tests/unit/core/test_property_based.py::TestNumericProperties::test_threshold_comparison_consistent PASSED [ 30%]
tests/unit/core/test_property_based.py::TestNumericProperties::test_range_calculations_valid PASSED [ 30%]
tests/unit/core/test_property_based.py::TestListOperationsProperties::test_list_length_invariant PASSED [ 30%]
tests/unit/core/test_property_based.py::TestListOperationsProperties::test_safe_list_indexing PASSED [ 30%]
tests/unit/core/test_property_based.py::TestListOperationsProperties::test_membership_consistency PASSED [ 30%]
tests/unit/core/test_property_based.py::TestDictionaryProperties::test_dict_keys_values_length_match PASSED [ 30%]
tests/unit/core/test_property_based.py::TestDictionaryProperties::test_dict_update_preserves_keys PASSED [ 31%]
tests/unit/core/test_qt_async_file_manager.py::TestQtAsyncFileManager::test_manager_initialization PASSED [ 31%]
tests/unit/core/test_qt_async_file_manager.py::TestQtAsyncFileManager::test_read_file PASSED [ 31%]
tests/unit/core/test_qt_async_file_manager.py::TestQtAsyncFileManager::test_read_nonexistent_file PASSED [ 31%]
tests/unit/core/test_qt_async_file_manager.py::TestQtAsyncFileManager::test_write_file PASSED [ 31%]
tests/unit/core/test_qt_async_file_manager.py::TestQtAsyncFileManager::test_write_file_atomic PASSED [ 31%]
tests/unit/core/test_qt_async_file_manager.py::TestQtAsyncFileManager::test_read_json PASSED [ 31%]
tests/unit/core/test_qt_async_file_manager.py::TestQtAsyncFileManager::test_write_json PASSED [ 31%]
tests/unit/core/test_qt_async_file_manager.py::TestQtAsyncFileManager::test_copy_file PASSED [ 31%]
tests/unit/core/test_qt_async_file_manager.py::TestQtAsyncFileManager::test_watch_file PASSED [ 31%]
tests/unit/core/test_qt_async_file_manager.py::TestQtAsyncFileManager::test_stop_watching PASSED [ 31%]
tests/unit/core/test_qt_async_file_manager.py::TestQtAsyncFileManager::test_concurrent_operations PASSED [ 31%]
tests/unit/core/test_qt_async_file_manager.py::TestQtAsyncFileManager::test_has_running_operations PASSED [ 31%]
tests/unit/core/test_qt_async_file_manager.py::TestQtAsyncFileManager::test_cleanup PASSED [ 31%]
tests/unit/core/test_qt_async_file_manager.py::TestQtAsyncFileManager::test_large_file_handling PASSED [ 31%]
tests/unit/core/test_qt_async_file_manager.py::TestQtAsyncFileManager::test_encoding_handling PASSED [ 31%]
tests/unit/core/test_qt_async_file_manager.py::TestQtAsyncFileManager::test_signal_connections PASSED [ 31%]
tests/unit/core/test_qt_async_file_manager.py::TestQtAsyncFileManager::test_watch_replace_existing PASSED [ 31%]
tests/unit/core/test_resource_manager.py::TestResourceManager::test_singleton_instance PASSED [ 32%]
tests/unit/core/test_resource_manager.py::TestResourceManager::test_create_temp_file PASSED [ 32%]
tests/unit/core/test_resource_manager.py::TestResourceManager::test_create_temp_directory PASSED [ 32%]
tests/unit/core/test_resource_manager.py::TestResourceManager::test_register_temp_file PASSED [ 32%]
tests/unit/core/test_resource_manager.py::TestResourceManager::test_register_temp_directory PASSED [ 32%]
tests/unit/core/test_resource_manager.py::TestResourceManager::test_unregister_temp_file PASSED [ 32%]
tests/unit/core/test_resource_manager.py::TestResourceManager::test_cleanup_file PASSED [ 32%]
tests/unit/core/test_resource_manager.py::TestResourceManager::test_cleanup_directory PASSED [ 32%]
tests/unit/core/test_resource_manager.py::TestResourceManager::test_cleanup_all PASSED [ 32%]
tests/unit/core/test_resource_manager.py::TestResourceManager::test_get_statistics PASSED [ 32%]
tests/unit/core/test_resource_manager.py::TestResourceManager::test_cleanup_nonexistent_file PASSED [ 32%]
tests/unit/core/test_resource_manager.py::TestResourceManager::test_cleanup_all_idempotent PASSED [ 32%]
tests/unit/core/test_resource_manager.py::TestTempFileContext::test_temp_file_context PASSED [ 32%]
tests/unit/core/test_resource_manager.py::TestTempFileContext::test_temp_file_context_exception PASSED [ 32%]
tests/unit/core/test_resource_manager.py::TestTempDirectoryContext::test_temp_directory_context PASSED [ 32%]
tests/unit/core/test_resource_manager.py::TestTempDirectoryContext::test_temp_directory_context_exception PASSED [ 32%]
tests/unit/core/test_resource_monitor.py::TestResourceMetrics::test_resource_metrics_creation PASSED [ 32%]
tests/unit/core/test_resource_monitor.py::TestDocumentMetrics::test_document_metrics_small PASSED [ 32%]
tests/unit/core/test_resource_monitor.py::TestDocumentMetrics::test_document_metrics_large PASSED [ 33%]
tests/unit/core/test_resource_monitor.py::TestResourceMonitor::test_resource_monitor_creation PASSED [ 33%]
tests/unit/core/test_resource_monitor.py::TestResourceMonitor::test_thresholds_defined PASSED [ 33%]
tests/unit/core/test_resource_monitor.py::TestResourceMonitor::test_debounce_intervals_defined PASSED [ 33%]
tests/unit/core/test_resource_monitor.py::TestResourceMonitor::test_get_metrics_small_document PASSED [ 33%]
tests/unit/core/test_resource_monitor.py::TestResourceMonitor::test_get_metrics_without_psutil PASSED [ 33%]
tests/unit/core/test_resource_monitor.py::TestResourceMonitor::test_get_document_metrics_empty PASSED [ 33%]
tests/unit/core/test_resource_monitor.py::TestResourceMonitor::test_get_document_metrics_small PASSED [ 33%]
tests/unit/core/test_resource_monitor.py::TestResourceMonitor::test_get_document_metrics_large PASSED [ 33%]
tests/unit/core/test_resource_monitor.py::TestResourceMonitor::test_calculate_debounce_small_doc PASSED [ 33%]
tests/unit/core/test_resource_monitor.py::TestResourceMonitor::test_calculate_debounce_large_doc PASSED [ 33%]
tests/unit/core/test_resource_monitor.py::TestResourceMonitor::test_calculate_debounce_medium_doc PASSED [ 33%]
tests/unit/core/test_resource_monitor.py::TestResourceMonitor::test_multiline_document_line_count PASSED [ 33%]
tests/unit/core/test_resource_monitor.py::TestResourceMonitor::test_unicode_document_handling PASSED [ 33%]
tests/unit/core/test_resource_monitor.py::TestResourceMonitor::test_memory_metrics_accuracy PASSED [ 33%]
tests/unit/core/test_resource_monitor.py::TestResourceMonitor::test_consistent_metrics_for_same_document PASSED [ 33%]
tests/unit/core/test_resource_monitor.py::TestResourceMonitor::test_medium_document_debounce PASSED [ 33%]
tests/unit/core/test_resource_monitor.py::TestResourceMonitor::test_large_document_debounce_default PASSED [ 34%]
tests/unit/core/test_resource_monitor.py::TestResourceMonitor::test_is_available_when_available PASSED [ 34%]
tests/unit/core/test_resource_monitor.py::TestResourceMonitor::test_get_platform_info PASSED [ 34%]
tests/unit/core/test_resource_monitor.py::TestResourceMonitor::test_psutil_process_init_exception PASSED [ 34%]
tests/unit/core/test_resource_monitor.py::TestResourceMonitor::test_memory_usage_exception PASSED [ 34%]
tests/unit/core/test_resource_monitor.py::TestResourceMonitor::test_cpu_usage_exception PASSED [ 34%]
tests/unit/core/test_resource_monitor.py::TestResourceMonitor::test_psutil_import_error PASSED [ 34%]
tests/unit/core/test_search_engine.py::TestSearchMatch::test_search_match_creation PASSED [ 34%]
tests/unit/core/test_search_engine.py::TestSearchMatch::test_search_match_length PASSED [ 34%]
tests/unit/core/test_search_engine.py::TestSearchMatch::test_search_match_repr PASSED [ 34%]
tests/unit/core/test_search_engine.py::TestSearchEngine::test_initialization PASSED [ 34%]
tests/unit/core/test_search_engine.py::TestSearchEngine::test_set_text PASSED [ 34%]
tests/unit/core/test_search_engine.py::TestSearchEngine::test_find_all_case_sensitive PASSED [ 34%]
tests/unit/core/test_search_engine.py::TestSearchEngine::test_find_all_case_insensitive PASSED [ 34%]
tests/unit/core/test_search_engine.py::TestSearchEngine::test_find_all_whole_word PASSED [ 34%]
tests/unit/core/test_search_engine.py::TestSearchEngine::test_find_all_regex PASSED [ 34%]
tests/unit/core/test_search_engine.py::TestSearchEngine::test_find_all_empty_search_raises PASSED [ 34%]
tests/unit/core/test_search_engine.py::TestSearchEngine::test_find_all_invalid_regex_raises PASSED [ 34%]
tests/unit/core/test_search_engine.py::TestSearchEngine::test_find_all_multiline PASSED [ 35%]
tests/unit/core/test_search_engine.py::TestSearchEngine::test_find_all_no_matches PASSED [ 35%]
tests/unit/core/test_search_engine.py::TestSearchEngine::test_find_next_from_start PASSED [ 35%]
tests/unit/core/test_search_engine.py::TestSearchEngine::test_find_next_from_offset PASSED [ 35%]
tests/unit/core/test_search_engine.py::TestSearchEngine::test_find_next_wrap_around PASSED [ 35%]
tests/unit/core/test_search_engine.py::TestSearchEngine::test_find_next_no_wrap_around PASSED [ 35%]
tests/unit/core/test_search_engine.py::TestSearchEngine::test_find_next_no_match PASSED [ 35%]
tests/unit/core/test_search_engine.py::TestSearchEngine::test_find_previous_basic PASSED [ 35%]
tests/unit/core/test_search_engine.py::TestSearchEngine::test_find_previous_multiple PASSED [ 35%]
tests/unit/core/test_search_engine.py::TestSearchEngine::test_find_previous_wrap_around PASSED [ 35%]
tests/unit/core/test_search_engine.py::TestSearchEngine::test_find_previous_no_wrap PASSED [ 35%]
tests/unit/core/test_search_engine.py::TestSearchEngine::test_replace_all_basic PASSED [ 35%]
tests/unit/core/test_search_engine.py::TestSearchEngine::test_replace_all_case_sensitive PASSED [ 35%]
tests/unit/core/test_search_engine.py::TestSearchEngine::test_replace_all_whole_word PASSED [ 35%]
tests/unit/core/test_search_engine.py::TestSearchEngine::test_replace_all_regex PASSED [ 35%]
tests/unit/core/test_search_engine.py::TestSearchEngine::test_replace_all_regex_backreferences PASSED [ 35%]
tests/unit/core/test_search_engine.py::TestSearchEngine::test_replace_all_no_matches PASSED [ 35%]
tests/unit/core/test_search_engine.py::TestSearchEngine::test_replace_all_empty_search_raises PASSED [ 35%]
tests/unit/core/test_search_engine.py::TestSearchEngine::test_line_column_calculation PASSED [ 36%]
tests/unit/core/test_search_engine.py::TestSearchEngine::test_performance_large_document PASSED [ 36%]
tests/unit/core/test_search_engine.py::TestSearchEngine::test_special_characters_escaped PASSED [ 36%]
tests/unit/core/test_search_engine.py::TestSearchEngine::test_empty_text PASSED [ 36%]
tests/unit/core/test_secure_credentials.py::TestSecureCredentials::test_init_creates_credentials_manager PASSED [ 36%]
tests/unit/core/test_secure_credentials.py::TestSecureCredentials::test_is_available_returns_bool PASSED [ 36%]
tests/unit/core/test_secure_credentials.py::TestSecureCredentials::test_store_api_key_success PASSED [ 36%]
tests/unit/core/test_secure_credentials.py::TestSecureCredentials::test_store_api_key_strips_whitespace PASSED [ 36%]
tests/unit/core/test_secure_credentials.py::TestSecureCredentials::test_store_api_key_empty_fails PASSED [ 36%]
tests/unit/core/test_secure_credentials.py::TestSecureCredentials::test_store_api_key_whitespace_only_fails PASSED [ 36%]
tests/unit/core/test_secure_credentials.py::TestSecureCredentials::test_store_api_key_keyring_unavailable PASSED [ 36%]
tests/unit/core/test_secure_credentials.py::TestSecureCredentials::test_store_api_key_keyring_error PASSED [ 36%]
tests/unit/core/test_secure_credentials.py::TestSecureCredentials::test_get_api_key_success PASSED [ 36%]
tests/unit/core/test_secure_credentials.py::TestSecureCredentials::test_get_api_key_not_found PASSED [ 36%]
tests/unit/core/test_secure_credentials.py::TestSecureCredentials::test_get_api_key_keyring_unavailable PASSED [ 36%]
tests/unit/core/test_secure_credentials.py::TestSecureCredentials::test_get_api_key_keyring_error PASSED [ 36%]
tests/unit/core/test_secure_credentials.py::TestSecureCredentials::test_delete_api_key_success PASSED [ 36%]
tests/unit/core/test_secure_credentials.py::TestSecureCredentials::test_delete_api_key_keyring_unavailable PASSED [ 36%]
tests/unit/core/test_secure_credentials.py::TestSecureCredentials::test_delete_api_key_not_found PASSED [ 37%]
tests/unit/core/test_secure_credentials.py::TestSecureCredentials::test_has_api_key_exists PASSED [ 37%]
tests/unit/core/test_secure_credentials.py::TestSecureCredentials::test_has_api_key_not_exists PASSED [ 37%]
tests/unit/core/test_secure_credentials.py::TestSecureCredentials::test_has_api_key_empty_string PASSED [ 37%]
tests/unit/core/test_secure_credentials.py::TestSecureCredentials::test_has_api_key_keyring_unavailable PASSED [ 37%]
tests/unit/core/test_secure_credentials.py::TestAnthropicConvenienceMethods::test_store_anthropic_key PASSED [ 37%]
tests/unit/core/test_secure_credentials.py::TestAnthropicConvenienceMethods::test_get_anthropic_key PASSED [ 37%]
tests/unit/core/test_secure_credentials.py::TestAnthropicConvenienceMethods::test_delete_anthropic_key PASSED [ 37%]
tests/unit/core/test_secure_credentials.py::TestAnthropicConvenienceMethods::test_has_anthropic_key PASSED [ 37%]
tests/unit/core/test_secure_credentials.py::TestEdgeCases::test_unicode_in_api_key PASSED [ 37%]
tests/unit/core/test_secure_credentials.py::TestEdgeCases::test_very_long_api_key PASSED [ 37%]
tests/unit/core/test_secure_credentials.py::TestEdgeCases::test_special_characters_in_service_name PASSED [ 37%]
tests/unit/core/test_secure_credentials.py::TestEdgeCases::test_unexpected_exception_in_store PASSED [ 37%]
tests/unit/core/test_secure_credentials.py::TestEdgeCases::test_unexpected_exception_in_get PASSED [ 37%]
tests/unit/core/test_secure_credentials.py::TestEdgeCases::test_unexpected_exception_in_delete PASSED [ 37%]
tests/unit/core/test_secure_credentials.py::TestImportErrorHandling::test_keyring_unavailable_behavior_documented PASSED [ 37%]
tests/unit/core/test_secure_credentials.py::TestAuditLoggingFailure::test_audit_log_exception_handling PASSED [ 37%]
tests/unit/core/test_secure_credentials.py::TestAuditLoggingFailure::test_audit_log_getuser_exception PASSED [ 37%]
tests/unit/core/test_settings.py::TestSettings::test_settings_defaults PASSED [ 38%]
tests/unit/core/test_settings.py::TestSettings::test_settings_to_dict PASSED [ 38%]
tests/unit/core/test_settings.py::TestSettings::test_settings_from_dict PASSED [ 38%]
tests/unit/core/test_settings.py::TestSettings::test_settings_from_dict_filters_unknown_keys PASSED [ 38%]
tests/unit/core/test_settings.py::TestSettings::test_settings_roundtrip PASSED [ 38%]
tests/unit/core/test_spell_checker.py::TestSpellError::test_spell_error_creation PASSED [ 38%]
tests/unit/core/test_spell_checker.py::TestSpellError::test_spell_error_repr PASSED [ 38%]
tests/unit/core/test_spell_checker.py::TestSpellCheckerInitialization::test_default_language PASSED [ 38%]
tests/unit/core/test_spell_checker.py::TestSpellCheckerInitialization::test_custom_language PASSED [ 38%]
tests/unit/core/test_spell_checker.py::TestSpellCheckerInitialization::test_initialization_state PASSED [ 38%]
tests/unit/core/test_spell_checker.py::TestCheckWord::test_check_correct_word PASSED [ 38%]
tests/unit/core/test_spell_checker.py::TestCheckWord::test_check_misspelled_word PASSED [ 38%]
tests/unit/core/test_spell_checker.py::TestCheckWord::test_check_empty_word PASSED [ 38%]
tests/unit/core/test_spell_checker.py::TestCheckWord::test_check_word_case_insensitive PASSED [ 38%]
tests/unit/core/test_spell_checker.py::TestCheckWord::test_check_word_with_apostrophe PASSED [ 38%]
tests/unit/core/test_spell_checker.py::TestSuggestions::test_get_suggestions_for_misspelled_word PASSED [ 38%]
tests/unit/core/test_spell_checker.py::TestSuggestions::test_get_suggestions_max_limit PASSED [ 38%]
tests/unit/core/test_spell_checker.py::TestSuggestions::test_get_suggestions_empty_word PASSED [ 38%]
tests/unit/core/test_spell_checker.py::TestSuggestions::test_get_suggestions_for_nonsense PASSED [ 39%]
tests/unit/core/test_spell_checker.py::TestCustomDictionary::test_add_to_dictionary PASSED [ 39%]
tests/unit/core/test_spell_checker.py::TestCustomDictionary::test_add_to_dictionary_case_insensitive PASSED [ 39%]
tests/unit/core/test_spell_checker.py::TestCustomDictionary::test_get_custom_words PASSED [ 39%]
tests/unit/core/test_spell_checker.py::TestCustomDictionary::test_remove_from_dictionary PASSED [ 39%]
tests/unit/core/test_spell_checker.py::TestCustomDictionary::test_clear_custom_dictionary PASSED [ 39%]
tests/unit/core/test_spell_checker.py::TestIgnoredWords::test_ignore_word PASSED [ 39%]
tests/unit/core/test_spell_checker.py::TestIgnoredWords::test_ignored_word_not_in_custom_dictionary PASSED [ 39%]
tests/unit/core/test_spell_checker.py::TestIgnoredWords::test_clear_ignored_words PASSED [ 39%]
tests/unit/core/test_spell_checker.py::TestCheckText::test_check_text_no_errors PASSED [ 39%]
tests/unit/core/test_spell_checker.py::TestCheckText::test_check_text_with_errors PASSED [ 39%]
tests/unit/core/test_spell_checker.py::TestCheckText::test_check_text_error_positions PASSED [ 39%]
tests/unit/core/test_spell_checker.py::TestCheckText::test_check_text_multiline PASSED [ 39%]
tests/unit/core/test_spell_checker.py::TestCheckText::test_check_text_empty PASSED [ 39%]
tests/unit/core/test_spell_checker.py::TestCheckText::test_check_text_suggestions_included PASSED [ 39%]
tests/unit/core/test_spell_checker.py::TestLanguageSupport::test_set_language PASSED [ 39%]
tests/unit/core/test_spell_checker.py::TestLanguageSupport::test_language_affects_checking PASSED [ 39%]
tests/unit/core/test_spell_checker.py::TestEdgeCases::test_add_empty_word_to_dictionary PASSED [ 40%]
tests/unit/core/test_spell_checker.py::TestEdgeCases::test_ignore_empty_word PASSED [ 40%]
tests/unit/core/test_spell_checker.py::TestEdgeCases::test_remove_nonexistent_word PASSED [ 40%]
tests/unit/core/test_spell_checker.py::TestEdgeCases::test_text_with_only_punctuation PASSED [ 40%]
tests/unit/core/test_spell_checker.py::TestEdgeCases::test_text_with_numbers PASSED [ 40%]
tests/unit/core/test_telemetry_collector.py::TestTelemetryEvent::test_event_creation PASSED [ 40%]
tests/unit/core/test_telemetry_collector.py::TestTelemetryEvent::test_event_to_dict PASSED [ 40%]
tests/unit/core/test_telemetry_collector.py::TestTelemetryEvent::test_event_default_data PASSED [ 40%]
tests/unit/core/test_telemetry_collector.py::TestTelemetryCollectorInitialization::test_initialization_disabled_by_default PASSED [ 40%]
tests/unit/core/test_telemetry_collector.py::TestTelemetryCollectorInitialization::test_initialization_enabled PASSED [ 40%]
tests/unit/core/test_telemetry_collector.py::TestTelemetryCollectorInitialization::test_initialization_generates_session_id PASSED [ 40%]
tests/unit/core/test_telemetry_collector.py::TestTelemetryCollectorInitialization::test_initialization_uses_provided_session_id PASSED [ 40%]
tests/unit/core/test_telemetry_collector.py::TestTelemetryCollectorInitialization::test_initialization_creates_data_directory PASSED [ 40%]
tests/unit/core/test_telemetry_collector.py::TestTelemetryCollectorInitialization::test_initialization_sets_telemetry_file_path PASSED [ 40%]
tests/unit/core/test_telemetry_collector.py::TestTelemetryCollectorInitialization::test_initialization_sets_session_start_time PASSED [ 40%]
tests/unit/core/test_telemetry_collector.py::TestTelemetryCollectorInitialization::test_initialization_default_data_dir_linux PASSED [ 40%]
tests/unit/core/test_telemetry_collector.py::TestEventTracking::test_track_event_when_disabled PASSED [ 40%]
tests/unit/core/test_telemetry_collector.py::TestEventTracking::test_track_event_when_enabled PASSED [ 40%]
tests/unit/core/test_telemetry_collector.py::TestEventTracking::test_track_event_with_no_data PASSED [ 41%]
tests/unit/core/test_telemetry_collector.py::TestEventTracking::test_track_event_creates_timestamp PASSED [ 41%]
tests/unit/core/test_telemetry_collector.py::TestEventTracking::test_track_event_includes_session_id PASSED [ 41%]
tests/unit/core/test_telemetry_collector.py::TestEventTracking::test_track_event_sanitizes_data PASSED [ 41%]
tests/unit/core/test_telemetry_collector.py::TestEventTracking::test_track_error_when_disabled PASSED [ 41%]
tests/unit/core/test_telemetry_collector.py::TestEventTracking::test_track_error_when_enabled PASSED [ 41%]
tests/unit/core/test_telemetry_collector.py::TestEventTracking::test_track_performance_when_disabled PASSED [ 41%]
tests/unit/core/test_telemetry_collector.py::TestEventTracking::test_track_performance_when_enabled PASSED [ 41%]
tests/unit/core/test_telemetry_collector.py::TestEventTracking::test_track_performance_custom_unit PASSED [ 41%]
tests/unit/core/test_telemetry_collector.py::TestEventTracking::test_track_startup_when_disabled PASSED [ 41%]
tests/unit/core/test_telemetry_collector.py::TestEventTracking::test_track_startup_when_enabled PASSED [ 41%]
tests/unit/core/test_telemetry_collector.py::TestEventBufferFlush::test_flush_when_disabled PASSED [ 41%]
tests/unit/core/test_telemetry_collector.py::TestEventBufferFlush::test_flush_writes_events_to_file PASSED [ 41%]
tests/unit/core/test_telemetry_collector.py::TestEventBufferFlush::test_flush_clears_buffer PASSED [ 41%]
tests/unit/core/test_telemetry_collector.py::TestEventBufferFlush::test_flush_appends_to_existing_file PASSED [ 41%]
tests/unit/core/test_telemetry_collector.py::TestEventBufferFlush::test_flush_auto_triggers_at_buffer_size PASSED [ 41%]
tests/unit/core/test_telemetry_collector.py::TestEventBufferFlush::test_flush_with_empty_buffer PASSED [ 41%]
tests/unit/core/test_telemetry_collector.py::TestPrivacySanitization::test_sanitize_data_preserves_basic_types PASSED [ 41%]
tests/unit/core/test_telemetry_collector.py::TestPrivacySanitization::test_sanitize_data_redacts_file_paths PASSED [ 42%]
tests/unit/core/test_telemetry_collector.py::TestPrivacySanitization::test_sanitize_data_redacts_windows_paths PASSED [ 42%]
tests/unit/core/test_telemetry_collector.py::TestPrivacySanitization::test_sanitize_data_redacts_email_addresses PASSED [ 42%]
tests/unit/core/test_telemetry_collector.py::TestPrivacySanitization::test_sanitize_data_recursively_sanitizes_nested_dicts PASSED [ 42%]
tests/unit/core/test_telemetry_collector.py::TestPrivacySanitization::test_sanitize_data_skips_complex_types PASSED [ 42%]
tests/unit/core/test_telemetry_collector.py::TestPrivacySanitization::test_sanitize_message_limits_length PASSED [ 42%]
tests/unit/core/test_telemetry_collector.py::TestPrivacySanitization::test_sanitize_message_redacts_paths PASSED [ 42%]
tests/unit/core/test_telemetry_collector.py::TestPrivacySanitization::test_sanitize_message_redacts_emails PASSED [ 42%]
tests/unit/core/test_telemetry_collector.py::TestFileRotation::test_rotate_events_keeps_recent_events PASSED [ 42%]
tests/unit/core/test_telemetry_collector.py::TestFileRotation::test_rotate_events_removes_old_events PASSED [ 42%]
tests/unit/core/test_telemetry_collector.py::TestFileRotation::test_rotate_events_skips_malformed_events PASSED [ 42%]
tests/unit/core/test_telemetry_collector.py::TestFileRotation::test_get_file_size_returns_zero_for_nonexistent_file PASSED [ 42%]
tests/unit/core/test_telemetry_collector.py::TestFileRotation::test_get_file_size_returns_actual_size PASSED [ 42%]
tests/unit/core/test_telemetry_collector.py::TestStatistics::test_get_statistics_returns_totals PASSED [ 42%]
tests/unit/core/test_telemetry_collector.py::TestStatistics::test_get_statistics_returns_event_counts_by_type PASSED [ 42%]
tests/unit/core/test_telemetry_collector.py::TestStatistics::test_get_statistics_includes_session_id PASSED [ 42%]
tests/unit/core/test_telemetry_collector.py::TestStatistics::test_get_statistics_includes_enabled_state PASSED [ 42%]
[...]
tests/unit/ui/test_git_status_dialog.py::TestGitStatusDialogInitialization::test_has_branch_label PASSED [ 63%]
tests/unit/ui/test_git_status_dialog.py::TestGitStatusDialogInitialization::test_has_tab_widget PASSED [ 63%]
tests/unit/ui/test_git_status_dialog.py::TestGitStatusDialogInitialization::test_has_modified_tab PASSED [ 63%]
tests/unit/ui/test_git_status_dialog.py::TestGitStatusDialogInitialization::test_has_staged_tab PASSED [ 63%]
tests/unit/ui/test_git_status_dialog.py::TestGitStatusDialogInitialization::test_has_untracked_tab PASSED [ 63%]
tests/unit/ui/test_git_status_dialog.py::TestGitStatusDialogInitialization::test_has_refresh_button PASSED [ 64%]
tests/unit/ui/test_git_status_dialog.py::TestGitStatusDialogInitialization::test_has_close_button PASSED [ 64%]
tests/unit/ui/test_git_status_dialog.py::TestGitStatusDialogPopulation::test_populate_empty_status PASSED [ 64%]
tests/unit/ui/test_git_status_dialog.py::TestGitStatusDialogPopulation::test_populate_modified_files PASSED [ 64%]
tests/unit/ui/test_git_status_dialog.py::TestGitStatusDialogPopulation::test_populate_staged_files PASSED [ 64%]
tests/unit/ui/test_git_status_dialog.py::TestGitStatusDialogPopulation::test_populate_untracked_files PASSED [ 64%]
tests/unit/ui/test_git_status_dialog.py::TestGitStatusDialogPopulation::test_populate_all_categories PASSED [ 64%]
tests/unit/ui/test_git_status_dialog.py::TestGitStatusDialogPopulation::test_repopulate_clears_old_data PASSED [ 64%]
tests/unit/ui/test_git_status_dialog.py::TestGitStatusDialogSignals::test_refresh_button_emits_signal PASSED [ 64%]
tests/unit/ui/test_git_status_dialog.py::TestGitStatusDialogSignals::test_close_button_closes_dialog PASSED [ 64%]
tests/unit/ui/test_git_status_dialog.py::TestGitStatusDialogTabSwitching::test_switch_to_staged_tab PASSED [ 64%]
tests/unit/ui/test_git_status_dialog.py::TestGitStatusDialogTabSwitching::test_switch_to_untracked_tab PASSED [ 64%]
tests/unit/ui/test_git_status_dialog.py::TestGitStatusDialogTabSwitching::test_default_tab_is_modified PASSED [ 64%]
tests/unit/ui/test_git_status_dialog.py::TestGitStatusDialogTableFormat::test_modified_table_has_three_columns PASSED [ 64%]
tests/unit/ui/test_git_status_dialog.py::TestGitStatusDialogTableFormat::test_staged_table_has_three_columns PASSED [ 64%]
tests/unit/ui/test_git_status_dialog.py::TestGitStatusDialogTableFormat::test_untracked_table_has_three_columns PASSED [ 64%]
tests/unit/ui/test_git_status_dialog.py::TestGitStatusDialogTableFormat::test_tables_have_no_edit_triggers PASSED [ 64%]
tests/unit/ui/test_github_dialogs.py::TestCreatePullRequestDialog::test_dialog_initialization PASSED [ 64%]
tests/unit/ui/test_github_dialogs.py::TestCreatePullRequestDialog::test_dialog_has_required_fields PASSED [ 65%]
tests/unit/ui/test_github_dialogs.py::TestCreatePullRequestDialog::test_dialog_validation[-main-feature-branch-False-empty_title] PASSED [ 65%]
tests/unit/ui/test_github_dialogs.py::TestCreatePullRequestDialog::test_dialog_validation[Test PR Title-main-feature-branch-True-valid_input] PASSED [ 65%]
tests/unit/ui/test_github_dialogs.py::TestCreatePullRequestDialog::test_dialog_get_pr_data PASSED [ 65%]
tests/unit/ui/test_github_dialogs.py::TestCreatePullRequestDialog::test_dialog_base_not_equal_head PASSED [ 65%]
tests/unit/ui/test_github_dialogs.py::TestCreatePullRequestDialog::test_dialog_cancel_button PASSED [ 65%]
tests/unit/ui/test_github_dialogs.py::TestPullRequestListDialog::test_dialog_initialization PASSED [ 65%]
tests/unit/ui/test_github_dialogs.py::TestPullRequestListDialog::test_dialog_has_table_widget PASSED [ 65%]
tests/unit/ui/test_github_dialogs.py::TestPullRequestListDialog::test_dialog_set_pr_data PASSED [ 65%]
tests/unit/ui/test_github_dialogs.py::TestPullRequestListDialog::test_dialog_state_filter PASSED [ 65%]
tests/unit/ui/test_github_dialogs.py::TestPullRequestListDialog::test_dialog_refresh_button PASSED [ 65%]
tests/unit/ui/test_github_dialogs.py::TestPullRequestListDialog::test_dialog_empty_state PASSED [ 65%]
tests/unit/ui/test_github_dialogs.py::TestCreateIssueDialog::test_dialog_initialization PASSED [ 65%]
tests/unit/ui/test_github_dialogs.py::TestCreateIssueDialog::test_dialog_has_required_fields PASSED [ 65%]
tests/unit/ui/test_github_dialogs.py::TestCreateIssueDialog::test_dialog_validation[-False-empty_title] PASSED [ 65%]
tests/unit/ui/test_github_dialogs.py::TestCreateIssueDialog::test_dialog_validation[Test Issue Title-True-valid_input] PASSED [ 65%]
tests/unit/ui/test_github_dialogs.py::TestCreateIssueDialog::test_dialog_get_issue_data PASSED [ 65%]
tests/unit/ui/test_github_dialogs.py::TestCreateIssueDialog::test_dialog_optional_fields PASSED [ 65%]
tests/unit/ui/test_github_dialogs.py::TestCreateIssueDialog::test_dialog_cancel_button PASSED [ 66%]
tests/unit/ui/test_github_dialogs.py::TestIssueListDialog::test_dialog_initialization PASSED [ 66%]
tests/unit/ui/test_github_dialogs.py::TestIssueListDialog::test_dialog_has_table_widget PASSED [ 66%]
tests/unit/ui/test_github_dialogs.py::TestIssueListDialog::test_dialog_set_issue_data PASSED [ 66%]
tests/unit/ui/test_github_dialogs.py::TestIssueListDialog::test_dialog_state_filter PASSED [ 66%]
tests/unit/ui/test_github_dialogs.py::TestIssueListDialog::test_dialog_refresh_button PASSED [ 66%]
tests/unit/ui/test_github_dialogs.py::TestIssueListDialog::test_dialog_empty_state PASSED [ 66%]
tests/unit/ui/test_github_dialogs.py::TestDialogIntegration::test_all_dialogs_import PASSED [ 66%]
tests/unit/ui/test_github_dialogs.py::TestDialogIntegration::test_all_dialogs_instantiate PASSED [ 66%]
tests/unit/ui/test_github_handler.py::TestGitHubHandlerInitialization::test_handler_initialization PASSED [ 66%]
tests/unit/ui/test_github_handler.py::TestGitHubHandlerInitialization::test_handler_has_worker PASSED [ 66%]
tests/unit/ui/test_github_handler.py::TestGitHubHandlerInitialization::test_handler_initial_state PASSED [ 66%]
tests/unit/ui/test_github_handler.py::TestGitHubHandlerInitialization::test_handler_has_required_attributes PASSED [ 66%]
tests/unit/ui/test_github_handler.py::TestGitHubHandlerReentrancy::test_reentrancy_guard_prevents_concurrent_operations PASSED [ 66%]
tests/unit/ui/test_github_handler.py::TestGitHubHandlerReentrancy::test_reentrancy_guard_allows_sequential_operations PASSED [ 66%]
tests/unit/ui/test_github_handler.py::TestGitHubHandlerReentrancy::test_processing_flag_reset_after_operation PASSED [ 66%]
tests/unit/ui/test_github_handler.py::TestGitHubHandlerPullRequests::test_create_pull_request_opens_dialog PASSED [ 66%]
tests/unit/ui/test_github_handler.py::TestGitHubHandlerPullRequests::test_create_pull_request_validates_data PASSED [ 67%]
tests/unit/ui/test_github_handler.py::TestGitHubHandlerPullRequests::test_create_pull_request_requires_repo PASSED [ 67%]
tests/unit/ui/test_github_handler.py::TestGitHubHandlerPullRequests::test_list_pull_requests_opens_dialog PASSED [ 67%]
tests/unit/ui/test_github_handler.py::TestGitHubHandlerPullRequests::test_list_pull_requests_triggers_worker PASSED [ 67%]
tests/unit/ui/test_github_handler.py::TestGitHubHandlerIssues::test_create_issue_opens_dialog PASSED [ 67%]
tests/unit/ui/test_github_handler.py::TestGitHubHandlerIssues::test_create_issue_validates_data PASSED [ 67%]
tests/unit/ui/test_github_handler.py::TestGitHubHandlerIssues::test_list_issues_opens_dialog PASSED [ 67%]
tests/unit/ui/test_github_handler.py::TestGitHubHandlerIssues::test_list_issues_triggers_worker PASSED [ 67%]
tests/unit/ui/test_github_handler.py::TestGitHubHandlerRepository::test_show_repo_info_triggers_worker PASSED [ 67%]
tests/unit/ui/test_github_handler.py::TestGitHubHandlerRepository::test_show_repo_info_logs_data PASSED [ 67%]
tests/unit/ui/test_github_handler.py::TestGitHubHandlerErrorHandling::test_handle_authentication_error PASSED [ 67%]
tests/unit/ui/test_github_handler.py::TestGitHubHandlerErrorHandling::test_handle_no_remote_error PASSED [ 67%]
tests/unit/ui/test_github_handler.py::TestGitHubHandlerErrorHandling::test_handle_timeout_error PASSED [ 67%]
tests/unit/ui/test_github_handler.py::TestGitHubHandlerErrorHandling::test_handle_success_result PASSED [ 67%]
tests/unit/ui/test_github_handler.py::TestGitHubHandlerSignalSlots::test_worker_signals_connected PASSED [ 67%]
tests/unit/ui/test_github_handler.py::TestGitHubHandlerSignalSlots::test_result_signal_triggers_handler PASSED [ 67%]
tests/unit/ui/test_github_handler.py::TestGitHubHandlerStateManagement::test_last_operation_tracked PASSED [ 67%]
tests/unit/ui/test_github_handler.py::TestGitHubHandlerStateManagement::test_state_reset_on_error PASSED [ 67%]
tests/unit/ui/test_github_handler.py::TestGitHubHandlerIntegration::test_complete_pr_creation_workflow PASSED [ 68%]
tests/unit/ui/test_github_handler.py::TestGitHubHandlerIntegration::test_complete_issue_creation_workflow PASSED [ 68%]
tests/unit/ui/test_github_handler.py::TestGitHubHandlerCleanup::test_handler_cleanup_stops_worker PASSED [ 68%]
tests/unit/ui/test_github_handler.py::TestGitHubHandlerCleanup::test_handler_can_be_deleted PASSED [ 68%]
tests/unit/ui/test_installation_validator_dialog.py::TestValidationWorker::test_worker_init_validate PASSED [ 68%]
tests/unit/ui/test_installation_validator_dialog.py::TestValidationWorker::test_worker_init_update PASSED [ 68%]
tests/unit/ui/test_installation_validator_dialog.py::TestValidationWorker::test_check_python_package_installed PASSED [ 68%]
tests/unit/ui/test_installation_validator_dialog.py::TestValidationWorker::test_check_python_package_not_installed FAILED [ 68%]
tests/unit/ui/test_installation_validator_dialog.py::TestValidationWorker::test_check_system_binary_installed PASSED [ 68%]
tests/unit/ui/test_installation_validator_dialog.py::TestValidationWorker::test_check_system_binary_not_installed PASSED [ 68%]
tests/unit/ui/test_installation_validator_dialog.py::TestValidationWorker::test_check_system_binary_optional_not_installed PASSED [ 68%]
tests/unit/ui/test_installation_validator_dialog.py::TestValidationWorker::test_version_compare_equal PASSED [ 68%]
tests/unit/ui/test_installation_validator_dialog.py::TestValidationWorker::test_version_compare_greater PASSED [ 68%]
tests/unit/ui/test_installation_validator_dialog.py::TestValidationWorker::test_version_compare_less PASSED [ 68%]
tests/unit/ui/test_installation_validator_dialog.py::TestValidationWorker::test_version_compare_invalid FAILED [ 68%]
tests/unit/ui/test_installation_validator_dialog.py::TestInstallationValidatorDialog::test_dialog_creation PASSED [ 68%]
tests/unit/ui/test_installation_validator_dialog.py::TestInstallationValidatorDialog::test_dialog_ui_elements PASSED [ 68%]
tests/unit/ui/test_installation_validator_dialog.py::TestInstallationValidatorDialog::test_validate_button_click FAILED [ 68%]
tests/unit/ui/test_installation_validator_dialog.py::TestInstallationValidatorDialog::test_update_button_click PASSED [ 69%]
tests/unit/ui/test_installation_validator_dialog.py::TestInstallationValidatorDialog::test_close_button_click PASSED [ 69%]
tests/unit/ui/test_installation_validator_dialog.py::TestInstallationValidatorDialog::test_show_validation_results PASSED [ 69%]
tests/unit/ui/test_installation_validator_dialog.py::TestInstallationValidatorDialog::test_show_update_progress PASSED [ 69%]
tests/unit/ui/test_installation_validator_dialog.py::TestInstallationValidatorDialog::test_show_update_complete_success PASSED [ 69%]
tests/unit/ui/test_installation_validator_dialog.py::TestInstallationValidatorDialog::test_show_update_complete_failure PASSED [ 69%]
tests/unit/ui/test_installation_validator_dialog.py::TestInstallationValidatorDialog::test_start_validation_disables_buttons FAILED [ 69%]
tests/unit/ui/test_installation_validator_dialog.py::TestInstallationValidatorDialog::test_validation_finished_enables_buttons PASSED [ 69%]
tests/unit/ui/test_installation_validator_dialog.py::TestInstallationValidatorDialog::test_start_update_shows_confirmation PASSED [ 69%]
tests/unit/ui/test_installation_validator_dialog.py::TestInstallationValidatorDialog::test_start_update_confirmed FAILED [ 69%]
tests/unit/ui/test_installation_validator_dialog.py::TestInstallationValidatorDialog::test_update_finished_enables_buttons PASSED [ 69%]
tests/unit/ui/test_installation_validator_dialog.py::TestInstallationValidatorDialog::test_worker_not_started_if_already_running PASSED [ 69%]
tests/unit/ui/test_installation_validator_dialog.py::TestValidationWorkerRun::test_validate_installation_python_version PASSED [ 69%]
tests/unit/ui/test_installation_validator_dialog.py::TestValidationWorkerRun::test_validate_installation_checks_packages PASSED [ 69%]
tests/unit/ui/test_installation_validator_dialog.py::TestValidationWorkerRun::test_update_dependencies_missing_requirements PASSED [ 69%]
tests/unit/ui/test_installation_validator_dialog.py::TestInstallationValidatorIntegration::test_full_validation_flow FAILED [ 69%]
tests/unit/ui/test_installation_validator_dialog.py::TestInstallationValidatorIntegration::test_validation_result_display_flow PASSED [ 69%]
tests/unit/ui/test_line_number_area.py::TestLineNumberArea::test_initialization PASSED [ 69%]
tests/unit/ui/test_line_number_area.py::TestLineNumberArea::test_size_hint PASSED [ 70%]
tests/unit/ui/test_line_number_area.py::TestLineNumberArea::test_paint_event_delegates_to_editor PASSED [ 70%]
tests/unit/ui/test_line_number_area.py::TestLineNumberMixin::test_setup_line_numbers PASSED [ 70%]
tests/unit/ui/test_line_number_area.py::TestLineNumberMixin::test_line_number_area_width_single_digit PASSED [ 70%]
tests/unit/ui/test_line_number_area.py::TestLineNumberMixin::test_line_number_area_width_double_digit PASSED [ 70%]
tests/unit/ui/test_line_number_area.py::TestLineNumberMixin::test_line_number_area_width_triple_digit PASSED [ 70%]
tests/unit/ui/test_line_number_area.py::TestLineNumberMixin::test_update_line_number_area_width PASSED [ 70%]
tests/unit/ui/test_line_number_area.py::TestLineNumberMixin::test_update_line_number_area_with_scroll PASSED [ 70%]
tests/unit/ui/test_line_number_area.py::TestLineNumberMixin::test_update_line_number_area_without_scroll PASSED [ 70%]
tests/unit/ui/test_line_number_area.py::TestLineNumberMixin::test_resize_event_repositions_area PASSED [ 70%]
tests/unit/ui/test_line_number_area.py::TestLineNumberMixin::test_paint_event_dark_mode PASSED [ 70%]
tests/unit/ui/test_line_number_area.py::TestLineNumberMixin::test_paint_event_light_mode PASSED [ 70%]
tests/unit/ui/test_line_number_area.py::TestLineNumberPlainTextEdit::test_initialization PASSED [ 70%]
tests/unit/ui/test_line_number_area.py::TestLineNumberPlainTextEdit::test_initialization_with_parent PASSED [ 70%]
tests/unit/ui/test_line_number_area.py::TestLineNumberPlainTextEdit::test_context_menu_with_spell_checker PASSED [ 70%]
tests/unit/ui/test_line_number_area.py::TestLineNumberPlainTextEdit::test_context_menu_without_spell_checker PASSED [ 70%]
tests/unit/ui/test_line_number_area.py::TestLineNumberPlainTextEdit::test_line_numbers_update_with_text PASSED [ 70%]
tests/unit/ui/test_line_number_area.py::TestLineNumberPlainTextEdit::test_line_numbers_visible PASSED [ 70%]
tests/unit/ui/test_line_number_area.py::TestLineNumberPlainTextEdit::test_viewport_margins_set PASSED [ 71%]
tests/unit/ui/test_line_number_area.py::TestLineNumberPlainTextEdit::test_line_number_area_geometry PASSED [ 71%]
tests/unit/ui/test_line_numbers.py::test_line_number_widget_creation PASSED [ 71%]
tests/unit/ui/test_line_numbers.py::test_line_number_area_width PASSED   [ 71%]
tests/unit/ui/test_line_numbers.py::test_line_numbers_with_text PASSED   [ 71%]
tests/unit/ui/test_line_numbers.py::test_line_numbers_with_many_lines PASSED [ 71%]
tests/unit/ui/test_line_numbers.py::test_line_number_area_paint PASSED   [ 71%]
tests/unit/ui/test_line_numbers.py::test_viewport_margins PASSED         [ 71%]
tests/unit/ui/test_line_numbers.py::test_line_number_updates_on_text_change PASSED [ 71%]
tests/unit/ui/test_main_window.py::TestMainWindow::test_import PASSED    [ 71%]
tests/unit/ui/test_main_window.py::TestMainWindow::test_creation PASSED  [ 71%]
tests/unit/ui/test_main_window.py::TestMainWindow::test_has_editor_and_preview PASSED [ 71%]
tests/unit/ui/test_main_window.py::TestMainWindow::test_has_workers PASSED [ 71%]
tests/unit/ui/test_main_window.py::TestMainWindow::test_has_managers PASSED [ 71%]
tests/unit/ui/test_main_window.py::TestMainWindow::test_window_geometry PASSED [ 71%]
tests/unit/ui/test_pandoc_result_handler.py::TestPandocResultHandler::test_import PASSED [ 71%]
tests/unit/ui/test_pandoc_result_handler.py::TestPandocResultHandler::test_creation PASSED [ 71%]
tests/unit/ui/test_pandoc_result_handler.py::TestPandocResultHandler::test_has_result_handling_methods PASSED [ 71%]
tests/unit/ui/test_pane_maximization.py::TestPaneMaximization::test_initial_state PASSED [ 72%]
tests/unit/ui/test_pane_maximization.py::TestPaneMaximization::test_maximize_editor PASSED [ 72%]
tests/unit/ui/test_pane_maximization.py::TestPaneMaximization::test_maximize_preview PASSED [ 72%]
tests/unit/ui/test_pane_maximization.py::TestPaneMaximization::test_restore_panes PASSED [ 72%]
tests/unit/ui/test_pane_maximization.py::TestPaneMaximization::test_toggle_maximize_from_normal PASSED [ 72%]
tests/unit/ui/test_pane_maximization.py::TestPaneMaximization::test_toggle_maximize_from_maximized PASSED [ 72%]
tests/unit/ui/test_pane_maximization.py::TestPaneMaximization::test_switch_maximized_pane PASSED [ 72%]
tests/unit/ui/test_pane_maximization.py::TestPaneMaximization::test_saved_sizes_persist PASSED [ 72%]
tests/unit/ui/test_pane_maximization.py::TestPaneMaximizationEdgeCases::test_maximize_with_zero_width PASSED [ 72%]
tests/unit/ui/test_pane_maximization.py::TestPaneMaximizationEdgeCases::test_restore_without_maximize PASSED [ 72%]
tests/unit/ui/test_pane_maximization.py::TestPaneMaximizationEdgeCases::test_multiple_maximize_same_pane PASSED [ 72%]
tests/unit/ui/test_pane_maximization.py::TestPaneMaximizationEdgeCases::test_button_states_after_maximize PASSED [ 72%]
tests/unit/ui/test_pane_maximization.py::TestPaneMaximizationEdgeCases::test_button_states_after_restore PASSED [ 72%]
tests/unit/ui/test_pane_maximization.py::TestPaneMaximizationStateManagement::test_state_cleared_on_restore PASSED [ 72%]
tests/unit/ui/test_pane_maximization.py::TestPaneMaximizationStateManagement::test_saved_sizes_not_lost_on_switch PASSED [ 72%]
tests/unit/ui/test_pane_maximization.py::TestPaneMaximizationStateManagement::test_status_messages PASSED [ 72%]
tests/unit/ui/test_pane_maximization.py::TestPaneMaximizationIntegration::test_complete_workflow PASSED [ 72%]
tests/unit/ui/test_pane_maximization.py::TestPaneMaximizationIntegration::test_rapid_toggle PASSED [ 72%]
tests/unit/ui/test_pane_maximization.py::TestPaneMaximizationIntegration::test_window_resize_with_maximized_pane PASSED [ 73%]
tests/unit/ui/test_pane_maximization.py::TestFR044AcceptanceCriteria::test_maximize_editor_pane_acceptance PASSED [ 73%]
tests/unit/ui/test_pane_maximization.py::TestFR044AcceptanceCriteria::test_maximize_preview_pane_acceptance PASSED [ 73%]
tests/unit/ui/test_pane_maximization.py::TestFR044AcceptanceCriteria::test_restore_from_maximized_acceptance PASSED [ 73%]
tests/unit/ui/test_pane_maximization.py::TestFR044AcceptanceCriteria::test_state_persistence_acceptance PASSED [ 73%]
tests/unit/ui/test_preview_handler.py::TestPreviewHandler::test_import PASSED [ 73%]
tests/unit/ui/test_preview_handler.py::TestPreviewHandler::test_creation PASSED [ 73%]
tests/unit/ui/test_preview_handler.py::TestPreviewHandler::test_clear_preview PASSED [ 73%]
tests/unit/ui/test_preview_handler.py::TestPreviewHandler::test_is_qobject PASSED [ 73%]
tests/unit/ui/test_preview_handler_base.py::test_handler_initialization PASSED [ 73%]
tests/unit/ui/test_preview_handler_base.py::test_text_changed_triggers_debounced_update PASSED [ 73%]
tests/unit/ui/test_preview_handler_base.py::test_text_changed_adapts_to_document_size 